[Licensing::Module] Trying to connect to existing licensing client channel...
Built from '6000.2/staging' branch; Version is '6000.2.6f1 (cc51a95c0300) revision 13390249'; Using compiler version '194234433'; Build Type 'Release'
[Licensing::IpcConnector] Channel LicenseClient-User doesn't exist
OS: 'Windows 11  (10.0.26100) 64bit ProfessionalWorkstation' Language: 'ja' Physical Memory: 130987 MB
BatchMode: 1, IsHumanControllingUs: 0, StartBugReporterOnCrash: 0, Is64bit: 1
Date: 2025-10-02T14:15:17Z
[Licensing::Module] Successfully launched the LicensingClient (PId: 10940)

COMMAND LINE ARGUMENTS:
C:\Program Files\Unity\Hub\Editor\6000.2.6f1\Editor\Unity.exe
-quit
-batchmode
-nographics
-projectPath
C:\Users\User\Trae\Game_project\Trae
-executeMethod
Trae.Editor.BuildScript.BuildAndroid
-logFile
data\logs\current\build_Android_20251002_231516.log
Successfully changed project path to: C:\Users\User\Trae\Game_project\Trae
C:/Users/User/Trae/Game_project/Trae
[UnityMemory] Configuration Parameters - Can be set up in boot.config
    "memorysetup-allocator-temp-initial-block-size-main=262144"
    "memorysetup-allocator-temp-initial-block-size-worker=262144"
    "memorysetup-bucket-allocator-granularity=16"
    "memorysetup-bucket-allocator-bucket-count=8"
    "memorysetup-bucket-allocator-block-size=33554432"
    "memorysetup-bucket-allocator-block-count=8"
    "memorysetup-main-allocator-block-size=16777216"
    "memorysetup-thread-allocator-block-size=16777216"
    "memorysetup-gfx-main-allocator-block-size=16777216"
    "memorysetup-gfx-thread-allocator-block-size=16777216"
    "memorysetup-cache-allocator-block-size=4194304"
    "memorysetup-typetree-allocator-block-size=2097152"
    "memorysetup-profiler-bucket-allocator-granularity=16"
    "memorysetup-profiler-bucket-allocator-bucket-count=8"
    "memorysetup-profiler-bucket-allocator-block-size=33554432"
    "memorysetup-profiler-bucket-allocator-block-count=8"
    "memorysetup-profiler-allocator-block-size=16777216"
    "memorysetup-profiler-editor-allocator-block-size=1048576"
    "memorysetup-temp-allocator-size-main=16777216"
    "memorysetup-job-temp-allocator-block-size=2097152"
    "memorysetup-job-temp-allocator-block-size-background=1048576"
    "memorysetup-job-temp-allocator-reduction-small-platforms=262144"
    "memorysetup-temp-allocator-size-background-worker=32768"
    "memorysetup-temp-allocator-size-job-worker=262144"
    "memorysetup-temp-allocator-size-preload-manager=33554432"
    "memorysetup-temp-allocator-size-nav-mesh-worker=65536"
    "memorysetup-temp-allocator-size-audio-worker=65536"
    "memorysetup-temp-allocator-size-cloud-worker=32768"
    "memorysetup-temp-allocator-size-gi-baking-worker=262144"
    "memorysetup-temp-allocator-size-gi-baking-worker=262144"
    "memorysetup-temp-allocator-size-gi-baking-worker=262144"
    "memorysetup-temp-allocator-size-gi-baking-worker=262144"
    "memorysetup-temp-allocator-size-gi-baking-worker=262144"
    "memorysetup-temp-allocator-size-gfx=262144"
Player connection [45792]  Target information:

Player connection [45792]  * "[IP] 172.17.128.1 [Port] 55504 [Flags] 2 [Guid] 4207963311 [EditorId] 4207963311 [Version] 1048832 [Id] WindowsEditor(7,Moc) [Debug] 1 [PackageName] WindowsEditor [ProjectName] Editor" 

Player connection [45792]  * "[IP] 172.20.96.1 [Port] 55504 [Flags] 2 [Guid] 4207963311 [EditorId] 4207963311 [Version] 1048832 [Id] WindowsEditor(7,Moc) [Debug] 1 [PackageName] WindowsEditor [ProjectName] Editor" 

Player connection [45792]  * "[IP] 192.168.11.18 [Port] 55504 [Flags] 2 [Guid] 4207963311 [EditorId] 4207963311 [Version] 1048832 [Id] WindowsEditor(7,Moc) [Debug] 1 [PackageName] WindowsEditor [ProjectName] Editor" 

Player connection [45792] Host joined multi-casting on [225.0.0.222:54997]...
Player connection [45792] Host joined alternative multi-casting on [225.0.0.222:34997]...
Input System module state changed to: Initialized.
[Physics::Module] Initialized fallback backend.
[Physics::Module] Id: 0xdecafbad
[Package Manager] Connected to IPC stream "Upm-32544" after 1.0 seconds.
Library Redirect Path: Library/
[Licensing::IpcConnector] Successfully connected to: "LicenseClient-User" at "2025-10-02T14:15:18.7207102Z"
[Licensing::Client] Code 10 while verifying Licensing Client signature (process Id: 10940, path: "C:/Program Files/Unity/Hub/Editor/6000.2.6f1/Editor/Data/Resources/Licensing/Client/Unity.Licensing.Client.exe")
[Licensing::Module] LicensingClient has failed validation; ignoring
[Physics::Module] Selected backend.
[Physics::Module] Name: PhysX
[Physics::Module] Id: 0xf2b8ea05
[Physics::Module] SDK Version: 4.1.2
[Physics::Module] Integration Version: 1.0.0
[Physics::Module] Threading Mode: Multi-Threaded
[Licensing::Module] Licensing is not yet initialized.
[Licensing::Client] Handshaking with LicensingClient:
  Version:                 1.17.2+ff71f16
  Session Id:              31e3ca6dda70463095ddd9e945ed5fc2
  Correlation Id:          da87b2f8f30c5074fc273872384a51ba
  External correlation Id: 7202685019986278456
  Machine Id:              636YGZjRcpTsWOvApEgWDsbwxlk=
[Licensing::Module] Successfully connected to LicensingClient on channel: "LicenseClient-User" (connect: 1.29s, validation: 0.90s, handshake: 0.11s)
[Licensing::IpcConnector] Successfully connected to: "LicenseClient-User-notifications" at "2025-10-02T14:15:19.7336632Z"
[Licensing::Module] Connected to LicensingClient (PId: 10940, launch time: 0.01, total connection time: 2.30s)
[Licensing::Module] Error: Access token is unavailable; failed to update
[Licensing::Client] Successfully resolved entitlement details
[Licensing::Module] License group:
  Id: 15669618400951-UnityPersXXXX
  Product: Unity Personal
  Type: Assigned
  Expiration: Unlimited
[Licensing::Client] Successfully updated license, isAsync: True, time: 0.03
[Licensing::Client] Successfully resolved entitlement details
[Licensing::Module] Licensing Background thread has ended after 2.45s
[Licensing::Module] Licensing is initialized (took 0.76s).
[Licensing::Client] Successfully resolved entitlement details
Refreshing native plugins compatible for Editor in 0.01 ms, found 0 plugins.
Preloading 0 native plugins for Editor in 0.00 ms.
Initialize engine version: 6000.2.6f1 (cc51a95c0300)
[Subsystems] Discovering subsystems at path C:/Program Files/Unity/Hub/Editor/6000.2.6f1/Editor/Data/Resources/UnitySubsystems
[Subsystems] Discovering subsystems at path C:/Users/User/Trae/Game_project/Trae/Assets
Forcing GfxDevice: Null
GfxDevice: creating device client; kGfxThreadingModeNonThreaded
NullGfxDevice:
    Version:  NULL 1.0 [1.0]
    Renderer: Null Device
    Vendor:   Unity Technologies
Initialize mono
Mono path[0] = 'C:/Program Files/Unity/Hub/Editor/6000.2.6f1/Editor/Data/Managed'
Mono path[1] = 'C:/Program Files/Unity/Hub/Editor/6000.2.6f1/Editor/Data/MonoBleedingEdge/lib/mono/unityjit-win32'
Mono config path = 'C:/Program Files/Unity/Hub/Editor/6000.2.6f1/Editor/Data/MonoBleedingEdge/etc'
Using monoOptions --debugger-agent=transport=dt_socket,embedding=1,server=y,suspend=n,address=127.0.0.1:56544
Using cacheserver namespaces - metadata:defaultmetadata, artifacts:defaultartifacts
Using cacheserver namespaces - metadata:defaultmetadata, artifacts:defaultartifacts
ImportWorker Server TCP listen port: 0
AcceleratorClientConnectionCallback - disconnected - :0
Begin MonoManager ReloadAssembly
Registering precompiled unity dll's ...
Register platform support module: C:/Program Files/Unity/Hub/Editor/6000.2.6f1/Editor/Data/PlaybackEngines/WebGLSupport/UnityEditor.WebGL.Extensions.dll
Register platform support module: C:/Program Files/Unity/Hub/Editor/6000.2.6f1/Editor/Data/PlaybackEngines/WindowsStandaloneSupport/UnityEditor.WindowsStandalone.Extensions.dll
Trying to register platform support module: C:/Program Files/Unity/Hub/Editor/6000.2.6f1/Editor/Data/PlaybackEngines/AndroidPlayer/UnityEditor.Android.Extensions.dll (that doesn't exist). Retrying without overrides.
Platform support module is not available: C:/Program Files/Unity/Hub/Editor/6000.2.6f1/Editor/Data/PlaybackEngines/AndroidPlayer/UnityEditor.Android.Extensions.dll
Registered in 0.009314 seconds.
- Loaded All Assemblies, in  1.247 seconds
Native extension for WindowsStandalone target not found
Native extension for WebGL target not found
Mono: successfully reloaded assembly
- Finished resetting the current domain, in  0.989 seconds
Domain Reload Profiling: 2227ms
	BeginReloadAssembly (474ms)
		ExecutionOrderSort (0ms)
		DisableScriptedObjects (0ms)
		BackupInstance (0ms)
		ReleaseScriptingObjects (0ms)
		CreateAndSetChildDomain (2ms)
	RebuildCommonClasses (117ms)
	RebuildNativeTypeToScriptingClass (33ms)
	initialDomainReloadingComplete (147ms)
	LoadAllAssembliesAndSetupDomain (467ms)
		LoadAssemblies (460ms)
		RebuildTransferFunctionScriptingTraits (0ms)
		AnalyzeDomain (458ms)
			TypeCache.Refresh (452ms)
				TypeCache.ScanAssembly (413ms)
			BuildScriptInfoCaches (0ms)
			ResolveRequiredComponents (2ms)
	FinalizeReload (990ms)
		ReleaseScriptCaches (0ms)
		RebuildScriptCaches (0ms)
		SetupLoadedEditorAssemblies (888ms)
			LogAssemblyErrors (0ms)
			InitializePlatformSupportModulesInManaged (141ms)
			SetLoadedEditorAssemblies (9ms)
			BeforeProcessingInitializeOnLoad (197ms)
			ProcessInitializeOnLoadAttributes (361ms)
			ProcessInitializeOnLoadMethodAttributes (180ms)
			AfterProcessingInitializeOnLoad (0ms)
			EditorAssembliesLoaded (0ms)
		ExecutionOrderSort2 (0ms)
		AwakeInstancesAfterBackupRestoration (0ms)
[Licensing::Client] Successfully resolved entitlement details
[Licensing::Client] Successfully resolved entitlement details
Application.AssetDatabase Initial Refresh Start
Package Manager log level set to [2]
[Package Manager] Restoring resolved packages state from cache
[Licensing::Client] Successfully resolved entitlement details
[Package Manager] Registered 38 packages:
  Built-in packages:
    com.unity.test-framework@1.6.0 (location: C:\Users\User\Trae\Game_project\Trae\Library\PackageCache\com.unity.test-framework@40b8da2bd3e9)
    com.unity.multiplayer.center@1.0.0 (location: C:\Users\User\Trae\Game_project\Trae\Library\PackageCache\com.unity.multiplayer.center@f3fb577b3546)
    com.unity.ugui@2.0.0 (location: C:\Users\User\Trae\Game_project\Trae\Library\PackageCache\com.unity.ugui@e375ff18e90f)
    com.unity.modules.accessibility@1.0.0 (location: C:\Program Files\Unity\Hub\Editor\6000.2.6f1\Editor\Data\Resources\PackageManager\BuiltInPackages\com.unity.modules.accessibility)
    com.unity.modules.ai@1.0.0 (location: C:\Program Files\Unity\Hub\Editor\6000.2.6f1\Editor\Data\Resources\PackageManager\BuiltInPackages\com.unity.modules.ai)
    com.unity.modules.androidjni@1.0.0 (location: C:\Program Files\Unity\Hub\Editor\6000.2.6f1\Editor\Data\Resources\PackageManager\BuiltInPackages\com.unity.modules.androidjni)
    com.unity.modules.animation@1.0.0 (location: C:\Program Files\Unity\Hub\Editor\6000.2.6f1\Editor\Data\Resources\PackageManager\BuiltInPackages\com.unity.modules.animation)
    com.unity.modules.assetbundle@1.0.0 (location: C:\Program Files\Unity\Hub\Editor\6000.2.6f1\Editor\Data\Resources\PackageManager\BuiltInPackages\com.unity.modules.assetbundle)
    com.unity.modules.audio@1.0.0 (location: C:\Program Files\Unity\Hub\Editor\6000.2.6f1\Editor\Data\Resources\PackageManager\BuiltInPackages\com.unity.modules.audio)
    com.unity.modules.cloth@1.0.0 (location: C:\Program Files\Unity\Hub\Editor\6000.2.6f1\Editor\Data\Resources\PackageManager\BuiltInPackages\com.unity.modules.cloth)
    com.unity.modules.director@1.0.0 (location: C:\Program Files\Unity\Hub\Editor\6000.2.6f1\Editor\Data\Resources\PackageManager\BuiltInPackages\com.unity.modules.director)
    com.unity.modules.imageconversion@1.0.0 (location: C:\Program Files\Unity\Hub\Editor\6000.2.6f1\Editor\Data\Resources\PackageManager\BuiltInPackages\com.unity.modules.imageconversion)
    com.unity.modules.imgui@1.0.0 (location: C:\Program Files\Unity\Hub\Editor\6000.2.6f1\Editor\Data\Resources\PackageManager\BuiltInPackages\com.unity.modules.imgui)
    com.unity.modules.jsonserialize@1.0.0 (location: C:\Program Files\Unity\Hub\Editor\6000.2.6f1\Editor\Data\Resources\PackageManager\BuiltInPackages\com.unity.modules.jsonserialize)
    com.unity.modules.particlesystem@1.0.0 (location: C:\Program Files\Unity\Hub\Editor\6000.2.6f1\Editor\Data\Resources\PackageManager\BuiltInPackages\com.unity.modules.particlesystem)
    com.unity.modules.physics@1.0.0 (location: C:\Program Files\Unity\Hub\Editor\6000.2.6f1\Editor\Data\Resources\PackageManager\BuiltInPackages\com.unity.modules.physics)
    com.unity.modules.physics2d@1.0.0 (location: C:\Program Files\Unity\Hub\Editor\6000.2.6f1\Editor\Data\Resources\PackageManager\BuiltInPackages\com.unity.modules.physics2d)
    com.unity.modules.screencapture@1.0.0 (location: C:\Program Files\Unity\Hub\Editor\6000.2.6f1\Editor\Data\Resources\PackageManager\BuiltInPackages\com.unity.modules.screencapture)
    com.unity.modules.terrain@1.0.0 (location: C:\Program Files\Unity\Hub\Editor\6000.2.6f1\Editor\Data\Resources\PackageManager\BuiltInPackages\com.unity.modules.terrain)
    com.unity.modules.terrainphysics@1.0.0 (location: C:\Program Files\Unity\Hub\Editor\6000.2.6f1\Editor\Data\Resources\PackageManager\BuiltInPackages\com.unity.modules.terrainphysics)
    com.unity.modules.tilemap@1.0.0 (location: C:\Program Files\Unity\Hub\Editor\6000.2.6f1\Editor\Data\Resources\PackageManager\BuiltInPackages\com.unity.modules.tilemap)
    com.unity.modules.ui@1.0.0 (location: C:\Program Files\Unity\Hub\Editor\6000.2.6f1\Editor\Data\Resources\PackageManager\BuiltInPackages\com.unity.modules.ui)
    com.unity.modules.uielements@1.0.0 (location: C:\Program Files\Unity\Hub\Editor\6000.2.6f1\Editor\Data\Resources\PackageManager\BuiltInPackages\com.unity.modules.uielements)
    com.unity.modules.umbra@1.0.0 (location: C:\Program Files\Unity\Hub\Editor\6000.2.6f1\Editor\Data\Resources\PackageManager\BuiltInPackages\com.unity.modules.umbra)
    com.unity.modules.unityanalytics@1.0.0 (location: C:\Program Files\Unity\Hub\Editor\6000.2.6f1\Editor\Data\Resources\PackageManager\BuiltInPackages\com.unity.modules.unityanalytics)
    com.unity.modules.unitywebrequest@1.0.0 (location: C:\Program Files\Unity\Hub\Editor\6000.2.6f1\Editor\Data\Resources\PackageManager\BuiltInPackages\com.unity.modules.unitywebrequest)
    com.unity.modules.unitywebrequestassetbundle@1.0.0 (location: C:\Program Files\Unity\Hub\Editor\6000.2.6f1\Editor\Data\Resources\PackageManager\BuiltInPackages\com.unity.modules.unitywebrequestassetbundle)
    com.unity.modules.unitywebrequestaudio@1.0.0 (location: C:\Program Files\Unity\Hub\Editor\6000.2.6f1\Editor\Data\Resources\PackageManager\BuiltInPackages\com.unity.modules.unitywebrequestaudio)
    com.unity.modules.unitywebrequesttexture@1.0.0 (location: C:\Program Files\Unity\Hub\Editor\6000.2.6f1\Editor\Data\Resources\PackageManager\BuiltInPackages\com.unity.modules.unitywebrequesttexture)
    com.unity.modules.unitywebrequestwww@1.0.0 (location: C:\Program Files\Unity\Hub\Editor\6000.2.6f1\Editor\Data\Resources\PackageManager\BuiltInPackages\com.unity.modules.unitywebrequestwww)
    com.unity.modules.vehicles@1.0.0 (location: C:\Program Files\Unity\Hub\Editor\6000.2.6f1\Editor\Data\Resources\PackageManager\BuiltInPackages\com.unity.modules.vehicles)
    com.unity.modules.video@1.0.0 (location: C:\Program Files\Unity\Hub\Editor\6000.2.6f1\Editor\Data\Resources\PackageManager\BuiltInPackages\com.unity.modules.video)
    com.unity.modules.vr@1.0.0 (location: C:\Program Files\Unity\Hub\Editor\6000.2.6f1\Editor\Data\Resources\PackageManager\BuiltInPackages\com.unity.modules.vr)
    com.unity.modules.wind@1.0.0 (location: C:\Program Files\Unity\Hub\Editor\6000.2.6f1\Editor\Data\Resources\PackageManager\BuiltInPackages\com.unity.modules.wind)
    com.unity.modules.xr@1.0.0 (location: C:\Program Files\Unity\Hub\Editor\6000.2.6f1\Editor\Data\Resources\PackageManager\BuiltInPackages\com.unity.modules.xr)
    com.unity.modules.subsystems@1.0.0 (location: C:\Program Files\Unity\Hub\Editor\6000.2.6f1\Editor\Data\Resources\PackageManager\BuiltInPackages\com.unity.modules.subsystems)
    com.unity.modules.hierarchycore@1.0.0 (location: C:\Program Files\Unity\Hub\Editor\6000.2.6f1\Editor\Data\Resources\PackageManager\BuiltInPackages\com.unity.modules.hierarchycore)
    com.unity.ext.nunit@2.0.5 (location: C:\Users\User\Trae\Game_project\Trae\Library\PackageCache\com.unity.ext.nunit@031a54704bff)
[Subsystems] No new subsystems found in resolved package list.
[Package Manager] Done registering packages in 0.04 seconds
[ScriptCompilation] Requested script compilation because: Assetdatabase observed changes in script compilation related files
Starting: C:\Program Files\Unity\Hub\Editor\6000.2.6f1\Editor\Data\bee_backend.exe --ipc --defer-dag-verification --dagfile="Library/Bee/1300b0aE.dag" --continue-on-failure --profile="Library/Bee/backend1.traceevents" ScriptAssemblies
WorkingDir: C:/Users/User/Trae/Game_project/Trae
DisplayProgressbar: Compiling Scripts
ExitCode: 0 Duration: 4s964ms
[254/272    3s] Csc Library/Bee/artifacts/1300b0aE.dag/Trae.Input.dll (+2 others)
Assets\Trae\Scripts\Editor\ProjectSetup.cs(50,17): warning CS0618: 'PlayerSettings.SetScriptingBackend(BuildTargetGroup, ScriptingImplementation)' is obsolete: 'Use SetScriptingBackend(NamedBuildTarget buildTarget, ScriptingImplementation backend) instead'

Assets\Trae\Scripts\Editor\ProjectSetup.cs(54,17): warning CS0618: 'PlayerSettings.SetScriptingBackend(BuildTargetGroup, ScriptingImplementation)' is obsolete: 'Use SetScriptingBackend(NamedBuildTarget buildTarget, ScriptingImplementation backend) instead'

Assets\Trae\Scripts\Editor\ProjectSetup.cs(75,17): warning CS0618: 'PlayerSettings.SetApiCompatibilityLevel(BuildTargetGroup, ApiCompatibilityLevel)' is obsolete: 'Use SetApiCompatibilityLevel(NamedBuildTarget buildTarget, ApiCompatibilityLevel value) instead'

Assets\Trae\Scripts\Editor\ProjectSetup.cs(78,17): warning CS0618: 'PlayerSettings.SetApiCompatibilityLevel(BuildTargetGroup, ApiCompatibilityLevel)' is obsolete: 'Use SetApiCompatibilityLevel(NamedBuildTarget buildTarget, ApiCompatibilityLevel value) instead'

Assets\Trae\Scripts\TouchProcessor.cs(12,40): warning CS0414: The field 'TouchProcessor.touchSensitivity' is assigned but its value is never used
[267/272    0s] CopyFiles Library/ScriptAssemblies/Trae.Input.pdb
[268/272    0s] CopyFiles Library/ScriptAssemblies/Trae.Input.dll
[269/272    0s] Csc Library/Bee/artifacts/1300b0aE.dag/Trae.Tests.dll (+2 others)
Assets\Trae\Scripts\Tests\PlayMode\UIIntegrationTests.cs(143,17): warning CS0219: The variable 'testScore' is assigned but its value is never used

Assets\Trae\Scripts\Tests\PlayMode\UIIntegrationTests.cs(144,17): warning CS0219: The variable 'testHighScore' is assigned but its value is never used

Assets\Trae\Scripts\Tests\EditMode\HaiDoonGameManagerTests.cs(440,44): warning CS0067: The event 'MockAudioManager.OnBGMPlaybackCompleted' is never used

Assets\Trae\Scripts\Tests\EditMode\HaiDoonGameManagerTests.cs(442,44): warning CS0067: The event 'MockAudioManager.OnAudioPlaybackCompleted' is never used

Assets\Trae\Scripts\Tests\EditMode\HaiDoonGameManagerTests.cs(441,44): warning CS0067: The event 'MockAudioManager.OnSFXPlaybackCompleted' is never used
[270/272    0s] CopyFiles Library/ScriptAssemblies/Trae.Tests.pdb
[271/272    0s] CopyFiles Library/ScriptAssemblies/Trae.Tests.dll
*** Tundra build success (4.85 seconds), 6 items updated, 272 evaluated
Assets\Trae\Scripts\Editor\ProjectSetup.cs(50,17): warning CS0618: 'PlayerSettings.SetScriptingBackend(BuildTargetGroup, ScriptingImplementation)' is obsolete: 'Use SetScriptingBackend(NamedBuildTarget buildTarget, ScriptingImplementation backend) instead'
Assets\Trae\Scripts\Editor\ProjectSetup.cs(54,17): warning CS0618: 'PlayerSettings.SetScriptingBackend(BuildTargetGroup, ScriptingImplementation)' is obsolete: 'Use SetScriptingBackend(NamedBuildTarget buildTarget, ScriptingImplementation backend) instead'
Assets\Trae\Scripts\Editor\ProjectSetup.cs(75,17): warning CS0618: 'PlayerSettings.SetApiCompatibilityLevel(BuildTargetGroup, ApiCompatibilityLevel)' is obsolete: 'Use SetApiCompatibilityLevel(NamedBuildTarget buildTarget, ApiCompatibilityLevel value) instead'
Assets\Trae\Scripts\Editor\ProjectSetup.cs(78,17): warning CS0618: 'PlayerSettings.SetApiCompatibilityLevel(BuildTargetGroup, ApiCompatibilityLevel)' is obsolete: 'Use SetApiCompatibilityLevel(NamedBuildTarget buildTarget, ApiCompatibilityLevel value) instead'
Assets\Trae\Scripts\TouchProcessor.cs(12,40): warning CS0414: The field 'TouchProcessor.touchSensitivity' is assigned but its value is never used
Assets\Trae\Scripts\Tests\PlayMode\UIIntegrationTests.cs(143,17): warning CS0219: The variable 'testScore' is assigned but its value is never used
Assets\Trae\Scripts\Tests\PlayMode\UIIntegrationTests.cs(144,17): warning CS0219: The variable 'testHighScore' is assigned but its value is never used
Assets\Trae\Scripts\Tests\EditMode\HaiDoonGameManagerTests.cs(440,44): warning CS0067: The event 'MockAudioManager.OnBGMPlaybackCompleted' is never used
Assets\Trae\Scripts\Tests\EditMode\HaiDoonGameManagerTests.cs(442,44): warning CS0067: The event 'MockAudioManager.OnAudioPlaybackCompleted' is never used
Assets\Trae\Scripts\Tests\EditMode\HaiDoonGameManagerTests.cs(441,44): warning CS0067: The event 'MockAudioManager.OnSFXPlaybackCompleted' is never used
AssetDatabase: script compilation time: 7.129135s
Begin MonoManager ReloadAssembly
Total cache size 11808532
Total cache size after purge 11808532, took 00:00:00.0690705
- Loaded All Assemblies, in  1.603 seconds
Refreshing native plugins compatible for Editor in 0.00 ms, found 0 plugins.
Native extension for WindowsStandalone target not found
Native extension for WebGL target not found
Mono: successfully reloaded assembly
- Finished resetting the current domain, in  1.177 seconds
Domain Reload Profiling: 2770ms
	BeginReloadAssembly (608ms)
		ExecutionOrderSort (0ms)
		DisableScriptedObjects (34ms)
		BackupInstance (0ms)
		ReleaseScriptingObjects (0ms)
		CreateAndSetChildDomain (111ms)
	RebuildCommonClasses (95ms)
	RebuildNativeTypeToScriptingClass (33ms)
	initialDomainReloadingComplete (70ms)
	LoadAllAssembliesAndSetupDomain (786ms)
		LoadAssemblies (1056ms)
		RebuildTransferFunctionScriptingTraits (0ms)
		AnalyzeDomain (83ms)
			TypeCache.Refresh (50ms)
				TypeCache.ScanAssembly (39ms)
			BuildScriptInfoCaches (16ms)
			ResolveRequiredComponents (11ms)
	FinalizeReload (1178ms)
		ReleaseScriptCaches (0ms)
		RebuildScriptCaches (0ms)
		SetupLoadedEditorAssemblies (851ms)
			LogAssemblyErrors (0ms)
			InitializePlatformSupportModulesInManaged (71ms)
			SetLoadedEditorAssemblies (17ms)
			BeforeProcessingInitializeOnLoad (353ms)
			ProcessInitializeOnLoadAttributes (318ms)
			ProcessInitializeOnLoadMethodAttributes (72ms)
			AfterProcessingInitializeOnLoad (20ms)
			EditorAssembliesLoaded (0ms)
		ExecutionOrderSort2 (0ms)
		AwakeInstancesAfterBackupRestoration (29ms)
Refreshing native plugins compatible for Editor in 0.00 ms, found 0 plugins.
Preloading 0 native plugins for Editor in 0.00 ms.
Asset Pipeline Refresh (id=34fe4a5c22cc77a47945694079e3f46b): Total: 10.598 seconds - Initiated by InitialRefreshV2(ForceSynchronousImport)
	Summary:
		Imports: total=0 (actual=0, local cache=0, cache server=0)
		Asset DB Process Time: managed=0 ms, native=1560 ms
		Asset DB Callback time: managed=198 ms, native=49 ms
		Scripting: domain reloads=1, domain reload time=1604 ms, compile time=7135 ms, other=49 ms
		Project Asset Count: scripts=300, non-scripts=193
		Asset File Changes: new=0, changed=2, moved=0, deleted=0
		Scan Filter Count: 0
	InvokeCustomDependenciesCallbacks: 0.002ms
	InvokePackagesCallback: 47.983ms
	ApplyChangesToAssetFolders: 1.250ms
	Scan: 109.569ms
	OnSourceAssetsModified: 1.755ms
	CategorizeAssetsWithTransientArtifact: 20.745ms
	ProcessAssetsWithTransientArtifactChanges: 34.091ms
	CategorizeAssets: 9.763ms
	ImportOutOfDateAssets: 1182.270ms (-5954.062ms without children)
		CompileScripts: 7134.845ms
		ReloadNativeAssets: 0.001ms
		UnloadImportedAssets: 0.217ms
		EnsureUptoDateAssetsAreRegisteredWithGuidPM: 0.171ms
		InitializingProgressBar: 0.001ms
		PostProcessAllAssetNotificationsAddChangedAssets: 0.001ms
		OnDemandSchedulerStart: 1.096ms
	PostProcessAllAssets: 201.300ms
	Hotreload: 1.516ms
	GatherAllCurrentPrimaryArtifactRevisions: 0.021ms
	UnloadStreamsBegin: 0.611ms
	PersistCurrentRevisions: 0.034ms
	UnloadStreamsEnd: 0.002ms
	GenerateScriptTypeHashes: 2.606ms
	Untracked: 8986.609ms

Application.AssetDatabase Initial Refresh End
Scanning for USB devices : 11.453ms
Initializing Unity extensions:
[MODES] ModeService[none].Initialize
[MODES] ModeService[none].LoadModes
[MODES] Loading mode Default (0) for mode-current-id-はい！ドーン！
Unloading 3 Unused Serialized files (Serialized files now loaded: 0)
Unloading 839 unused Assets / (1.7 MB). Loaded Objects now: 1342.
Memory consumption went from 91.3 MB to 89.6 MB.
Total: 21.422000 ms (FindLiveObjects: 0.249900 ms CreateObjectMapping: 0.132600 ms MarkObjects: 18.701100 ms  DeleteObjects: 2.336400 ms)

Start importing ProjectSettings/ProjectSettings.asset using Guid(00000000000000004000000000000000) (LibraryAssetImporter) -> (artifact id: '8ab577be858001836b06bcdaccda75ec') in 0.0151445 seconds
Refreshing native plugins compatible for Editor in 0.00 ms, found 0 plugins.
Preloading 0 native plugins for Editor in 0.00 ms.
Asset Pipeline Refresh (id=4cf6364a0853b2d4a94056a81ed2be5d): Total: 0.121 seconds - Initiated by StopAssetImportingV2(NoUpdateAssetOptions)
Launched and connected shader compiler UnityShaderCompiler.exe after 0.05 seconds
Starting: C:\Program Files\Unity\Hub\Editor\6000.2.6f1\Editor\Data\bee_backend.exe --ipc --defer-dag-verification --dagfile="Library/Bee/1300b0aESkipCompile.dag" --continue-on-failure --profile="Library/Bee/backend1.traceevents" ScriptAssembliesAndTypeDB
WorkingDir: C:/Users/User/Trae/Game_project/Trae
ExitCode: 0 Duration: 1s146ms
[2/3        1s] BuildPlayerDataGenerator Library/BuildPlayerData/Editor/TypeDb-All.json
*** Tundra build success (1.05 seconds), 1 items updated, 3 evaluated
Total cache size 11808532
Asset Pipeline Refresh (id=9172f47aeb5e5d74da070db6ab02e473): Total: 0.007 seconds - Initiated by RefreshV2(NoUpdateAssetOptions)
Total cache size after purge 11808532, took 00:00:00.0750880
[ScriptCompilation] Requested script compilation because: Recompiling scripts for player build.
BuildPlayer: start building target 13
Starting: C:\Program Files\Unity\Hub\Editor\6000.2.6f1\Editor\Data\bee_backend.exe --ipc --defer-dag-verification --dagfile="Library/Bee/1300b0aP.dag" --continue-on-failure --profile="Library/Bee/backend1.traceevents" ScriptAssembliesAndTypeDB
WorkingDir: C:/Users/User/Trae/Game_project/Trae
ExitCode: 0 Duration: 2s979ms
[134/160    0s] CopyFiles Library/Bee/PlayerScriptAssemblies/Trae.Core.dll
[135/160    0s] CopyFiles Library/Bee/PlayerScriptAssemblies/Unity.Multiplayer.Center.Common.dll
[136/160    0s] CopyFiles Library/Bee/PlayerScriptAssemblies/UnityEngine.UI.dll
[137/160    0s] CopyFiles Library/Bee/PlayerScriptAssemblies/Trae.Core.pdb
[138/160    0s] CopyFiles Library/Bee/PlayerScriptAssemblies/Unity.Multiplayer.Center.Common.pdb
[139/160    0s] CopyFiles Library/Bee/PlayerScriptAssemblies/Unity.TextMeshPro.pdb
[140/160    0s] CopyFiles Library/Bee/PlayerScriptAssemblies/UnityEngine.UI.pdb
[141/160    0s] CopyFiles Library/Bee/PlayerScriptAssemblies/Unity.TextMeshPro.dll
[142/160    0s] CopyFiles Library/Bee/PlayerScriptAssemblies/Trae.Data.dll
[143/160    0s] CopyFiles Library/Bee/PlayerScriptAssemblies/Trae.Data.pdb
[144/160    0s] CopyFiles Library/Bee/PlayerScriptAssemblies/Trae.Audio.dll
[145/160    0s] CopyFiles Library/Bee/PlayerScriptAssemblies/Trae.Audio.pdb
[146/160    0s] Csc Library/Bee/artifacts/1300b0aP.dag/Trae.Input.dll (+2 others)
Assets\Trae\Scripts\TouchProcessor.cs(12,40): warning CS0414: The field 'TouchProcessor.touchSensitivity' is assigned but its value is never used
[150/160    0s] CopyFiles Library/Bee/PlayerScriptAssemblies/Trae.Input.dll
[151/160    0s] CopyFiles Library/Bee/PlayerScriptAssemblies/Trae.Input.pdb
[152/160    0s] CopyFiles Library/Bee/PlayerScriptAssemblies/Trae.Gameplay.pdb
[153/160    0s] CopyFiles Library/Bee/PlayerScriptAssemblies/Trae.Gameplay.dll
[154/160    0s] CopyFiles Library/Bee/PlayerScriptAssemblies/Trae.UI.pdb
[155/160    0s] CopyFiles Library/Bee/PlayerScriptAssemblies/Trae.UI.dll
[156/160    0s] CopyFiles Library/Bee/PlayerScriptAssemblies/Assembly-CSharp.pdb
[157/160    0s] CopyFiles Library/Bee/PlayerScriptAssemblies/Assembly-CSharp.dll
[159/160    0s] BuildPlayerDataGenerator Library/BuildPlayerData/Player/RuntimeInitializeOnLoads.json (+1 other)
*** Tundra build success (2.91 seconds), 22 items updated, 160 evaluated
Assets\Trae\Scripts\TouchProcessor.cs(12,40): warning CS0414: The field 'TouchProcessor.touchSensitivity' is assigned but its value is never used
Total cache size 11808532
Total cache size after purge 11808532, took 00:00:00.0595091
Not rebuilding Data files -- no changes


Mono dependencies included in the build
Dependency assembly - Trae.Audio.dll
Dependency assembly - Assembly-CSharp.dll
Dependency assembly - Trae.Data.dll
Dependency assembly - Trae.Core.dll
Dependency assembly - Trae.UI.dll
Dependency assembly - Unity.Multiplayer.Center.Common.dll
Dependency assembly - Trae.Input.dll
Dependency assembly - Unity.TextMeshPro.dll
Dependency assembly - Trae.Gameplay.dll
Dependency assembly - UnityEngine.UI.dll

UnityException: Build target 'Android' not supported
  at UnityEditor.PostprocessBuildPlayer.Postprocess (UnityEditor.BuildTarget target, System.Int32 subtarget, System.String installPath, System.String companyName, System.String productName, UnityEditor.BuildOptions options, UnityEditor.RuntimeClassRegistry usedClassRegistry, UnityEditor.Build.Reporting.BuildReport report) [0x00082] in <8081513dc2364383b8289d30d2169b2e>:0 
UnityEditor.BuildPipeline:BuildPlayerInternalNoCheck_Injected(String[], ManagedSpanWrapper&, ManagedSpanWrapper&, BuildTargetGroup, BuildTarget, Int32, BuildOptions, String[], Boolean)
UnityEditor.BuildPipeline:BuildPlayerInternalNoCheck(String[], String, String, BuildTargetGroup, BuildTarget, Int32, BuildOptions, String[], Boolean)
UnityEditor.BuildPipeline:BuildPlayerInternal(String[], String, String, BuildTargetGroup, BuildTarget, Int32, BuildOptions, String[])
UnityEditor.BuildPipeline:BuildPlayer(String[], String, String, BuildTargetGroup, BuildTarget, Int32, BuildOptions, String[])
UnityEditor.BuildPipeline:BuildPlayer(BuildPlayerOptions)
Trae.Editor.BuildScript:BuildAndroid() (at Assets\Trae\Editor\BuildScript.cs:20)

(Filename: Assets/Trae/Editor/BuildScript.cs Line: 20)

Refreshing native plugins compatible for Editor in 0.00 ms, found 0 plugins.
Preloading 0 native plugins for Editor in 0.00 ms.

-------------------------------------------------------------------------------
Build Report
Information on used Assets is not available, since player data was not rebuilt.
Do a clean build to view the Asset build report information.
-------------------------------------------------------------------------------
Unloading 2 Unused Serialized files (Serialized files now loaded: 0)
Unloading 28 unused Assets / (0.9 MB). Loaded Objects now: 1389.
Memory consumption went from 93.0 MB to 92.1 MB.
Total: 13.673100 ms (FindLiveObjects: 0.138000 ms CreateObjectMapping: 0.046600 ms MarkObjects: 12.720000 ms  DeleteObjects: 0.766900 ms)

DisplayProgressNotification: Build Successful
Build Finished, Result: Success.
##utp:{"type":"PlayerBuildInfo","version":2,"phase":"Immediate","time":1759414540014,"processId":32544,"steps":[{"description":"Preprocess Player","duration":28},{"description":"Prepare For Build","duration":0},{"description":"ProducePlayerScriptAssemblies","duration":4937},{"description":"Verify Build setup","duration":154},{"description":"Prepare assets for target platform","duration":19},{"description":"Prepare splash screen","duration":1},{"description":"Run script only build","duration":34},{"description":"Postprocess built player","duration":14}],"duration":5187}
Unloading 0 Unused Serialized files (Serialized files now loaded: 0)
Loaded scene 'Temp/__Backupscenes/0.backup'
	Deserialize:            1.414 ms
	Integration:            10.606 ms
	Integration of assets:  0.002 ms
	Thread Wait Time:       0.054 ms
	Total Operation Time:   12.076 ms
Unloading 0 unused Assets / (0 B). Loaded Objects now: 1389.
Memory consumption went from 91.8 MB to 91.8 MB.
Total: 12.856800 ms (FindLiveObjects: 0.120600 ms CreateObjectMapping: 0.045800 ms MarkObjects: 12.680300 ms  DeleteObjects: 0.008800 ms)

Build succeeded: 0 MB
UnityEngine.Debug:ExtractStackTraceNoAlloc (byte*,int,string)
UnityEngine.StackTraceUtility:ExtractStackTrace ()
UnityEngine.DebugLogHandler:Internal_Log (UnityEngine.LogType,UnityEngine.LogOption,string,UnityEngine.Object)
UnityEngine.DebugLogHandler:LogFormat (UnityEngine.LogType,UnityEngine.Object,string,object[])
UnityEngine.Logger:Log (UnityEngine.LogType,object)
UnityEngine.Debug:Log (object)
Trae.Editor.BuildScript:Check (UnityEditor.Build.Reporting.BuildReport) (at Assets/Trae/Editor/BuildScript.cs:57)
Trae.Editor.BuildScript:BuildAndroid () (at Assets/Trae/Editor/BuildScript.cs:27)

(Filename: Assets/Trae/Editor/BuildScript.cs Line: 57)

Batchmode quit successfully invoked - shutting down!
[Physics::Module] Cleanup current backend.
[Physics::Module] Id: 0xf2b8ea05
Input System module state changed to: ShutdownInProgress.
Input System polling thread exited.
Input System module state changed to: Shutdown.
[Licensing::IpcConnector] LicenseClient-User-notifications channel disconnected successfully.
[Licensing::IpcConnector] LicenseClient-User channel disconnected successfully.
AcceleratorClientConnectionCallback - disconnected - :0
Cleanup mono
Exiting batchmode successfully now!
Exiting without the bug reporter. Application will terminate with return code 0