[Licensing::Module] Trying to connect to existing licensing client channel...
[Licensing::IpcConnector] Successfully connected to: "LicenseClient-User" at "2025-10-11T02:20:30.4209989Z"
[Licensing::Client] Code 10 while verifying Licensing Client signature (process Id: 49836, path: "C:/Program Files/Unity Hub/UnityLicensingClient_V1/Unity.Licensing.Client.exe")
[Licensing::Module] LicensingClient has failed validation; ignoring
[Licensing::Client] Handshaking with LicensingClient:
  Version:                 1.17.3+a4e98f1
  Session Id:              3650cedb3f6c4248a5cfca96a1f69c13
  Correlation Id:          6b0fd4d37a7b4d4fec0f561e8dc4f70a
  External correlation Id: 1789169477875360328
  Machine Id:              636YGZjRcpTsWOvApEgWDsbwxlk=
[Licensing::Module] Successfully connected to LicensingClient on channel: "LicenseClient-User" (connect: 0.00s, validation: 0.01s, handshake: 0.12s)
[Licensing::IpcConnector] Successfully connected to: "LicenseClient-User-notifications" at "2025-10-11T02:20:30.5551259Z"
[Licensing::Module] Error: Access token is unavailable; failed to update
[Licensing::Client] Error: Code 500 while processing request (status: Unable to update licenses. Errors: No ULF license found.,User token expired: User token expired)
[Licensing::Client] Error: Code 500 while updating license in client (status: Unable to update licenses. Errors: No ULF license found.,User token expired: User token expired)
Built from '2022.3/respin/2022.3.62f2-4af31df585-v2' branch; Version is '2022.3.62f2 (7670c08855a9) revision 7762112'; Using compiler version '192829333'; Build Type 'Release'
OS: 'Windows 11  (10.0.26100) 64bit ProfessionalWorkstation' Language: 'ja' Physical Memory: 130987 MB
[Licensing::Client] Successfully resolved entitlement details
[Licensing::Module] Serial number assigned to: "15669618400951-UnityPersXXXX"
BatchMode: 1, IsHumanControllingUs: 0, StartBugReporterOnCrash: 0, Is64bit: 1, IsPro: 0
[Licensing::Client] Successfully resolved entitlement details

COMMAND LINE ARGUMENTS:
C:\Users\User\Trae\Game_project\2022.3.62f2\Editor\Unity.exe
-batchmode
-nographics
-quit
-projectPath
C:\Users\User\Trae\Game_project\Trae
-executeMethod
Trae.Editor.BuildScript.BuildAndroidApk
-buildTarget
Android
-logFile
C:\Users\User\Trae\Game_project\Trae\Logs\playmode-cli-run47.log
Successfully changed project path to: C:\Users\User\Trae\Game_project\Trae
C:/Users/User/Trae/Game_project/Trae
[UnityMemory] Configuration Parameters - Can be set up in boot.config
    "memorysetup-bucket-allocator-granularity=16"
    "memorysetup-bucket-allocator-bucket-count=8"
    "memorysetup-bucket-allocator-block-size=33554432"
    "memorysetup-bucket-allocator-block-count=8"
    "memorysetup-main-allocator-block-size=16777216"
    "memorysetup-thread-allocator-block-size=16777216"
    "memorysetup-gfx-main-allocator-block-size=16777216"
    "memorysetup-gfx-thread-allocator-block-size=16777216"
    "memorysetup-cache-allocator-block-size=4194304"
    "memorysetup-typetree-allocator-block-size=2097152"
    "memorysetup-profiler-bucket-allocator-granularity=16"
    "memorysetup-profiler-bucket-allocator-bucket-count=8"
    "memorysetup-profiler-bucket-allocator-block-size=33554432"
    "memorysetup-profiler-bucket-allocator-block-count=8"
    "memorysetup-profiler-allocator-block-size=16777216"
    "memorysetup-profiler-editor-allocator-block-size=1048576"
    "memorysetup-temp-allocator-size-main=16777216"
    "memorysetup-job-temp-allocator-block-size=2097152"
    "memorysetup-job-temp-allocator-block-size-background=1048576"
    "memorysetup-job-temp-allocator-reduction-small-platforms=262144"
    "memorysetup-allocator-temp-initial-block-size-main=262144"
    "memorysetup-allocator-temp-initial-block-size-worker=262144"
    "memorysetup-temp-allocator-size-background-worker=32768"
    "memorysetup-temp-allocator-size-job-worker=262144"
    "memorysetup-temp-allocator-size-preload-manager=33554432"
    "memorysetup-temp-allocator-size-nav-mesh-worker=65536"
    "memorysetup-temp-allocator-size-audio-worker=65536"
    "memorysetup-temp-allocator-size-cloud-worker=32768"
    "memorysetup-temp-allocator-size-gi-baking-worker=262144"
    "memorysetup-temp-allocator-size-gfx=262144"
Player connection [47780]  Target information:

Player connection [47780]  * "[IP] 172.31.32.1 [Port] 55504 [Flags] 2 [Guid] 3517669354 [EditorId] 3517669354 [Version] 1048832 [Id] WindowsEditor(7,Moc) [Debug] 1 [PackageName] WindowsEditor [ProjectName] Editor" 

Player connection [47780]  * "[IP] 192.168.11.18 [Port] 55504 [Flags] 2 [Guid] 3517669354 [EditorId] 3517669354 [Version] 1048832 [Id] WindowsEditor(7,Moc) [Debug] 1 [PackageName] WindowsEditor [ProjectName] Editor" 

Player connection [47780] Host joined multi-casting on [225.0.0.222:54997]...
Player connection [47780] Host joined alternative multi-casting on [225.0.0.222:34997]...
Input System module state changed to: Initialized.
[PhysX] Initialized MultithreadedTaskDispatcher with 36 workers.
[Package Manager] UpmClient::Connect -- Connected to IPC stream "Upm-44076" after 1.1 seconds.
[Package Manager] Restoring resolved packages state from cache
[Licensing::Client] Successfully resolved entitlement details
[Package Manager] Registered 37 packages:
  Packages from [https://packages.unity.com]:
    com.unity.test-framework@1.1.33 (location: C:\Users\User\Trae\Game_project\Trae\Library\PackageCache\com.unity.test-framework@1.1.33)
    com.unity.webrtc@3.0.0 (location: C:\Users\User\Trae\Game_project\Trae\Library\PackageCache\com.unity.webrtc@3.0.0)
    com.unity.editorcoroutines@1.0.0 (location: C:\Users\User\Trae\Game_project\Trae\Library\PackageCache\com.unity.editorcoroutines@1.0.0)
    com.unity.ext.nunit@1.0.6 (location: C:\Users\User\Trae\Game_project\Trae\Library\PackageCache\com.unity.ext.nunit@1.0.6)
  Built-in packages:
    com.unity.ugui@1.0.0 (location: C:\Users\User\Trae\Game_project\Trae\Library\PackageCache\com.unity.ugui@1.0.0)
    com.unity.modules.ai@1.0.0 (location: C:\Users\User\Trae\Game_project\Trae\Library\PackageCache\com.unity.modules.ai@1.0.0)
    com.unity.modules.androidjni@1.0.0 (location: C:\Users\User\Trae\Game_project\Trae\Library\PackageCache\com.unity.modules.androidjni@1.0.0)
    com.unity.modules.animation@1.0.0 (location: C:\Users\User\Trae\Game_project\Trae\Library\PackageCache\com.unity.modules.animation@1.0.0)
    com.unity.modules.assetbundle@1.0.0 (location: C:\Users\User\Trae\Game_project\Trae\Library\PackageCache\com.unity.modules.assetbundle@1.0.0)
    com.unity.modules.audio@1.0.0 (location: C:\Users\User\Trae\Game_project\Trae\Library\PackageCache\com.unity.modules.audio@1.0.0)
    com.unity.modules.cloth@1.0.0 (location: C:\Users\User\Trae\Game_project\Trae\Library\PackageCache\com.unity.modules.cloth@1.0.0)
    com.unity.modules.director@1.0.0 (location: C:\Users\User\Trae\Game_project\Trae\Library\PackageCache\com.unity.modules.director@1.0.0)
    com.unity.modules.imageconversion@1.0.0 (location: C:\Users\User\Trae\Game_project\Trae\Library\PackageCache\com.unity.modules.imageconversion@1.0.0)
    com.unity.modules.imgui@1.0.0 (location: C:\Users\User\Trae\Game_project\Trae\Library\PackageCache\com.unity.modules.imgui@1.0.0)
    com.unity.modules.jsonserialize@1.0.0 (location: C:\Users\User\Trae\Game_project\Trae\Library\PackageCache\com.unity.modules.jsonserialize@1.0.0)
    com.unity.modules.particlesystem@1.0.0 (location: C:\Users\User\Trae\Game_project\Trae\Library\PackageCache\com.unity.modules.particlesystem@1.0.0)
    com.unity.modules.physics@1.0.0 (location: C:\Users\User\Trae\Game_project\Trae\Library\PackageCache\com.unity.modules.physics@1.0.0)
    com.unity.modules.physics2d@1.0.0 (location: C:\Users\User\Trae\Game_project\Trae\Library\PackageCache\com.unity.modules.physics2d@1.0.0)
    com.unity.modules.screencapture@1.0.0 (location: C:\Users\User\Trae\Game_project\Trae\Library\PackageCache\com.unity.modules.screencapture@1.0.0)
    com.unity.modules.terrain@1.0.0 (location: C:\Users\User\Trae\Game_project\Trae\Library\PackageCache\com.unity.modules.terrain@1.0.0)
    com.unity.modules.terrainphysics@1.0.0 (location: C:\Users\User\Trae\Game_project\Trae\Library\PackageCache\com.unity.modules.terrainphysics@1.0.0)
    com.unity.modules.tilemap@1.0.0 (location: C:\Users\User\Trae\Game_project\Trae\Library\PackageCache\com.unity.modules.tilemap@1.0.0)
    com.unity.modules.ui@1.0.0 (location: C:\Users\User\Trae\Game_project\Trae\Library\PackageCache\com.unity.modules.ui@1.0.0)
    com.unity.modules.uielements@1.0.0 (location: C:\Users\User\Trae\Game_project\Trae\Library\PackageCache\com.unity.modules.uielements@1.0.0)
    com.unity.modules.umbra@1.0.0 (location: C:\Users\User\Trae\Game_project\Trae\Library\PackageCache\com.unity.modules.umbra@1.0.0)
    com.unity.modules.unityanalytics@1.0.0 (location: C:\Users\User\Trae\Game_project\Trae\Library\PackageCache\com.unity.modules.unityanalytics@1.0.0)
    com.unity.modules.unitywebrequest@1.0.0 (location: C:\Users\User\Trae\Game_project\Trae\Library\PackageCache\com.unity.modules.unitywebrequest@1.0.0)
    com.unity.modules.unitywebrequestassetbundle@1.0.0 (location: C:\Users\User\Trae\Game_project\Trae\Library\PackageCache\com.unity.modules.unitywebrequestassetbundle@1.0.0)
    com.unity.modules.unitywebrequestaudio@1.0.0 (location: C:\Users\User\Trae\Game_project\Trae\Library\PackageCache\com.unity.modules.unitywebrequestaudio@1.0.0)
    com.unity.modules.unitywebrequesttexture@1.0.0 (location: C:\Users\User\Trae\Game_project\Trae\Library\PackageCache\com.unity.modules.unitywebrequesttexture@1.0.0)
    com.unity.modules.unitywebrequestwww@1.0.0 (location: C:\Users\User\Trae\Game_project\Trae\Library\PackageCache\com.unity.modules.unitywebrequestwww@1.0.0)
    com.unity.modules.vehicles@1.0.0 (location: C:\Users\User\Trae\Game_project\Trae\Library\PackageCache\com.unity.modules.vehicles@1.0.0)
    com.unity.modules.video@1.0.0 (location: C:\Users\User\Trae\Game_project\Trae\Library\PackageCache\com.unity.modules.video@1.0.0)
    com.unity.modules.vr@1.0.0 (location: C:\Users\User\Trae\Game_project\Trae\Library\PackageCache\com.unity.modules.vr@1.0.0)
    com.unity.modules.wind@1.0.0 (location: C:\Users\User\Trae\Game_project\Trae\Library\PackageCache\com.unity.modules.wind@1.0.0)
    com.unity.modules.xr@1.0.0 (location: C:\Users\User\Trae\Game_project\Trae\Library\PackageCache\com.unity.modules.xr@1.0.0)
    com.unity.modules.subsystems@1.0.0 (location: C:\Users\User\Trae\Game_project\Trae\Library\PackageCache\com.unity.modules.subsystems@1.0.0)
[Subsystems] No new subsystems found in resolved package list.
Package Manager log level set to [2]
[Package Manager] Done registering packages in 0.24 seconds
[Licensing::Client] Successfully resolved entitlement details
Targeting platform: Android
Refreshing native plugins compatible for Editor in 8.47 ms, found 1 plugins.
Preloading 1 native plugins for Editor in 6.23 ms.
Initialize engine version: 2022.3.62f2 (7670c08855a9)
[Subsystems] Discovering subsystems at path C:/Users/User/Trae/Game_project/2022.3.62f2/Editor/Data/Resources/UnitySubsystems
[Subsystems] Discovering subsystems at path C:/Users/User/Trae/Game_project/Trae/Assets
Forcing GfxDevice: Null
GfxDevice: creating device client; threaded=0; jobified=0
NullGfxDevice:
    Version:  NULL 1.0 [1.0]
    Renderer: Null Device
    Vendor:   Unity Technologies
[Licensing::Client] Successfully resolved entitlement details
Initialize mono
Mono path[0] = 'C:/Users/User/Trae/Game_project/2022.3.62f2/Editor/Data/Managed'
Mono path[1] = 'C:/Users/User/Trae/Game_project/2022.3.62f2/Editor/Data/MonoBleedingEdge/lib/mono/unityjit-win32'
Mono config path = 'C:/Users/User/Trae/Game_project/2022.3.62f2/Editor/Data/MonoBleedingEdge/etc'
Using monoOptions --debugger-agent=transport=dt_socket,embedding=1,server=y,suspend=n,address=127.0.0.1:56076
Using cacheserver namespaces - metadata:defaultmetadata, artifacts:defaultartifacts
Using cacheserver namespaces - metadata:defaultmetadata, artifacts:defaultartifacts
ImportWorker Server TCP listen port: 0
Begin MonoManager ReloadAssembly
Registering precompiled unity dll's ...
Register platform support module: C:/Users/User/Trae/Game_project/2022.3.62f2/Editor/Data/PlaybackEngines/AndroidPlayer/UnityEditor.Android.Extensions.dll
[Licensing::Client] Successfully resolved entitlement details
Register platform support module: C:/Users/User/Trae/Game_project/2022.3.62f2/Editor/Data/PlaybackEngines/iOSSupport/UnityEditor.iOS.Extensions.dll
Register platform support module: C:/Users/User/Trae/Game_project/2022.3.62f2/Editor/Data/PlaybackEngines/WindowsStandaloneSupport/UnityEditor.WindowsStandalone.Extensions.dll
Registered in 0.063574 seconds.
- Loaded All Assemblies, in  1.065 seconds
Native extension for WindowsStandalone target not found
Native extension for iOS target not found
Native extension for Android target not found
Android Extension - Scanning For ADB Devices 2851 ms
Mono: successfully reloaded assembly
- Finished resetting the current domain, in  3.663 seconds
Domain Reload Profiling: 4720ms
	BeginReloadAssembly (305ms)
		ExecutionOrderSort (0ms)
		DisableScriptedObjects (0ms)
		BackupInstance (0ms)
		ReleaseScriptingObjects (0ms)
		CreateAndSetChildDomain (2ms)
	RebuildCommonClasses (101ms)
	RebuildNativeTypeToScriptingClass (25ms)
	initialDomainReloadingComplete (202ms)
	LoadAllAssembliesAndSetupDomain (422ms)
		LoadAssemblies (302ms)
		RebuildTransferFunctionScriptingTraits (0ms)
		AnalyzeDomain (411ms)
			TypeCache.Refresh (408ms)
				TypeCache.ScanAssembly (370ms)
			ScanForSourceGeneratedMonoScriptInfo (1ms)
			ResolveRequiredComponents (1ms)
	FinalizeReload (3664ms)
		ReleaseScriptCaches (0ms)
		RebuildScriptCaches (0ms)
		SetupLoadedEditorAssemblies (3547ms)
			LogAssemblyErrors (0ms)
			InitializePlatformSupportModulesInManaged (3107ms)
			SetLoadedEditorAssemblies (11ms)
			RefreshPlugins (0ms)
			BeforeProcessingInitializeOnLoad (6ms)
			ProcessInitializeOnLoadAttributes (305ms)
			ProcessInitializeOnLoadMethodAttributes (118ms)
			AfterProcessingInitializeOnLoad (0ms)
			EditorAssembliesLoaded (0ms)
		ExecutionOrderSort2 (0ms)
		AwakeInstancesAfterBackupRestoration (0ms)
[Licensing::Client] Successfully resolved entitlement details
[Licensing::Client] Successfully resolved entitlement details
Application.AssetDatabase Initial Refresh Start
[ScriptCompilation] Requested script compilation because: Assetdatabase observed changes in script compilation related files
Starting: C:\Users\User\Trae\Game_project\2022.3.62f2\Editor\Data\bee_backend.exe --ipc --defer-dag-verification --dagfile="Library/Bee/1300b0aE.dag" --continue-on-failure --profile="Library/Bee/backend1.traceevents" ScriptAssemblies
WorkingDir: C:/Users/User/Trae/Game_project/Trae
DisplayProgressbar: Compiling Scripts
ExitCode: 4 Duration: 3s567ms
Rebuilding DAG because FileSignature timestamp changed: Library/Bee/1300b0aE-inputdata.json
[266/269    3s] Csc Library/Bee/artifacts/1300b0aE.dag/Assembly-CSharp-Editor.dll (+2 others)
*** Tundra requires additional run (3.48 seconds), 1 items updated, 265 evaluated
Starting: C:\Users\User\Trae\Game_project\2022.3.62f2\Editor\Data\Tools\netcorerun\netcorerun.exe "C:\Users\User\Trae\Game_project\2022.3.62f2\Editor\Data\Tools\BuildPipeline\ScriptCompilationBuildProgram.exe" "Library/Bee/1300b0aE.dag.json" "Library/Bee/1300b0aE-inputdata.json" "Library\Bee\buildprogram0.traceevents"
WorkingDir: C:/Users/User/Trae/Game_project/Trae
ExitCode: 0 Duration: 0s757ms
Starting: C:\Users\User\Trae\Game_project\2022.3.62f2\Editor\Data\bee_backend.exe --ipc --defer-dag-verification --dagfile="Library/Bee/1300b0aE.dag" --continue-on-failure --dagfilejson="Library\Bee\1300b0aE.dag.json" --profile="Library/Bee/backend2.traceevents" ScriptAssemblies
WorkingDir: C:/Users/User/Trae/Game_project/Trae
ExitCode: 0 Duration: 0s297ms
Finished compiling graph: 272 nodes, 2954 flattened edges (2640 ToBuild, 42 ToUse), maximum node priority 170
[267/269    0s] CopyFiles Library/ScriptAssemblies/Assembly-CSharp-Editor.pdb
[268/269    0s] CopyFiles Library/ScriptAssemblies/Assembly-CSharp-Editor.dll
*** Tundra build success (0.23 seconds), 2 items updated, 269 evaluated
AssetDatabase: script compilation time: 5.959167s
Begin MonoManager ReloadAssembly
- Loaded All Assemblies, in  1.117 seconds
Refreshing native plugins compatible for Editor in 5.79 ms, found 1 plugins.
Preloading 1 native plugins for Editor in 0.23 ms.
Start importing Assets/Trae/Editor/BuildScript.cs using Guid(5d320e2fb8db401498879ed85bda3aa9) Importer(-1,00000000000000000000000000000000) [PhysX] Initialized MultithreadedTaskDispatcher with 36 workers.
 -> (artifact id: '496a8c34a725f7ae0a0fde3255eb61fa') in 0.035032 seconds
Refreshing native plugins compatible for Editor in 5.24 ms, found 1 plugins.
Native extension for WindowsStandalone target not found
Native extension for iOS target not found
Native extension for Android target not found
[CI] RunnerCallbackBootstrap loaded (InitializeOnLoad)
UnityEngine.StackTraceUtility:ExtractStackTrace ()
UnityEngine.DebugLogHandler:LogFormat (UnityEngine.LogType,UnityEngine.Object,string,object[])
UnityEngine.Logger:Log (UnityEngine.LogType,object)
UnityEngine.Debug:Log (object)
Trae.Tools.Editor.TestRunnerCli/RunnerCallbackBootstrap:.cctor () (at Assets/Trae/Scripts/Editor/TestRunnerCli.cs:311)
System.Runtime.CompilerServices.RuntimeHelpers:RunClassConstructor (System.RuntimeTypeHandle)
UnityEditor.EditorAssemblies:ProcessInitializeOnLoadAttributes (System.Type[])

(Filename: Assets/Trae/Scripts/Editor/TestRunnerCli.cs Line: 311)

Mono: successfully reloaded assembly
- Finished resetting the current domain, in  1.029 seconds
Domain Reload Profiling: 2139ms
	BeginReloadAssembly (409ms)
		ExecutionOrderSort (0ms)
		DisableScriptedObjects (15ms)
		BackupInstance (0ms)
		ReleaseScriptingObjects (0ms)
		CreateAndSetChildDomain (62ms)
	RebuildCommonClasses (78ms)
	RebuildNativeTypeToScriptingClass (24ms)
	initialDomainReloadingComplete (69ms)
	LoadAllAssembliesAndSetupDomain (528ms)
		LoadAssemblies (640ms)
		RebuildTransferFunctionScriptingTraits (0ms)
		AnalyzeDomain (103ms)
			TypeCache.Refresh (82ms)
				TypeCache.ScanAssembly (52ms)
			ScanForSourceGeneratedMonoScriptInfo (14ms)
			ResolveRequiredComponents (5ms)
	FinalizeReload (1030ms)
		ReleaseScriptCaches (0ms)
		RebuildScriptCaches (0ms)
		SetupLoadedEditorAssemblies (688ms)
			LogAssemblyErrors (0ms)
			InitializePlatformSupportModulesInManaged (87ms)
			SetLoadedEditorAssemblies (10ms)
			RefreshPlugins (0ms)
			BeforeProcessingInitializeOnLoad (129ms)
			ProcessInitializeOnLoadAttributes (379ms)
			ProcessInitializeOnLoadMethodAttributes (56ms)
			AfterProcessingInitializeOnLoad (26ms)
			EditorAssembliesLoaded (0ms)
		ExecutionOrderSort2 (0ms)
		AwakeInstancesAfterBackupRestoration (22ms)
Refreshing native plugins compatible for Editor in 5.01 ms, found 1 plugins.
Preloading 1 native plugins for Editor in 0.21 ms.
Asset Pipeline Refresh (id=99585692979034242886fd08d3fd471a): Total: 9.211 seconds - Initiated by InitialRefreshV2(ForceSynchronousImport)
	Summary:
		Imports: total=1 (actual=1, local cache=0, cache server=0)
		Asset DB Process Time: managed=7 ms, native=827 ms
		Asset DB Callback time: managed=107 ms, native=13 ms
		Scripting: domain reloads=1, domain reload time=2241 ms, compile time=5963 ms, other=50 ms
		Project Asset Count: scripts=886, non-scripts=125
		Asset File Changes: new=0, changed=1, moved=0, deleted=0
		Scan Filter Count: 0
	InvokeBeforeRefreshCallbacks: 2.471ms
	ApplyChangesToAssetFolders: 0.084ms
	Scan: 122.153ms
	OnSourceAssetsModified: 4.985ms
	GetAllGuidsForCategorization: 0.388ms
	CategorizeAssets: 45.347ms
	ImportOutOfDateAssets: 1111.187ms (-4919.151ms without children)
		ImportManagerImport: 46.703ms (10.818ms without children)
			ImportInProcess: 35.803ms
			UpdateCategorizedAssets: 0.082ms
		CompileScripts: 5963.187ms
		ReloadNativeAssets: 0.001ms
		UnloadImportedAssets: 18.348ms
		ReloadImportedAssets: 0.647ms
		EnsureUptoDateAssetsAreRegisteredWithGuidPM: 0.532ms
		InitializingProgressBar: 0.019ms
		PostProcessAllAssetNotificationsAddChangedAssets: 0.017ms
		OnDemandSchedulerStart: 0.885ms
	PostProcessAllAssets: 105.996ms
	Hotreload: 6.750ms
	GatherAllCurrentPrimaryArtifactRevisions: 0.001ms
	UnloadStreamsBegin: 1.133ms
	PersistCurrentRevisions: 0.268ms
	UnloadStreamsEnd: 0.009ms
	GenerateScriptTypeHashes: 0.960ms
	Untracked: 7809.834ms
Application.AssetDatabase Initial Refresh End
Scanning for USB devices : 9.541ms
Initializing Unity extensions:
[Licensing::Client] Successfully resolved entitlement details
[MODES] ModeService[none].Initialize
[MODES] ModeService[none].LoadModes
[MODES] Loading mode Default (0) for mode-current-id-はい！ドーン！
[PhysX] Initialized MultithreadedTaskDispatcher with 36 workers.
ProgressiveSceneManager::Cancel()
Unloading 3 Unused Serialized files (Serialized files now loaded: 0)
Unloading 26 unused Assets / (469.6 KB). Loaded Objects now: 1130.
Memory consumption went from 89.4 MB to 89.0 MB.
Total: 10.794100 ms (FindLiveObjects: 0.226200 ms CreateObjectMapping: 0.055600 ms MarkObjects: 9.982600 ms  DeleteObjects: 0.527700 ms)

WebRTC apps require a target architecture to be set ARM64. Currently set to ARMv7
UnityEngine.StackTraceUtility:ExtractStackTrace ()
UnityEngine.DebugLogHandler:LogFormat (UnityEngine.LogType,UnityEngine.Object,string,object[])
UnityEngine.Logger:Log (UnityEngine.LogType,object)
UnityEngine.Debug:LogWarning (object)
Unity.WebRTC.Editor.PreprocessBuild:EnsureAndroidArchitecture () (at ./Library/PackageCache/com.unity.webrtc@3.0.0/Editor/BuildProcessor.cs:91)
Unity.WebRTC.Editor.PreprocessBuild:UnityEditor.Build.IPreprocessBuildWithReport.OnPreprocessBuild (UnityEditor.Build.Reporting.BuildReport) (at ./Library/PackageCache/com.unity.webrtc@3.0.0/Editor/BuildProcessor.cs:56)
UnityEditor.Build.BuildPipelineInterfaces/<>c__DisplayClass16_0:<OnBuildPreProcess>b__1 (UnityEditor.Build.IPreprocessBuildWithReport)
UnityEditor.Build.BuildPipelineInterfaces:InvokeCallbackInterfacesPair<UnityEditor.Build.IPreprocessBuild, UnityEditor.Build.IPreprocessBuildWithReport> (System.Collections.Generic.List`1<UnityEditor.Build.IPreprocessBuild>,System.Action`1<UnityEditor.Build.IPreprocessBuild>,System.Collections.Generic.List`1<UnityEditor.Build.IPreprocessBuildWithReport>,System.Action`1<UnityEditor.Build.IPreprocessBuildWithReport>,bool)
UnityEditor.Build.BuildPipelineInterfaces:OnBuildPreProcess (UnityEditor.Build.Reporting.BuildReport)
UnityEditor.BuildPipeline:BuildPlayerInternal (string[],string,string,UnityEditor.BuildTargetGroup,UnityEditor.BuildTarget,int,UnityEditor.BuildOptions,string[])
UnityEditor.BuildPipeline:BuildPlayer (string[],string,string,UnityEditor.BuildTargetGroup,UnityEditor.BuildTarget,int,UnityEditor.BuildOptions,string[])
UnityEditor.BuildPipeline:BuildPlayer (UnityEditor.BuildPlayerOptions)
Trae.Editor.BuildScript:BuildAndroidApk () (at Assets/Trae/Editor/BuildScript.cs:37)

(Filename: ./Library/PackageCache/com.unity.webrtc@3.0.0/Editor/BuildProcessor.cs Line: 91)

WebRTC apps require a internet permission on Android devices.Please check the "Internet Access" on your Build Settings.
UnityEngine.StackTraceUtility:ExtractStackTrace ()
UnityEngine.DebugLogHandler:LogFormat (UnityEngine.LogType,UnityEngine.Object,string,object[])
UnityEngine.Logger:Log (UnityEngine.LogType,object)
UnityEngine.Debug:LogWarning (object)
Unity.WebRTC.Editor.PreprocessBuild:EnsureAndroidInternetPermission () (at ./Library/PackageCache/com.unity.webrtc@3.0.0/Editor/BuildProcessor.cs:101)
Unity.WebRTC.Editor.PreprocessBuild:UnityEditor.Build.IPreprocessBuildWithReport.OnPreprocessBuild (UnityEditor.Build.Reporting.BuildReport) (at ./Library/PackageCache/com.unity.webrtc@3.0.0/Editor/BuildProcessor.cs:57)
UnityEditor.Build.BuildPipelineInterfaces/<>c__DisplayClass16_0:<OnBuildPreProcess>b__1 (UnityEditor.Build.IPreprocessBuildWithReport)
UnityEditor.Build.BuildPipelineInterfaces:InvokeCallbackInterfacesPair<UnityEditor.Build.IPreprocessBuild, UnityEditor.Build.IPreprocessBuildWithReport> (System.Collections.Generic.List`1<UnityEditor.Build.IPreprocessBuild>,System.Action`1<UnityEditor.Build.IPreprocessBuild>,System.Collections.Generic.List`1<UnityEditor.Build.IPreprocessBuildWithReport>,System.Action`1<UnityEditor.Build.IPreprocessBuildWithReport>,bool)
UnityEditor.Build.BuildPipelineInterfaces:OnBuildPreProcess (UnityEditor.Build.Reporting.BuildReport)
UnityEditor.BuildPipeline:BuildPlayerInternal (string[],string,string,UnityEditor.BuildTargetGroup,UnityEditor.BuildTarget,int,UnityEditor.BuildOptions,string[])
UnityEditor.BuildPipeline:BuildPlayer (string[],string,string,UnityEditor.BuildTargetGroup,UnityEditor.BuildTarget,int,UnityEditor.BuildOptions,string[])
UnityEditor.BuildPipeline:BuildPlayer (UnityEditor.BuildPlayerOptions)
Trae.Editor.BuildScript:BuildAndroidApk () (at Assets/Trae/Editor/BuildScript.cs:37)

(Filename: ./Library/PackageCache/com.unity.webrtc@3.0.0/Editor/BuildProcessor.cs Line: 101)

Start importing ProjectSettings/ProjectSettings.asset using Guid(00000000000000004000000000000000) Importer(-1,00000000000000000000000000000000) [PhysX] Initialized MultithreadedTaskDispatcher with 36 workers.
 -> (artifact id: '04975c8b3a0893ef2f31e4ecb7603092') in 0.007182 seconds
Refreshing native plugins compatible for Editor in 4.60 ms, found 1 plugins.
Preloading 1 native plugins for Editor in 0.20 ms.
Asset Pipeline Refresh (id=609d5fa52753edd4d86c798ce7aa9874): Total: 0.032 seconds - Initiated by StopAssetImportingV2(NoUpdateAssetOptions)
DisplayProgressbar: Checking prerequisites
You are making an Android IL2CPP build, but it does not have native 64-bit support.
It is recommended to enable ARM64 in Player Settings: Target Architecture in to natively support 64-bit devices.
UnityEngine.StackTraceUtility:ExtractStackTrace ()
UnityEngine.DebugLogHandler:LogFormat (UnityEngine.LogType,UnityEngine.Object,string,object[])
UnityEngine.Logger:Log (UnityEngine.LogType,object)
UnityEngine.Debug:LogWarning (object)
UnityEditor.Android.PostProcessor.Tasks.CheckPrerequisites:Execute (UnityEditor.Android.PostProcessor.PostProcessorContext) (at /home/bokken/build/output/unity/unity/PlatformDependent/AndroidPlayer/Editor/Managed/PostProcessor/Tasks/CheckPrerequisites.cs:96)
UnityEditor.Android.PostProcessor.PostProcessRunner:RunAllTasks (UnityEditor.Android.PostProcessor.PostProcessorContext) (at /home/bokken/build/output/unity/unity/PlatformDependent/AndroidPlayer/Editor/Managed/PostProcessor/AndroidPostProcessor.cs:112)
UnityEditor.Android.PostProcessAndroidPlayer:PrepareForBuild (UnityEditor.BuildPlayerOptions) (at /home/bokken/build/output/unity/unity/PlatformDependent/AndroidPlayer/Editor/Managed/PostProcessAndroidPlayer.cs:58)
UnityEditor.Android.AndroidBuildPostprocessor:PrepareForBuild (UnityEditor.BuildPlayerOptions) (at /home/bokken/build/output/unity/unity/PlatformDependent/AndroidPlayer/Editor/Managed/ExtensionModule.cs:1004)
UnityEditor.PostprocessBuildPlayer:PrepareForBuild (UnityEditor.BuildPlayerOptions)
UnityEditor.BuildPipeline:BuildPlayerInternal (string[],string,string,UnityEditor.BuildTargetGroup,UnityEditor.BuildTarget,int,UnityEditor.BuildOptions,string[])
UnityEditor.BuildPipeline:BuildPlayer (string[],string,string,UnityEditor.BuildTargetGroup,UnityEditor.BuildTarget,int,UnityEditor.BuildOptions,string[])
UnityEditor.BuildPipeline:BuildPlayer (UnityEditor.BuildPlayerOptions)
Trae.Editor.BuildScript:BuildAndroidApk () (at Assets/Trae/Editor/BuildScript.cs:37)

(Filename: /home/bokken/build/output/unity/unity/PlatformDependent/AndroidPlayer/Editor/Managed/PostProcessor/Tasks/CheckPrerequisites.cs Line: 96)

Android PostProcess task "Checking prerequisites" took 42.2002 ms
DisplayProgressbar: Detect Java Development Kit (JDK)
Android PostProcess task "Detect Java Development Kit (JDK)" took 438.2273 ms
DisplayProgressbar: Detecting Android SDK
AndroidSDKTools:

	root          : C:\Users\User\Trae\Game_project\2022.3.62f2\Editor\Data\PlaybackEngines\AndroidPlayer\SDK
	cmdline-tools : C:\Users\User\Trae\Game_project\2022.3.62f2\Editor\Data\PlaybackEngines\AndroidPlayer\SDK\cmdline-tools\6.0
	platform-tools: C:\Users\User\Trae\Game_project\2022.3.62f2\Editor\Data\PlaybackEngines\AndroidPlayer\SDK\platform-tools
	build-tools   : C:\Users\User\Trae\Game_project\2022.3.62f2\Editor\Data\PlaybackEngines\AndroidPlayer\SDK\build-tools\34.0.0

	adb           : C:\Users\User\Trae\Game_project\2022.3.62f2\Editor\Data\PlaybackEngines\AndroidPlayer\SDK\platform-tools\adb.exe

Android PostProcess task "Detecting Android SDK" took 8327.6322 ms
DisplayProgressbar: Detect Android NDK
Android PostProcess task "Detect Android NDK" took 8.4573 ms
Android PostProcess task "Trying to find a suitable Android device" took 0.9071 ms
DisplayProgressbar: Checking Graphics API compatibility
Android PostProcess task "Checking Graphics API compatibility" took 2.4223 ms
DisplayProgressbar: Check resources
Android PostProcess task "Check resources" took 0.7098 ms
DisplayProgressbar: Check Android Player Settings
Android PostProcess task "Check Android Player Settings" took 0.5564 ms
Launched and connected shader compiler UnityShaderCompiler.exe after 0.15 seconds
Starting: C:\Users\User\Trae\Game_project\2022.3.62f2\Editor\Data\bee_backend.exe --ipc --defer-dag-verification --dagfile="Library/Bee/1300b0aESkipCompile.dag" --continue-on-failure --profile="Library/Bee/backend1.traceevents" ScriptAssembliesAndTypeDB
WorkingDir: C:/Users/User/Trae/Game_project/Trae
DisplayProgressbar: Compiling Scripts
ExitCode: 0 Duration: 0s275ms
*** Tundra build success (0.19 seconds), 0 items updated, 3 evaluated
Asset Pipeline Refresh (id=050b6821fe738de418dd892626ff84bd): Total: 0.009 seconds - Initiated by RefreshV2(NoUpdateAssetOptions)
[ScriptCompilation] Requested script compilation because: Recompiling scripts for player build.
BuildPlayer: start building target 13
Starting: C:\Users\User\Trae\Game_project\2022.3.62f2\Editor\Data\bee_backend.exe --ipc --defer-dag-verification --dagfile="Library/Bee/1300b0aP.dag" --continue-on-failure --profile="Library/Bee/backend1.traceevents" ScriptAssembliesAndTypeDB
WorkingDir: C:/Users/User/Trae/Game_project/Trae
ExitCode: 0 Duration: 0s652ms
[133/157    0s] CopyFiles Library/Bee/PlayerScriptAssemblies/Trae.Core.dll
[134/157    0s] CopyFiles Library/Bee/PlayerScriptAssemblies/UnityEngine.UI.dll
[135/157    0s] CopyFiles Library/Bee/PlayerScriptAssemblies/Trae.Voice.dll
[136/157    0s] CopyFiles Library/Bee/PlayerScriptAssemblies/Trae.Core.pdb
[137/157    0s] CopyFiles Library/Bee/PlayerScriptAssemblies/Trae.Voice.pdb
[138/157    0s] CopyFiles Library/Bee/PlayerScriptAssemblies/UnityEngine.UI.pdb
[139/157    0s] CopyFiles Library/Bee/PlayerScriptAssemblies/Trae.Audio.dll
[140/157    0s] CopyFiles Library/Bee/PlayerScriptAssemblies/Trae.Input.pdb
[141/157    0s] CopyFiles Library/Bee/PlayerScriptAssemblies/Trae.Audio.pdb
[142/157    0s] CopyFiles Library/Bee/PlayerScriptAssemblies/Unity.WebRTC.pdb
[143/157    0s] CopyFiles Library/Bee/PlayerScriptAssemblies/Trae.Data.dll
[144/157    0s] CopyFiles Library/Bee/PlayerScriptAssemblies/Unity.WebRTC.dll
[145/157    0s] CopyFiles Library/Bee/PlayerScriptAssemblies/Trae.Data.pdb
[146/157    0s] CopyFiles Library/Bee/PlayerScriptAssemblies/Trae.Input.dll
[147/157    0s] CopyFiles Library/Bee/PlayerScriptAssemblies/Trae.Gameplay.pdb
[148/157    0s] CopyFiles Library/Bee/PlayerScriptAssemblies/Trae.Gameplay.dll
[149/157    0s] CopyFiles Library/Bee/PlayerScriptAssemblies/Trae.UI.pdb
[150/157    0s] CopyFiles Library/Bee/PlayerScriptAssemblies/Trae.UI.dll
[151/157    0s] CopyFiles Library/Bee/PlayerScriptAssemblies/Assembly-CSharp.dll
[152/157    0s] CopyFiles Library/Bee/PlayerScriptAssemblies/Assembly-CSharp.pdb
[153/157    0s] CopyFiles Library/Bee/PlayerScriptAssemblies/UnityEngine.TestRunner.dll
[154/157    0s] CopyFiles Library/Bee/PlayerScriptAssemblies/UnityEngine.TestRunner.pdb
*** Tundra build success (0.59 seconds), 22 items updated, 157 evaluated
Not rebuilding Data files -- no changes
Asset Pipeline Refresh (id=b000146aa945b214092788dae3e07f7d): Total: 0.014 seconds - Initiated by RefreshV2(NoUpdateAssetOptions)


Mono dependencies included in the build
Dependency assembly - System.Net.AuthenticationManager.dll
Dependency assembly - System.Reflection.DispatchProxy.dll
Dependency assembly - System.Linq.dll
Dependency assembly - Accessibility.dll
Dependency assembly - System.IO.FileSystem.Watcher.dll
Dependency assembly - System.Reflection.Emit.ILGeneration.dll
Dependency assembly - System.Runtime.InteropServices.RuntimeInformation.dll
Dependency assembly - System.Runtime.InteropServices.dll
Dependency assembly - System.IdentityModel.Selectors.dll
Dependency assembly - System.Net.Security.dll
Dependency assembly - System.Net.WebSockets.Client.dll
Dependency assembly - System.Runtime.Serialization.Json.dll
Dependency assembly - System.Reflection.Context.dll
Dependency assembly - System.Net.NetworkInformation.dll
Dependency assembly - System.Messaging.dll
Dependency assembly - System.dll
Dependency assembly - System.ComponentModel.Primitives.dll
Dependency assembly - System.Diagnostics.TextWriterTraceListener.dll
Dependency assembly - System.Security.Cryptography.Primitives.dll
Dependency assembly - System.Security.Cryptography.Csp.dll
Dependency assembly - System.Management.dll
Dependency assembly - System.Windows.Forms.dll
Dependency assembly - System.Net.ServicePoint.dll
Dependency assembly - System.Security.Cryptography.Encryption.ECDsa.dll
Dependency assembly - System.Runtime.Numerics.dll
Dependency assembly - System.ServiceModel.Primitives.dll
Dependency assembly - System.ServiceModel.Web.dll
Dependency assembly - System.DirectoryServices.dll
Dependency assembly - System.Reflection.Primitives.dll
Dependency assembly - System.Collections.Concurrent.dll
Dependency assembly - System.Security.Cryptography.OpenSsl.dll
Dependency assembly - System.Data.Linq.dll
Dependency assembly - System.DirectoryServices.Protocols.dll
Dependency assembly - System.Diagnostics.TraceEvent.dll
Dependency assembly - System.ComponentModel.EventBasedAsync.dll
Dependency assembly - System.Net.WebHeaderCollection.dll
Dependency assembly - System.IO.FileSystem.dll
Dependency assembly - System.Net.Requests.dll
Dependency assembly - System.ServiceProcess.ServiceController.dll
Dependency assembly - System.Runtime.InteropServices.WindowsRuntime.dll
Dependency assembly - System.ServiceProcess.dll
Dependency assembly - System.Net.WebSockets.dll
Dependency assembly - UnityEngine.UI.dll
Dependency assembly - System.Configuration.dll
Dependency assembly - System.Security.AccessControl.dll
Dependency assembly - System.Diagnostics.Debug.dll
Dependency assembly - System.Windows.Forms.DataVisualization.dll
Dependency assembly - System.Collections.NonGeneric.dll
Dependency assembly - System.Xaml.dll
Dependency assembly - System.EnterpriseServices.dll
Dependency assembly - System.Runtime.DurableInstancing.dll
Dependency assembly - System.Web.DynamicData.dll
Dependency assembly - System.Security.Cryptography.ProtectedData.dll
Dependency assembly - System.Security.Cryptography.X509Certificates.dll
Dependency assembly - Trae.Audio.dll
Dependency assembly - System.Collections.dll
Dependency assembly - System.Web.dll
Dependency assembly - System.ServiceModel.dll
Dependency assembly - System.Resources.ReaderWriter.dll
Dependency assembly - System.Net.Cache.dll
Dependency assembly - System.ServiceModel.Discovery.dll
Dependency assembly - System.Web.Extensions.Design.dll
Dependency assembly - System.Linq.Parallel.dll
Dependency assembly - System.IO.IsolatedStorage.dll
Dependency assembly - System.Xml.Xsl.Primitives.dll
Dependency assembly - System.Runtime.Remoting.dll
Dependency assembly - System.Diagnostics.Contracts.dll
Dependency assembly - System.Xml.XmlSerializer.dll
Dependency assembly - Assembly-CSharp.dll
Dependency assembly - Trae.Core.dll
Dependency assembly - Mono.Security.dll
Dependency assembly - System.Xml.Linq.dll
Dependency assembly - System.Drawing.Design.dll
Dependency assembly - System.Linq.Expressions.dll
Dependency assembly - System.Runtime.Loader.dll
Dependency assembly - System.Resources.Reader.dll
Dependency assembly - System.Transactions.dll
Dependency assembly - System.ServiceModel.Security.dll
Dependency assembly - System.Data.Services.dll
Dependency assembly - System.Linq.Queryable.dll
Dependency assembly - System.Reflection.Emit.Lightweight.dll
Dependency assembly - System.ServiceModel.Http.dll
Dependency assembly - System.Resources.Writer.dll
Dependency assembly - System.IO.UnmanagedMemoryStream.dll
Dependency assembly - System.Threading.Overlapped.dll
Dependency assembly - System.Xml.dll
Dependency assembly - System.Xml.XDocument.dll
Dependency assembly - System.Xml.XPath.XmlDocument.dll
Dependency assembly - Microsoft.Win32.Registry.dll
Dependency assembly - System.ComponentModel.TypeConverter.dll
Dependency assembly - System.Xml.XPath.XDocument.dll
Dependency assembly - Microsoft.CSharp.dll
Dependency assembly - System.Security.Cryptography.Hashing.Algorithms.dll
Dependency assembly - System.Windows.dll
Dependency assembly - System.Net.Utilities.dll
Dependency assembly - System.ComponentModel.DataAnnotations.dll
Dependency assembly - System.IO.Compression.FileSystem.dll
Dependency assembly - System.Security.Cryptography.Encoding.dll
Dependency assembly - System.Text.Encoding.CodePages.dll
Dependency assembly - System.Buffers.dll
Dependency assembly - System.Xml.Serialization.dll
Dependency assembly - System.Security.Cryptography.RSA.dll
Dependency assembly - System.Net.Ping.dll
Dependency assembly - System.Configuration.Install.dll
Dependency assembly - System.Resources.ResourceManager.dll
Dependency assembly - System.IO.Compression.dll
Dependency assembly - System.IO.FileSystem.DriveInfo.dll
Dependency assembly - System.Runtime.Extensions.dll
Dependency assembly - System.Net.Primitives.dll
Dependency assembly - System.Reflection.dll
Dependency assembly - mscorlib.dll
Dependency assembly - System.Dynamic.Runtime.dll
Dependency assembly - Microsoft.Win32.Primitives.dll
Dependency assembly - System.Xml.ReaderWriter.dll
Dependency assembly - System.ComponentModel.dll
Dependency assembly - System.ServiceModel.NetTcp.dll
Dependency assembly - Microsoft.Win32.Registry.AccessControl.dll
Dependency assembly - System.Web.Services.dll
Dependency assembly - System.IO.Compression.ZipFile.dll
Dependency assembly - System.ServiceModel.Activation.dll
Dependency assembly - System.Web.RegularExpressions.dll
Dependency assembly - System.Text.Encoding.Extensions.dll
Dependency assembly - System.AppContext.dll
Dependency assembly - System.Net.Http.WebRequest.dll
Dependency assembly - System.Security.Cryptography.Pkcs.dll
Dependency assembly - System.Threading.Tasks.dll
Dependency assembly - Trae.Data.dll
Dependency assembly - System.Net.Sockets.dll
Dependency assembly - System.Security.SecureString.dll
Dependency assembly - System.Net.Http.dll
Dependency assembly - netstandard.dll
Dependency assembly - System.ServiceModel.Internals.dll
Dependency assembly - Trae.UI.dll
Dependency assembly - System.Data.SqlClient.dll
Dependency assembly - System.IO.dll
Dependency assembly - System.Security.Principal.dll
Dependency assembly - System.Data.Services.Client.dll
Dependency assembly - System.ObjectModel.dll
Dependency assembly - System.Diagnostics.StackTrace.dll
Dependency assembly - System.Xml.XPath.dll
Dependency assembly - System.Runtime.Caching.dll
Dependency assembly - System.Diagnostics.Tracing.dll
Dependency assembly - System.Design.dll
Dependency assembly - System.Runtime.dll
Dependency assembly - System.Drawing.dll
Dependency assembly - System.Diagnostics.Tools.dll
Dependency assembly - System.Text.RegularExpressions.dll
Dependency assembly - System.Security.Cryptography.Algorithms.dll
Dependency assembly - System.Numerics.dll
Dependency assembly - System.Xml.XmlDocument.dll
Dependency assembly - System.IO.MemoryMappedFiles.dll
Dependency assembly - System.IO.FileSystem.AccessControl.dll
Dependency assembly - System.Threading.Tasks.Parallel.dll
Dependency assembly - Trae.Input.dll
Dependency assembly - System.Numerics.Vectors.dll
Dependency assembly - System.ComponentModel.Composition.dll
Dependency assembly - System.IO.Pipes.dll
Dependency assembly - System.Security.Cryptography.DeriveBytes.dll
Dependency assembly - System.Globalization.dll
Dependency assembly - System.Runtime.CompilerServices.VisualC.dll
Dependency assembly - System.Net.Mail.dll
Dependency assembly - System.Net.HttpListener.dll
Dependency assembly - System.Globalization.Calendars.dll
Dependency assembly - System.ValueTuple.dll
Dependency assembly - System.Reflection.TypeExtensions.dll
Dependency assembly - System.Reflection.Extensions.dll
Dependency assembly - System.Security.Cryptography.Encryption.ECDiffieHellman.dll
Dependency assembly - System.Data.Entity.dll
Dependency assembly - System.Diagnostics.TraceSource.dll
Dependency assembly - System.ComponentModel.Annotations.dll
Dependency assembly - System.Net.NameResolution.dll
Dependency assembly - System.Threading.Thread.dll
Dependency assembly - System.Data.dll
Dependency assembly - System.Runtime.Serialization.Formatters.Soap.dll
Dependency assembly - System.Threading.Timer.dll
Dependency assembly - System.Runtime.Serialization.Xml.dll
Dependency assembly - System.IO.FileSystem.Primitives.dll
Dependency assembly - System.IdentityModel.dll
Dependency assembly - System.Runtime.Serialization.dll
Dependency assembly - System.Text.Encoding.dll
Dependency assembly - System.ServiceModel.Routing.dll
Dependency assembly - System.Runtime.Handles.dll
Dependency assembly - System.Runtime.Serialization.Primitives.dll
Dependency assembly - System.Reflection.Emit.dll
Dependency assembly - System.Security.dll
Dependency assembly - System.ServiceModel.Duplex.dll
Dependency assembly - System.Threading.Tasks.Extensions.dll
Dependency assembly - System.Runtime.Serialization.Formatters.dll
Dependency assembly - System.Data.OracleClient.dll
Dependency assembly - System.Security.Principal.Windows.dll
Dependency assembly - System.Console.dll
Dependency assembly - System.Threading.ThreadPool.dll
Dependency assembly - System.Diagnostics.Process.dll
Dependency assembly - System.Web.ApplicationServices.dll
Dependency assembly - System.Diagnostics.FileVersionInfo.dll
Dependency assembly - System.Collections.Specialized.dll
Dependency assembly - System.Security.Claims.dll
Dependency assembly - System.Memory.dll
Dependency assembly - System.Security.Cryptography.Hashing.dll
Dependency assembly - System.Security.Cryptography.Encryption.Aes.dll
Dependency assembly - Trae.Voice.dll
Dependency assembly - System.Web.Extensions.dll
Dependency assembly - Mono.Data.Tds.dll
Dependency assembly - System.Net.dll
Dependency assembly - System.Security.Cryptography.Encryption.dll
Dependency assembly - System.Threading.dll
Dependency assembly - Mono.Data.Sqlite.dll
Dependency assembly - Trae.Gameplay.dll
Dependency assembly - Unity.WebRTC.dll
Dependency assembly - System.Core.dll
Dependency assembly - System.Data.Common.dll
Dependency assembly - System.Drawing.Primitives.dll
Dependency assembly - System.Threading.AccessControl.dll
Dependency assembly - System.Security.Cryptography.Cng.dll
Dependency assembly - System.Json.dll
Dependency assembly - System.Data.DataSetExtensions.dll
Dependency assembly - System.Security.Cryptography.RandomNumberGenerator.dll
Dependency assembly - System.Globalization.Extensions.dll

DisplayProgressbar: Initializing
Android PostProcess task "Initializing" took 1.4438 ms
DisplayProgressbar: Check gradle project collisions
Android PostProcess task "Check gradle project collisions" took 0.8677 ms
DisplayProgressbar: Preparing banner
Android PostProcess task "Preparing banner" took 1.0056 ms
Starting: C:\Users\User\Trae\Game_project\2022.3.62f2\Editor\Data\bee_backend.exe --ipc --dagfile="Library/Bee/Playerf6821801.dag" --profile="Library/Bee/backend1.traceevents" Player
WorkingDir: C:/Users/User/Trae/Game_project/Trae
DisplayProgressbar: Incremental Player Build
ExitCode: 4 Duration: 0s301ms
Starting: C:\Users\User\Trae\Game_project\2022.3.62f2\Editor\Data\Tools\netcorerun\netcorerun.exe "C:\Users\User\Trae\Game_project\2022.3.62f2\Editor\Data\PlaybackEngines\AndroidPlayer\AndroidPlayerBuildProgram.exe" "C:/Users/User/Trae/Game_project/2022.3.62f2/Editor/Data/PlaybackEngines/AndroidPlayer/Bee;C:/Users/User/Trae/Game_project/2022.3.62f2/Editor/Data/Tools/BuildPipeline" "Library/Bee/Playerf6821801.dag.json" "Library/Bee/Playerf6821801-inputdata.json" "Library\Bee\buildprogram0.traceevents"
WorkingDir: C:/Users/User/Trae/Game_project/Trae
ExitCode: 0 Duration: 1s657ms
Starting: C:\Users\User\Trae\Game_project\2022.3.62f2\Editor\Data\bee_backend.exe --ipc --dagfile="Library/Bee/Playerf6821801.dag" --dagfilejson="Library\Bee\Playerf6821801.dag.json" --profile="Library/Bee/backend2.traceevents" Player
WorkingDir: C:/Users/User/Trae/Game_project/Trae
ExitCode: 0 Duration: 1s278ms
DisplayProgressbar: Calling IPostGenerateGradleAndroidProject callbacks
Calling IPostGenerateGradleAndroidProject callbacks on 'C:\Users\User\Trae\Game_project\Trae\Library\Bee\Android\Prj\IL2CPP\Gradle\unityLibrary':
Android PostProcess task "Calling IPostGenerateGradleAndroidProject callbacks" took 4.0224 ms
Android PostProcess task "Cloud Diagnostics Symbol Upload" took 0.5371 ms
DisplayProgressbar: Building Gradle project
Android PostProcess task "Building Gradle project" took 111529.135 ms
DisplayProgressbar: Processing Mapping File
Android PostProcess task "Processing Mapping File" took 0.8567 ms
DisplayProgressbar: Moving output package(s)
Android PostProcess task "Moving output package(s)" took 18.1037 ms
Refreshing native plugins compatible for Editor in 4.95 ms, found 1 plugins.
Preloading 1 native plugins for Editor in 0.21 ms.

-------------------------------------------------------------------------------
Build Report
Information on used Assets is not available, since player data was not rebuilt.
Do a clean build to view the Asset build report information.
-------------------------------------------------------------------------------
[Licensing::Client] Successfully resolved entitlement details
Unloading 2 Unused Serialized files (Serialized files now loaded: 0)
Unloading 27 unused Assets / (0.7 MB). Loaded Objects now: 1149.
Memory consumption went from 91.6 MB to 90.9 MB.
Total: 9.178600 ms (FindLiveObjects: 0.296600 ms CreateObjectMapping: 0.048100 ms MarkObjects: 8.016700 ms  DeleteObjects: 0.815600 ms)

DisplayProgressNotification: Build Successful
Build Finished, Result: Success.
##utp:{"type":"PlayerBuildInfo","version":2,"phase":"Immediate","time":1760149378808,"processId":44076,"steps":[{"description":"Preprocess Player","duration":27},{"description":"Prepare For Build","duration":8850},{"description":"ProducePlayerScriptAssemblies","duration":1875},{"description":"Verify Build setup","duration":156},{"description":"Prepare assets for target platform","duration":34},{"description":"Prepare splash screen","duration":2},{"description":"Run script only build","duration":140},{"description":"Postprocess built player","duration":115668}],"duration":126752}
[PhysX] Initialized MultithreadedTaskDispatcher with 36 workers.
Unloading 0 Unused Serialized files (Serialized files now loaded: 0)
Loaded scene 'Temp/__Backupscenes/0.backup'
	Deserialize:            1.521 ms
	Integration:            8.289 ms
	Integration of assets:  0.005 ms
	Thread Wait Time:       0.032 ms
	Total Operation Time:   9.848 ms
Unloading 0 unused Assets / (0 B). Loaded Objects now: 1149.
Memory consumption went from 89.3 MB to 89.3 MB.
Total: 9.227200 ms (FindLiveObjects: 0.155400 ms CreateObjectMapping: 0.040100 ms MarkObjects: 9.021900 ms  DeleteObjects: 0.008400 ms)

Build succeeded: 280 MB
UnityEngine.StackTraceUtility:ExtractStackTrace ()
UnityEngine.DebugLogHandler:LogFormat (UnityEngine.LogType,UnityEngine.Object,string,object[])
UnityEngine.Logger:Log (UnityEngine.LogType,object)
UnityEngine.Debug:Log (object)
Trae.Editor.BuildScript:Check (UnityEditor.Build.Reporting.BuildReport) (at Assets/Trae/Editor/BuildScript.cs:74)
Trae.Editor.BuildScript:BuildAndroidApk () (at Assets/Trae/Editor/BuildScript.cs:44)

(Filename: Assets/Trae/Editor/BuildScript.cs Line: 74)

Batchmode quit successfully invoked - shutting down!
Killing ADB server in 0.1564151 seconds.
[PhysX] Initialized MultithreadedTaskDispatcher with 36 workers.
Input System module state changed to: ShutdownInProgress.
Input System polling thread exited.
Input System module state changed to: Shutdown.
[Licensing::IpcConnector] LicenseClient-User-notifications channel disconnected successfully.
[Licensing::IpcConnector] LicenseClient-User channel disconnected successfully.
Cleanup mono
[Performance] WinEditorMain                                                                                                  :        1 samples, Peak.   442 ms (1.0x), Avg.   442 ms, Total. 441.5 ms (0.3%)
[Performance] WinEditorMain.ConfigureCrashHandler                                                                            :        1 samples, Peak.   150 us (1.0x), Avg.   150 us, Total. 150.3 us (0.0%)
[Performance] WinEditorMain.CurlRequestInitialize                                                                            :        1 samples, Peak.  1.46 ms (1.0x), Avg.  1.46 ms, Total. 1.460 ms (0.0%)
[Performance] WinEditorMain.SetupLogFile                                                                                     :        1 samples, Peak.  1.26 ms (1.0x), Avg.  1.26 ms, Total. 1.256 ms (0.0%)
[Performance] WinEditorMain.RunNativeTestsIfRequiredAndExit                                                                  :        1 samples, Peak.   500 ns (1.0x), Avg.   500 ns, Total. 500.0 ns (0.0%)
[Performance] WinEditorMain.Licensing                                                                                        :        1 samples, Peak.   339 ms (1.0x), Avg.   339 ms, Total. 338.6 ms (0.2%)
[Performance] WinEditorMain.InitializeCrashHandler                                                                           :        1 samples, Peak.  15.5 ms (1.0x), Avg.  15.5 ms, Total. 15.53 ms (0.0%)
[Performance] WinEditorMain.CreateApplication                                                                                :        1 samples, Peak.  67.3 ms (1.0x), Avg.  67.3 ms, Total. 67.32 ms (0.0%)
[Performance] Application.InitializeProject                                                                                  :        1 samples, Peak.  16.9 s (1.0x), Avg.  16.9 s, Total. 16.90 s (10.6%)
[Performance] Application.PackageManager.StartServer                                                                         :        1 samples, Peak.  18.6 ms (1.0x), Avg.  18.6 ms, Total. 18.62 ms (0.0%)
[Performance] Application.AcquireProjectLock                                                                                 :        1 samples, Peak.  11.6 ms (1.0x), Avg.  11.6 ms, Total. 11.55 ms (0.0%)
[Performance] Application.InitializeEngineNoGraphics                                                                         :        1 samples, Peak.   172 ms (1.0x), Avg.   172 ms, Total. 171.7 ms (0.1%)
[Performance] Application.PackageManager.Initialize                                                                          :        1 samples, Peak.  1.13 s (1.0x), Avg.  1.13 s, Total. 1.131 s (0.7%)
[Performance] Connecting to Package Manager                                                                                  :      114 samples, Peak.   151 us (58.3x), Avg.  2.59 us, Total. 295.7 us (0.0%)
[Performance] Application.EngineGraphics.Initialize                                                                          :        1 samples, Peak.  44.8 ms (1.0x), Avg.  44.8 ms, Total. 44.83 ms (0.0%)
[Performance] Application.GI.Initialize                                                                                      :        1 samples, Peak.  11.6 ms (1.0x), Avg.  11.6 ms, Total. 11.65 ms (0.0%)
[Performance] Application.LoadAllDefaultResourcesFromEditor                                                                  :        1 samples, Peak.  6.01 ms (1.0x), Avg.  6.01 ms, Total. 6.009 ms (0.0%)
[Performance] Application.LoadMonoAssemblies                                                                                 :        1 samples, Peak.  4.78 s (1.0x), Avg.  4.78 s, Total. 4.778 s (3.0%)
[Performance] RestoreManagedReferences                                                                                       :        2 samples, Peak.   137 ms (2.0x), Avg.  68.6 ms, Total. 137.2 ms (0.1%)
[Performance] InitializeOnLoad DrivenRectTransformUndo                                                                       :        2 samples, Peak.  1.12 ms (1.1x), Avg.  1.02 ms, Total. 2.046 ms (0.0%)
[Performance] InitializeOnLoad SceneSearch                                                                                   :        2 samples, Peak.   321 us (1.1x), Avg.   288 us, Total. 576.8 us (0.0%)
[Performance] InitializeOnLoad CloudBuild                                                                                    :        2 samples, Peak.  15.0 us (1.1x), Avg.  13.3 us, Total. 26.60 us (0.0%)
[Performance] InitializeOnLoad NativeFormatImporterUtility                                                                   :        2 samples, Peak.  7.20 ms (1.2x), Avg.  5.85 ms, Total. 11.69 ms (0.0%)
[Performance] InitializeOnLoad SearchService                                                                                 :        2 samples, Peak.   312 us (1.0x), Avg.   299 us, Total. 598.8 us (0.0%)
[Performance] InitializeOnLoad SettingsService                                                                               :        2 samples, Peak.  51.6 us (1.3x), Avg.  39.7 us, Total. 79.30 us (0.0%)
[Performance] InitializeOnLoad WindowLayout                                                                                  :        2 samples, Peak.   693 us (1.1x), Avg.   617 us, Total. 1.233 ms (0.0%)
[Performance] InitializeOnLoad AssetStoreContext                                                                             :        2 samples, Peak.  69.5 ms (1.7x), Avg.  40.7 ms, Total. 81.41 ms (0.1%)
[Performance] InitializeOnLoad PoolManager                                                                                   :        2 samples, Peak.  1.99 ms (1.2x), Avg.  1.65 ms, Total. 3.309 ms (0.0%)
[Performance] InitializeOnLoad MixerEffectDefinitionReloader                                                                 :        2 samples, Peak.  7.44 ms (1.3x), Avg.  5.63 ms, Total. 11.26 ms (0.0%)
[Performance] InitializeOnLoad ProjectSearch                                                                                 :        2 samples, Peak.   161 us (1.1x), Avg.   144 us, Total. 287.7 us (0.0%)
[Performance] InitializeOnLoad UISystemProfilerRenderService                                                                 :        2 samples, Peak.  24.7 us (1.0x), Avg.  23.6 us, Total. 47.10 us (0.0%)
[Performance] InitializeOnLoad EditMode                                                                                      :        2 samples, Peak.  1.16 ms (1.1x), Avg.  1.03 ms, Total. 2.052 ms (0.0%)
[Performance] InitializeOnLoad UnityConnect                                                                                  :        2 samples, Peak.   154 us (1.1x), Avg.   142 us, Total. 283.9 us (0.0%)
[Performance] InitializeOnLoad ManagedDebugger                                                                               :        2 samples, Peak.  1.55 ms (1.0x), Avg.  1.54 ms, Total. 3.081 ms (0.0%)
[Performance] InitializeOnLoad ShortcutIntegration                                                                           :        2 samples, Peak.   194 us (1.1x), Avg.   171 us, Total. 341.5 us (0.0%)
[Performance] InitializeOnLoad AddComponentWindow                                                                            :        2 samples, Peak.   297 us (1.0x), Avg.   291 us, Total. 582.5 us (0.0%)
[Performance] InitializeOnLoad ManagedDebuggerWindow                                                                         :        2 samples, Peak.   729 us (1.4x), Avg.   525 us, Total. 1.050 ms (0.0%)
[Performance] InitializeOnLoad CacheServerWindow                                                                             :        2 samples, Peak.  32.4 us (1.2x), Avg.  26.5 us, Total. 53.10 us (0.0%)
[Performance] InitializeOnLoad PlayModeDownload                                                                              :        2 samples, Peak.  14.3 ms (2.0x), Avg.  7.26 ms, Total. 14.52 ms (0.0%)
[Performance] InitializeOnLoad MenuItems                                                                                     :        2 samples, Peak.   329 us (1.3x), Avg.   257 us, Total. 514.7 us (0.0%)
[Performance] InitializeOnLoad PrefabInstanceChangedListener                                                                 :        2 samples, Peak.   503 us (1.2x), Avg.   418 us, Total. 836.4 us (0.0%)
[Performance] InitializeOnLoad ObjectSelectorSearch                                                                          :        2 samples, Peak.   150 us (1.1x), Avg.   136 us, Total. 272.1 us (0.0%)
[Performance] InitializeOnLoad EditorMonitor                                                                                 :        2 samples, Peak.  1.80 ms (1.0x), Avg.  1.78 ms, Total. 3.564 ms (0.0%)
[Performance] InitializeOnLoad RetainedMode                                                                                  :        2 samples, Peak.  8.35 ms (1.2x), Avg.  7.14 ms, Total. 14.28 ms (0.0%)
[Performance] InitializeOnLoad EditorShaderLoader                                                                            :        2 samples, Peak.  2.87 ms (1.2x), Avg.  2.32 ms, Total. 4.637 ms (0.0%)
[Performance] InitializeOnLoad EditorDelegateRegistration                                                                    :        2 samples, Peak.  1.70 ms (1.1x), Avg.  1.58 ms, Total. 3.169 ms (0.0%)
[Performance] InitializeOnLoad UIDocumentHierarchyWatcher                                                                    :        2 samples, Peak.   318 us (1.2x), Avg.   264 us, Total. 528.3 us (0.0%)
[Performance] InitializeOnLoad LiveReloadTrackerCreator                                                                      :        2 samples, Peak.   557 us (1.1x), Avg.   530 us, Total. 1.060 ms (0.0%)
[Performance] InitializeOnLoad UxmlObjectEditorFactories                                                                     :        2 samples, Peak.  1.50 ms (1.1x), Avg.  1.37 ms, Total. 2.733 ms (0.0%)
[Performance] InitializeOnLoad UXMLEditorFactories                                                                           :        2 samples, Peak.   172 ms (1.1x), Avg.   160 ms, Total. 320.7 ms (0.2%)
[Performance] InitializeOnLoad PurchasingService                                                                             :        2 samples, Peak.  24.9 ms (1.1x), Avg.  22.0 ms, Total. 44.04 ms (0.0%)
[Performance] InitializeOnLoad CloudBuildPoller                                                                              :        2 samples, Peak.   454 us (1.2x), Avg.   365 us, Total. 729.9 us (0.0%)
[Performance] InitializeOnLoad EditorGameServicesAnalytics                                                                   :        2 samples, Peak.  4.17 ms (1.1x), Avg.  3.92 ms, Total. 7.835 ms (0.0%)
[Performance] InitializeOnLoad AnalyticsService                                                                              :        2 samples, Peak.  1.07 ms (1.3x), Avg.   806 us, Total. 1.612 ms (0.0%)
[Performance] InitializeOnLoad BuildService                                                                                  :        2 samples, Peak.   446 us (1.0x), Avg.   427 us, Total. 854.2 us (0.0%)
[Performance] InitializeOnLoad AdsService                                                                                    :        2 samples, Peak.  1.23 ms (1.1x), Avg.  1.14 ms, Total. 2.275 ms (0.0%)
[Performance] InitializeOnLoad UDPService                                                                                    :        2 samples, Peak.   482 us (1.0x), Avg.   473 us, Total. 945.3 us (0.0%)
[Performance] InitializeOnLoad CrashService                                                                                  :        2 samples, Peak.   453 us (1.0x), Avg.   444 us, Total. 887.5 us (0.0%)
[Performance] InitializeOnLoad ServicesRepository                                                                            :        2 samples, Peak.  2.00 us (1.2x), Avg.  1.65 us, Total. 3.300 us (0.0%)
[Performance] InitializeOnLoad SearchWindow                                                                                  :        2 samples, Peak.   376 us (1.2x), Avg.   321 us, Total. 641.3 us (0.0%)
[Performance] InitializeOnLoad CustomIndexers                                                                                :        2 samples, Peak.  43.5 ms (1.0x), Avg.  42.7 ms, Total. 85.42 ms (0.1%)
[Performance] InitializeOnLoad SearchMonitor                                                                                 :        2 samples, Peak.  3.01 ms (1.2x), Avg.  2.53 ms, Total. 5.056 ms (0.0%)
[Performance] InitializeOnLoad ParameterControllerEditor                                                                     :        2 samples, Peak.  37.6 us (1.1x), Avg.  35.7 us, Total. 71.50 us (0.0%)
[Performance] InitializeOnLoad LayerSettingsWindow                                                                           :        2 samples, Peak.  49.7 us (1.6x), Avg.  30.4 us, Total. 60.80 us (0.0%)
[Performance] InitializeOnLoad PackageManagerHookGUIDConverter.RegisterPackagesEventHandler                                  :        2 samples, Peak.  1.95 ms (1.7x), Avg.  1.16 ms, Total. 2.312 ms (0.0%)
[Performance] InitializeOnLoad EditorDragAndDrop.RegisterEditorClient                                                        :        2 samples, Peak.   665 us (1.2x), Avg.   559 us, Total. 1.119 ms (0.0%)
[Performance] InitializeOnLoad EditorEventCallbacks.InitializeFontAssetResourceChangeCallBacks                               :        2 samples, Peak.  3.53 ms (1.1x), Avg.  3.28 ms, Total. 6.558 ms (0.0%)
[Performance] InitializeOnLoad SceneTemplateService.Init                                                                     :        2 samples, Peak.  3.59 ms (1.1x), Avg.  3.32 ms, Total. 6.639 ms (0.0%)
[Performance] InitializeOnLoad DiagnosticSwitchesConsoleMessage.Init                                                         :        2 samples, Peak.  18.9 ms (1.7x), Avg.  10.9 ms, Total. 21.81 ms (0.0%)
[Performance] InitializeOnLoad PackageManagerWindow.EditorInitializedInSafeMode                                              :        2 samples, Peak.  67.5 ms (2.0x), Avg.  34.0 ms, Total. 67.95 ms (0.0%)
[Performance] InitializeOnLoad ToolShortcutContext.Init                                                                      :        2 samples, Peak.   531 us (1.2x), Avg.   441 us, Total. 882.3 us (0.0%)
[Performance] InitializeOnLoad MemoryProfilerCompilationGuard.InjectCompileGuard                                             :        2 samples, Peak.   556 us (1.1x), Avg.   514 us, Total. 1.029 ms (0.0%)
[Performance] InitializeOnLoad AssetPostprocessingInternal.RefreshCustomDependencies                                         :        2 samples, Peak.  8.99 ms (1.4x), Avg.  6.62 ms, Total. 13.23 ms (0.0%)
[Performance] InitializeOnLoad SysrootManager.Initialize                                                                     :        2 samples, Peak.  1.68 ms (1.2x), Avg.  1.43 ms, Total. 2.870 ms (0.0%)
[Performance] InitializeOnLoad ScopedRegistryAddedPopup.SubscribeToRegistriesAdded                                           :        2 samples, Peak.  28.9 ms (2.0x), Avg.  14.6 ms, Total. 29.14 ms (0.0%)
[Performance] InitializeOnLoad SceneVisibilityManager.Initialize                                                             :        2 samples, Peak.  8.71 ms (1.5x), Avg.  5.84 ms, Total. 11.69 ms (0.0%)
[Performance] InitializeOnLoad EditorWindow.Initialize                                                                       :        2 samples, Peak.   834 us (1.1x), Avg.   751 us, Total. 1.501 ms (0.0%)
[Performance] AssemblyReloadEvents.afterAssemblyReload: UnityEditor.SceneTemplate.SceneTemplateService.AfterAssemblyReload   :        2 samples, Peak.  13.1 ms (1.9x), Avg.  7.01 ms, Total. 14.01 ms (0.0%)
[Performance] ProcessService.EditorAfterLoadAllAssemblies                                                                    :        2 samples, Peak.   859 us (1.1x), Avg.   773 us, Total. 1.547 ms (0.0%)
[Performance] Application.ReadLicenseInfo                                                                                    :        1 samples, Peak.  32.7 ms (1.0x), Avg.  32.7 ms, Total. 32.66 ms (0.0%)
[Performance] Application.InitialRefresh                                                                                     :        1 samples, Peak.  9.21 s (1.0x), Avg.  9.21 s, Total. 9.214 s (5.8%)
[Performance] ShaderImporter.SourceAssetModified                                                                             :        2 samples, Peak.  1.70 us (1.3x), Avg.  1.30 us, Total. 2.600 us (0.0%)
[Performance] ShaderIncludeImporter.SourceAssetModified                                                                      :        2 samples, Peak.  1.50 us (1.2x), Avg.  1.30 us, Total. 2.600 us (0.0%)
[Performance] Compiling Scripts                                                                                              :        1 samples, Peak.  5.96 s (1.0x), Avg.  5.96 s, Total. 5.959 s (3.8%)
[Performance] AssemblyReloadEvents.beforeAssemblyReload: UnityEditor.SceneTemplate.SceneTemplateService.BeforeAssemblyReload :        1 samples, Peak.  1.09 ms (1.0x), Avg.  1.09 ms, Total. 1.093 ms (0.0%)
[Performance] PresetManagerPostProcessor.OnPreprocessAsset                                                                   :        2 samples, Peak.  3.10 ms (1.7x), Avg.  1.78 ms, Total. 3.562 ms (0.0%)
[Performance] CancelSplashScreenOnAssetChange.OnPreprocessAsset                                                              :        2 samples, Peak.   363 us (2.0x), Avg.   186 us, Total. 371.6 us (0.0%)
[Performance] InitializeOnLoad ContextManager                                                                                :        1 samples, Peak.   946 us (1.0x), Avg.   946 us, Total. 945.5 us (0.0%)
[Performance] InitializeOnLoad BackgroundWatcher                                                                             :        1 samples, Peak.   418 us (1.0x), Avg.   418 us, Total. 418.4 us (0.0%)
[Performance] InitializeOnLoad UnityTestProtocolStarter                                                                      :        1 samples, Peak.   554 us (1.0x), Avg.   554 us, Total. 553.8 us (0.0%)
[Performance] InitializeOnLoad TestStarter                                                                                   :        1 samples, Peak.  1.71 ms (1.0x), Avg.  1.71 ms, Total. 1.707 ms (0.0%)
[Performance] InitializeOnLoad RerunCallbackInitializer                                                                      :        1 samples, Peak.  8.81 ms (1.0x), Avg.  8.81 ms, Total. 8.809 ms (0.0%)
[Performance] InitializeOnLoad RunnerCallbackBootstrap                                                                       :        1 samples, Peak.  3.85 ms (1.0x), Avg.  3.85 ms, Total. 3.845 ms (0.0%)
[Performance] InitializeOnLoad PrefabLayoutRebuilder                                                                         :        1 samples, Peak.   705 us (1.0x), Avg.   705 us, Total. 704.6 us (0.0%)
[Performance] InitializeOnLoad TestJobDataHolder.ResumeRunningJobs                                                           :        1 samples, Peak.  1.67 ms (1.0x), Avg.  1.67 ms, Total. 1.674 ms (0.0%)
[Performance] InitializeOnLoad AnalyticsReporter.RegisterCallbacks                                                           :        1 samples, Peak.   472 us (1.0x), Avg.   472 us, Total. 471.9 us (0.0%)
[Performance] DidReloadScriptsTestRunnerWindow.CompilationCallback                                                           :        1 samples, Peak.  2.66 ms (1.0x), Avg.  2.66 ms, Total. 2.662 ms (0.0%)
[Performance] DidReloadScriptsTestListCache.ScriptReloaded                                                                   :        1 samples, Peak.  2.71 ms (1.0x), Avg.  2.71 ms, Total. 2.708 ms (0.0%)
[Performance] DidReloadScriptsAdvancedDropdownWindow.OnScriptReload                                                          :        1 samples, Peak.   557 us (1.0x), Avg.   557 us, Total. 557.3 us (0.0%)
[Performance] AssemblyReloadEvents.afterAssemblyReload: Unity.WebRTC.ContextManager.OnAfterAssemblyReload                    :        1 samples, Peak.  12.4 ms (1.0x), Avg.  12.4 ms, Total. 12.40 ms (0.0%)
[Performance] AssetDatabase.ImportAssets                                                                                     :        6 samples, Peak.  31.8 ms (6.0x), Avg.  5.30 ms, Total. 31.78 ms (0.0%)
[Performance] VersionControl.Task.Wait                                                                                       :        1 samples, Peak.  75.0 us (1.0x), Avg.  75.0 us, Total. 75.00 us (0.0%)
[Performance] BuilderAssetPostprocessor.OnPostprocessAllAssets                                                               :        4 samples, Peak.  12.0 ms (2.0x), Avg.  5.96 ms, Total. 23.84 ms (0.0%)
[Performance] ArtifactBrowserPostProcessor.OnPostprocessAllAssets                                                            :        4 samples, Peak.  1.12 ms (2.0x), Avg.   562 us, Total. 2.246 ms (0.0%)
[Performance] AssetEvents.OnPostprocessAllAssets                                                                             :        8 samples, Peak.   495 us (3.0x), Avg.   166 us, Total. 1.324 ms (0.0%)
[Performance] AudioMixerPostprocessor.OnPostprocessAllAssets                                                                 :        4 samples, Peak.   805 us (2.0x), Avg.   403 us, Total. 1.613 ms (0.0%)
[Performance] StyleCatalogPostProcessor.OnPostprocessAllAssets                                                               :        4 samples, Peak.  40.5 ms (2.0x), Avg.  20.3 ms, Total. 81.03 ms (0.1%)
[Performance] BuildCatalog                                                                                                   :        1 samples, Peak.  37.8 ms (1.0x), Avg.  37.8 ms, Total. 37.80 ms (0.0%)
[Performance] ModelImporterPostProcessor.OnPostprocessAllAssets                                                              :        4 samples, Peak.  2.55 ms (2.0x), Avg.  1.28 ms, Total. 5.136 ms (0.0%)
[Performance] RetainedModeAssetPostprocessor.OnPostprocessAllAssets                                                          :        4 samples, Peak.  5.71 ms (2.0x), Avg.  2.87 ms, Total. 11.46 ms (0.0%)
[Performance] AssetChangedListener.OnPostprocessAllAssets                                                                    :        4 samples, Peak.  5.49 ms (2.0x), Avg.  2.76 ms, Total. 11.03 ms (0.0%)
[Performance] SpeedTreePostProcessor.OnPostprocessAllAssets                                                                  :        4 samples, Peak.   511 us (1.8x), Avg.   281 us, Total. 1.124 ms (0.0%)
[Performance] TextAssetPostProcessor.OnPostprocessAllAssets                                                                  :        4 samples, Peak.  1.12 ms (1.9x), Avg.   590 us, Total. 2.360 ms (0.0%)
[Performance] SyncVS.PostprocessSyncProject                                                                                  :        2 samples, Peak.  6.36 ms (2.0x), Avg.  3.23 ms, Total. 6.451 ms (0.0%)
[Performance] Application.ImportPackagesAndSetTemplateWhenCreatingProject                                                    :        1 samples, Peak.  41.7 ms (1.0x), Avg.  41.7 ms, Total. 41.70 ms (0.0%)
[Performance] Application.SyncCurrentColorSpace                                                                              :        1 samples, Peak.  32.1 ms (1.0x), Avg.  32.1 ms, Total. 32.06 ms (0.0%)
[Performance] Application.OnUsbDevicesChanged                                                                                :        1 samples, Peak.  9.67 ms (1.0x), Avg.  9.67 ms, Total. 9.672 ms (0.0%)
[Performance] Application.AssetInstanceCacheUpdate                                                                           :        1 samples, Peak.   400 ns (1.0x), Avg.   400 ns, Total. 400.0 ns (0.0%)
[Performance] Application.UnityExtensions.Initialize                                                                         :        1 samples, Peak.  1.92 ms (1.0x), Avg.  1.92 ms, Total. 1.916 ms (0.0%)
[Performance] CodeEditorProjectSync.SyncEditorProject                                                                        :        1 samples, Peak.   256 us (1.0x), Avg.   256 us, Total. 255.9 us (0.0%)
[Performance] Application.ExecuteStartups                                                                                    :        1 samples, Peak.  91.9 ms (1.0x), Avg.  91.9 ms, Total. 91.90 ms (0.1%)
[Performance] Menu.RegisterMenuInterface                                                                                     :       26 samples, Peak.  2.00 us (4.2x), Avg.   473 ns, Total. 12.30 us (0.0%)
[Performance] Gizmo.RebuildRenderers                                                                                         :        2 samples, Peak.  90.3 ms (1.4x), Avg.  62.4 ms, Total. 124.9 ms (0.1%)
[Performance] Gizmo.AddGizmoRenderers                                                                                        :       94 samples, Peak.  3.97 ms (58.4x), Avg.  67.9 us, Total. 6.383 ms (0.0%)
[Performance] Application.editorInitializingProject                                                                          :        1 samples, Peak.   435 ms (1.0x), Avg.   435 ms, Total. 434.9 ms (0.3%)
[Performance] Application.InitializeMenu                                                                                     :        1 samples, Peak.  3.11 s (1.0x), Avg.  3.11 s, Total. 3.111 s (2.0%)
[Performance] Menu.RebuildAll                                                                                                :        1 samples, Peak.  3.11 s (1.0x), Avg.  3.11 s, Total. 3.111 s (2.0%)
[Performance] Menu.BuildRegisteredMenuInterfaces                                                                             :        1 samples, Peak.  3.10 s (1.0x), Avg.  3.10 s, Total. 3.097 s (1.9%)
[Performance] Menu.FilterMenuItem                                                                                            :      529 samples, Peak.  56.7 ms (523.8x), Avg.   108 us, Total. 57.25 ms (0.0%)
[Performance] UpdateAllMenus                                                                                                 :        1 samples, Peak.  1.47 ms (1.0x), Avg.  1.47 ms, Total. 1.467 ms (0.0%)
[Performance] Menu.RebuildOSMainMenu                                                                                         :        3 samples, Peak.  19.8 ms (1.3x), Avg.  15.4 ms, Total. 46.25 ms (0.0%)
[Performance] EditorSceneManager.sceneClosing: UnityEditor.SceneVisibilityManager.EditorSceneManagerOnSceneClosing           :        2 samples, Peak.   799 us (2.0x), Avg.   407 us, Total. 813.1 us (0.0%)
[Performance] GUIView.RepaintAll.PlayerLoopController                                                                        :        2 samples, Peak.  1.60 us (1.0x), Avg.  1.60 us, Total. 3.200 us (0.0%)
[Performance] EditorSceneManager.newSceneCreated: UnityEditor.SceneTemplate.SceneTemplateService.OnNewSceneCreated           :        1 samples, Peak.   701 us (1.0x), Avg.   701 us, Total. 701.4 us (0.0%)
[Performance] EditorSceneManager.newSceneCreated: UnityEditor.SceneVisibilityManager.EditorSceneManagerOnNewSceneCreated     :        1 samples, Peak.   689 us (1.0x), Avg.   689 us, Total. 688.8 us (0.0%)
[Performance] EditorSceneManager.newSceneCreated: UnityEditor.SceneManagement.StageNavigationManager.OnNewSceneCreated       :        1 samples, Peak.   173 us (1.0x), Avg.   173 us, Total. 172.7 us (0.0%)
[Performance] Application.InvokeFinishedLoadingProject                                                                       :        1 samples, Peak.  3.26 ms (1.0x), Avg.  3.26 ms, Total. 3.256 ms (0.0%)
[Performance] ProcessService.OnProjectLoaded                                                                                 :        1 samples, Peak.   109 us (1.0x), Avg.   109 us, Total. 108.8 us (0.0%)
[Performance] Inspector.InitOrRebuild                                                                                        :        2 samples, Peak.   673 us (1.5x), Avg.   459 us, Total. 917.1 us (0.0%)
[Performance] BuilderAssetModificationProcessor.OnWillSaveAssets                                                             :        2 samples, Peak.   887 us (2.0x), Avg.   450 us, Total. 900.2 us (0.0%)
[Performance] TerrainModificationProcessor.OnWillSaveAssets                                                                  :        2 samples, Peak.  1.54 ms (2.0x), Avg.   771 us, Total. 1.541 ms (0.0%)
[Performance] GenerateAssemblyTypeInfos                                                                                      :        2 samples, Peak.  20.3 ms (1.1x), Avg.  17.7 ms, Total. 35.48 ms (0.0%)
[Performance] AssetDatabase.Refresh                                                                                          :        1 samples, Peak.  9.20 ms (1.0x), Avg.  9.20 ms, Total. 9.198 ms (0.0%)
[Performance] EditorApplication.quitting: Unity.WebRTC.ContextManager.Quit                                                   :        1 samples, Peak.  12.4 ms (1.0x), Avg.  12.4 ms, Total. 12.43 ms (0.0%)
[Performance] EditorApplication.quitting: callback in UnityEditor.TextCore.Text.EditorEventCallbacks                         :        1 samples, Peak.  11.3 ms (1.0x), Avg.  11.3 ms, Total. 11.29 ms (0.0%)
[Performance] Killing ADB server                                                                                             :        1 samples, Peak.   157 ms (1.0x), Avg.   157 ms, Total. 157.0 ms (0.1%)
[Performance] Application.Shutdown.PauseProfilerSession                                                                      :        1 samples, Peak.  88.8 us (1.0x), Avg.  88.8 us, Total. 88.80 us (0.0%)
[Performance] Application.Shutdown.PauseAssetImportWorkers                                                                   :        1 samples, Peak.   594 us (1.0x), Avg.   594 us, Total. 594.1 us (0.0%)
[Performance] Application.Shutdown.SaveAssets                                                                                :        1 samples, Peak.  9.24 ms (1.0x), Avg.  9.24 ms, Total. 9.241 ms (0.0%)
[Performance] Application.Shutdown.CleanupRenderPipeline                                                                     :        1 samples, Peak.  6.80 us (1.0x), Avg.  6.80 us, Total. 6.800 us (0.0%)
[Performance] Application.Shutdown.StopPreloadManager                                                                        :        1 samples, Peak.  10.3 ms (1.0x), Avg.  10.3 ms, Total. 10.32 ms (0.0%)
[Performance] Application.Shutdown.DestroyWorld                                                                              :        1 samples, Peak.   757 us (1.0x), Avg.   757 us, Total. 756.6 us (0.0%)
[Performance] Application.Shutdown.CleanupAfterLoad                                                                          :        1 samples, Peak.  6.14 ms (1.0x), Avg.  6.14 ms, Total. 6.139 ms (0.0%)
[Performance] Application.Shutdown.Progress                                                                                  :        1 samples, Peak.  33.1 us (1.0x), Avg.  33.1 us, Total. 33.10 us (0.0%)
[Performance] Application.Shutdown.GICleanupManagers                                                                         :        1 samples, Peak.  2.68 ms (1.0x), Avg.  2.68 ms, Total. 2.681 ms (0.0%)
[Performance] Application.Shutdown.MenuCleanupClass                                                                          :        1 samples, Peak.   333 us (1.0x), Avg.   333 us, Total. 332.6 us (0.0%)
[Performance] Application.Shutdown.ADBSaveStateBeforeShutdown                                                                :        1 samples, Peak.  9.40 us (1.0x), Avg.  9.40 us, Total. 9.400 us (0.0%)
[Performance] Application.Shutdown.RemoteShutdown                                                                            :        1 samples, Peak.  1.10 us (1.0x), Avg.  1.10 us, Total. 1.100 us (0.0%)
[Performance] Application.Shutdown.CleanupVCProvider                                                                         :        1 samples, Peak.  50.3 us (1.0x), Avg.  50.3 us, Total. 50.30 us (0.0%)
[Performance] Application.Shutdown.InputShutdown                                                                             :        1 samples, Peak.  14.1 us (1.0x), Avg.  14.1 us, Total. 14.10 us (0.0%)
[Performance] Application.Shutdown.GizmoManagerDestroy                                                                       :        1 samples, Peak.  2.06 ms (1.0x), Avg.  2.06 ms, Total. 2.055 ms (0.0%)
[Performance] Application.Shutdown.ProfilerSession                                                                           :        1 samples, Peak.   317 us (1.0x), Avg.   317 us, Total. 316.8 us (0.0%)
[Performance] Application.Shutdown.ReleaseGfxWindowOnAllGUIViews                                                             :        1 samples, Peak.   500 ns (1.0x), Avg.   500 ns, Total. 500.0 ns (0.0%)
[Performance] Application.Shutdown.CleanupEngine                                                                             :        1 samples, Peak.   147 ms (1.0x), Avg.   147 ms, Total. 147.0 ms (0.1%)
[Performance] Application.Shutdown.CleanupAssetDatabase                                                                      :        1 samples, Peak.  9.09 ms (1.0x), Avg.  9.09 ms, Total. 9.087 ms (0.0%)
[Performance] Application.Shutdown.ScriptCompilationCleanUp                                                                  :        1 samples, Peak.  52.9 ms (1.0x), Avg.  52.9 ms, Total. 52.93 ms (0.0%)
[Performance] Application.Shutdown.DestroyJobSystem                                                                          :        1 samples, Peak.   338 us (1.0x), Avg.   338 us, Total. 338.0 us (0.0%)
[Performance] Application.Shutdown.CleanupPersistentManager                                                                  :        1 samples, Peak.   941 us (1.0x), Avg.   941 us, Total. 940.8 us (0.0%)
[Performance] Application.Shutdown.CleanupAsyncReadManager                                                                   :        1 samples, Peak.   805 us (1.0x), Avg.   805 us, Total. 805.2 us (0.0%)
[Performance] Application.Shutdown.CleanupProgressBar                                                                        :        1 samples, Peak.   600 ns (1.0x), Avg.   600 ns, Total. 600.0 ns (0.0%)
[Performance] Application.Shutdown.CleanupMono                                                                               :        1 samples, Peak.  98.7 ms (1.0x), Avg.  98.7 ms, Total. 98.70 ms (0.1%)
[Performance] Application.Shutdown.CleanupStdConverters                                                                      :        1 samples, Peak.  18.9 us (1.0x), Avg.  18.9 us, Total. 18.90 us (0.0%)
[Performance] Application.Shutdown.UnloadAllPlatformSupportModuleNativeDlls                                                  :        1 samples, Peak.   800 ns (1.0x), Avg.   800 ns, Total. 800.0 ns (0.0%)
[Performance] Application.Shutdown.UnloadAllPlatformSupportNativeLibraries                                                   :        1 samples, Peak.  2.00 s (1.0x), Avg.  2.00 s, Total. 2.001 s (1.3%)
[Performance] Application.Shutdown.CleanupAutoDocumentation                                                                  :        1 samples, Peak.   910 us (1.0x), Avg.   910 us, Total. 910.4 us (0.0%)
[Performance] Application.Shutdown.ShaderNameManagerDestroy                                                                  :        1 samples, Peak.   113 us (1.0x), Avg.   113 us, Total. 112.5 us (0.0%)
[Performance] Application.Shutdown.CleanupCacheServer                                                                        :        1 samples, Peak.   400 ns (1.0x), Avg.   400 ns, Total. 400.0 ns (0.0%)
[Performance] Application.Shutdown.Virtualization_Shutdown                                                                   :        1 samples, Peak.   600 ns (1.0x), Avg.   600 ns, Total. 600.0 ns (0.0%)
[Performance] Application.Shutdown.DevConnections                                                                            :        1 samples, Peak.   460 us (1.0x), Avg.   460 us, Total. 459.8 us (0.0%)
Exiting batchmode successfully now!
Exiting without the bug reporter. Application will terminate with return code 0