[Licensing::Module] Trying to connect to existing licensing client channel...
[Licensing::IpcConnector] Successfully connected to: "LicenseClient-User" at "2025-10-11T02:12:37.563569Z"
[Licensing::Client] Code 10 while verifying Licensing Client signature (process Id: 49836, path: "C:/Program Files/Unity Hub/UnityLicensingClient_V1/Unity.Licensing.Client.exe")
[Licensing::Module] LicensingClient has failed validation; ignoring
[Licensing::Client] Handshaking with LicensingClient:
  Version:                 1.17.3+a4e98f1
  Session Id:              70716bfa863144ba9fcfaab6b2596172
  Correlation Id:          6b0fd4d37a7b4d4fec0f561e8dc4f70a
  External correlation Id: 1522678336194869324
  Machine Id:              636YGZjRcpTsWOvApEgWDsbwxlk=
[Licensing::Module] Successfully connected to LicensingClient on channel: "LicenseClient-User" (connect: 0.00s, validation: 0.02s, handshake: 0.12s)
[Licensing::IpcConnector] Successfully connected to: "LicenseClient-User-notifications" at "2025-10-11T02:12:37.7040338Z"
[Licensing::Module] Error: Access token is unavailable; failed to update
[Licensing::Client] Error: Code 500 while processing request (status: Unable to update licenses. Errors: No ULF license found.,User token expired: User token expired)
[Licensing::Client] Error: Code 500 while updating license in client (status: Unable to update licenses. Errors: No ULF license found.,User token expired: User token expired)
Built from '2022.3/respin/2022.3.62f2-4af31df585-v2' branch; Version is '2022.3.62f2 (7670c08855a9) revision 7762112'; Using compiler version '192829333'; Build Type 'Release'
OS: 'Windows 11  (10.0.26100) 64bit ProfessionalWorkstation' Language: 'ja' Physical Memory: 130987 MB
[Licensing::Client] Successfully resolved entitlement details
[Licensing::Module] Serial number assigned to: "15669618400951-UnityPersXXXX"
BatchMode: 1, IsHumanControllingUs: 0, StartBugReporterOnCrash: 0, Is64bit: 1, IsPro: 0
[Licensing::Client] Successfully resolved entitlement details

COMMAND LINE ARGUMENTS:
C:\Users\User\Trae\Game_project\2022.3.62f2\Editor\Unity.exe
-batchmode
-nographics
-quit
-projectPath
C:\Users\User\Trae\Game_project\Trae
-executeMethod
Trae.Editor.BuildScript.BuildAndroid
-buildTarget
Android
-logFile
C:\Users\User\Trae\Game_project\Trae\Logs\playmode-cli-run46.log
Successfully changed project path to: C:\Users\User\Trae\Game_project\Trae
C:/Users/User/Trae/Game_project/Trae
[UnityMemory] Configuration Parameters - Can be set up in boot.config
    "memorysetup-bucket-allocator-granularity=16"
    "memorysetup-bucket-allocator-bucket-count=8"
    "memorysetup-bucket-allocator-block-size=33554432"
    "memorysetup-bucket-allocator-block-count=8"
    "memorysetup-main-allocator-block-size=16777216"
    "memorysetup-thread-allocator-block-size=16777216"
    "memorysetup-gfx-main-allocator-block-size=16777216"
    "memorysetup-gfx-thread-allocator-block-size=16777216"
    "memorysetup-cache-allocator-block-size=4194304"
    "memorysetup-typetree-allocator-block-size=2097152"
    "memorysetup-profiler-bucket-allocator-granularity=16"
    "memorysetup-profiler-bucket-allocator-bucket-count=8"
    "memorysetup-profiler-bucket-allocator-block-size=33554432"
    "memorysetup-profiler-bucket-allocator-block-count=8"
    "memorysetup-profiler-allocator-block-size=16777216"
    "memorysetup-profiler-editor-allocator-block-size=1048576"
    "memorysetup-temp-allocator-size-main=16777216"
    "memorysetup-job-temp-allocator-block-size=2097152"
    "memorysetup-job-temp-allocator-block-size-background=1048576"
    "memorysetup-job-temp-allocator-reduction-small-platforms=262144"
    "memorysetup-allocator-temp-initial-block-size-main=262144"
    "memorysetup-allocator-temp-initial-block-size-worker=262144"
    "memorysetup-temp-allocator-size-background-worker=32768"
    "memorysetup-temp-allocator-size-job-worker=262144"
    "memorysetup-temp-allocator-size-preload-manager=33554432"
    "memorysetup-temp-allocator-size-nav-mesh-worker=65536"
    "memorysetup-temp-allocator-size-audio-worker=65536"
    "memorysetup-temp-allocator-size-cloud-worker=32768"
    "memorysetup-temp-allocator-size-gi-baking-worker=262144"
    "memorysetup-temp-allocator-size-gfx=262144"
Player connection [34452]  Target information:

Player connection [34452]  * "[IP] 172.31.32.1 [Port] 55504 [Flags] 2 [Guid] 540488811 [EditorId] 540488811 [Version] 1048832 [Id] WindowsEditor(7,Moc) [Debug] 1 [PackageName] WindowsEditor [ProjectName] Editor" 

Player connection [34452]  * "[IP] 192.168.11.18 [Port] 55504 [Flags] 2 [Guid] 540488811 [EditorId] 540488811 [Version] 1048832 [Id] WindowsEditor(7,Moc) [Debug] 1 [PackageName] WindowsEditor [ProjectName] Editor" 

Player connection [34452] Host joined multi-casting on [225.0.0.222:54997]...
Player connection [34452] Host joined alternative multi-casting on [225.0.0.222:34997]...
Input System module state changed to: Initialized.
[PhysX] Initialized MultithreadedTaskDispatcher with 36 workers.
[Package Manager] UpmClient::Connect -- Connected to IPC stream "Upm-23832" after 1.1 seconds.
[Package Manager] Restoring resolved packages state from cache
[Licensing::Client] Successfully resolved entitlement details
[Package Manager] Registered 37 packages:
  Packages from [https://packages.unity.com]:
    com.unity.test-framework@1.1.33 (location: C:\Users\User\Trae\Game_project\Trae\Library\PackageCache\com.unity.test-framework@1.1.33)
    com.unity.webrtc@3.0.0 (location: C:\Users\User\Trae\Game_project\Trae\Library\PackageCache\com.unity.webrtc@3.0.0)
    com.unity.editorcoroutines@1.0.0 (location: C:\Users\User\Trae\Game_project\Trae\Library\PackageCache\com.unity.editorcoroutines@1.0.0)
    com.unity.ext.nunit@1.0.6 (location: C:\Users\User\Trae\Game_project\Trae\Library\PackageCache\com.unity.ext.nunit@1.0.6)
  Built-in packages:
    com.unity.ugui@1.0.0 (location: C:\Users\User\Trae\Game_project\Trae\Library\PackageCache\com.unity.ugui@1.0.0)
    com.unity.modules.ai@1.0.0 (location: C:\Users\User\Trae\Game_project\Trae\Library\PackageCache\com.unity.modules.ai@1.0.0)
    com.unity.modules.androidjni@1.0.0 (location: C:\Users\User\Trae\Game_project\Trae\Library\PackageCache\com.unity.modules.androidjni@1.0.0)
    com.unity.modules.animation@1.0.0 (location: C:\Users\User\Trae\Game_project\Trae\Library\PackageCache\com.unity.modules.animation@1.0.0)
    com.unity.modules.assetbundle@1.0.0 (location: C:\Users\User\Trae\Game_project\Trae\Library\PackageCache\com.unity.modules.assetbundle@1.0.0)
    com.unity.modules.audio@1.0.0 (location: C:\Users\User\Trae\Game_project\Trae\Library\PackageCache\com.unity.modules.audio@1.0.0)
    com.unity.modules.cloth@1.0.0 (location: C:\Users\User\Trae\Game_project\Trae\Library\PackageCache\com.unity.modules.cloth@1.0.0)
    com.unity.modules.director@1.0.0 (location: C:\Users\User\Trae\Game_project\Trae\Library\PackageCache\com.unity.modules.director@1.0.0)
    com.unity.modules.imageconversion@1.0.0 (location: C:\Users\User\Trae\Game_project\Trae\Library\PackageCache\com.unity.modules.imageconversion@1.0.0)
    com.unity.modules.imgui@1.0.0 (location: C:\Users\User\Trae\Game_project\Trae\Library\PackageCache\com.unity.modules.imgui@1.0.0)
    com.unity.modules.jsonserialize@1.0.0 (location: C:\Users\User\Trae\Game_project\Trae\Library\PackageCache\com.unity.modules.jsonserialize@1.0.0)
    com.unity.modules.particlesystem@1.0.0 (location: C:\Users\User\Trae\Game_project\Trae\Library\PackageCache\com.unity.modules.particlesystem@1.0.0)
    com.unity.modules.physics@1.0.0 (location: C:\Users\User\Trae\Game_project\Trae\Library\PackageCache\com.unity.modules.physics@1.0.0)
    com.unity.modules.physics2d@1.0.0 (location: C:\Users\User\Trae\Game_project\Trae\Library\PackageCache\com.unity.modules.physics2d@1.0.0)
    com.unity.modules.screencapture@1.0.0 (location: C:\Users\User\Trae\Game_project\Trae\Library\PackageCache\com.unity.modules.screencapture@1.0.0)
    com.unity.modules.terrain@1.0.0 (location: C:\Users\User\Trae\Game_project\Trae\Library\PackageCache\com.unity.modules.terrain@1.0.0)
    com.unity.modules.terrainphysics@1.0.0 (location: C:\Users\User\Trae\Game_project\Trae\Library\PackageCache\com.unity.modules.terrainphysics@1.0.0)
    com.unity.modules.tilemap@1.0.0 (location: C:\Users\User\Trae\Game_project\Trae\Library\PackageCache\com.unity.modules.tilemap@1.0.0)
    com.unity.modules.ui@1.0.0 (location: C:\Users\User\Trae\Game_project\Trae\Library\PackageCache\com.unity.modules.ui@1.0.0)
    com.unity.modules.uielements@1.0.0 (location: C:\Users\User\Trae\Game_project\Trae\Library\PackageCache\com.unity.modules.uielements@1.0.0)
    com.unity.modules.umbra@1.0.0 (location: C:\Users\User\Trae\Game_project\Trae\Library\PackageCache\com.unity.modules.umbra@1.0.0)
    com.unity.modules.unityanalytics@1.0.0 (location: C:\Users\User\Trae\Game_project\Trae\Library\PackageCache\com.unity.modules.unityanalytics@1.0.0)
    com.unity.modules.unitywebrequest@1.0.0 (location: C:\Users\User\Trae\Game_project\Trae\Library\PackageCache\com.unity.modules.unitywebrequest@1.0.0)
    com.unity.modules.unitywebrequestassetbundle@1.0.0 (location: C:\Users\User\Trae\Game_project\Trae\Library\PackageCache\com.unity.modules.unitywebrequestassetbundle@1.0.0)
    com.unity.modules.unitywebrequestaudio@1.0.0 (location: C:\Users\User\Trae\Game_project\Trae\Library\PackageCache\com.unity.modules.unitywebrequestaudio@1.0.0)
    com.unity.modules.unitywebrequesttexture@1.0.0 (location: C:\Users\User\Trae\Game_project\Trae\Library\PackageCache\com.unity.modules.unitywebrequesttexture@1.0.0)
    com.unity.modules.unitywebrequestwww@1.0.0 (location: C:\Users\User\Trae\Game_project\Trae\Library\PackageCache\com.unity.modules.unitywebrequestwww@1.0.0)
    com.unity.modules.vehicles@1.0.0 (location: C:\Users\User\Trae\Game_project\Trae\Library\PackageCache\com.unity.modules.vehicles@1.0.0)
    com.unity.modules.video@1.0.0 (location: C:\Users\User\Trae\Game_project\Trae\Library\PackageCache\com.unity.modules.video@1.0.0)
    com.unity.modules.vr@1.0.0 (location: C:\Users\User\Trae\Game_project\Trae\Library\PackageCache\com.unity.modules.vr@1.0.0)
    com.unity.modules.wind@1.0.0 (location: C:\Users\User\Trae\Game_project\Trae\Library\PackageCache\com.unity.modules.wind@1.0.0)
    com.unity.modules.xr@1.0.0 (location: C:\Users\User\Trae\Game_project\Trae\Library\PackageCache\com.unity.modules.xr@1.0.0)
    com.unity.modules.subsystems@1.0.0 (location: C:\Users\User\Trae\Game_project\Trae\Library\PackageCache\com.unity.modules.subsystems@1.0.0)
[Subsystems] No new subsystems found in resolved package list.
Package Manager log level set to [2]
[Package Manager] Done registering packages in 0.23 seconds
[Licensing::Client] Successfully resolved entitlement details
Targeting platform: Android
Refreshing native plugins compatible for Editor in 8.57 ms, found 1 plugins.
Preloading 1 native plugins for Editor in 7.51 ms.
Initialize engine version: 2022.3.62f2 (7670c08855a9)
[Subsystems] Discovering subsystems at path C:/Users/User/Trae/Game_project/2022.3.62f2/Editor/Data/Resources/UnitySubsystems
[Subsystems] Discovering subsystems at path C:/Users/User/Trae/Game_project/Trae/Assets
Forcing GfxDevice: Null
GfxDevice: creating device client; threaded=0; jobified=0
NullGfxDevice:
    Version:  NULL 1.0 [1.0]
    Renderer: Null Device
    Vendor:   Unity Technologies
[Licensing::Client] Successfully resolved entitlement details
Initialize mono
Mono path[0] = 'C:/Users/User/Trae/Game_project/2022.3.62f2/Editor/Data/Managed'
Mono path[1] = 'C:/Users/User/Trae/Game_project/2022.3.62f2/Editor/Data/MonoBleedingEdge/lib/mono/unityjit-win32'
Mono config path = 'C:/Users/User/Trae/Game_project/2022.3.62f2/Editor/Data/MonoBleedingEdge/etc'
Using monoOptions --debugger-agent=transport=dt_socket,embedding=1,server=y,suspend=n,address=127.0.0.1:56832
Using cacheserver namespaces - metadata:defaultmetadata, artifacts:defaultartifacts
Using cacheserver namespaces - metadata:defaultmetadata, artifacts:defaultartifacts
ImportWorker Server TCP listen port: 0
Begin MonoManager ReloadAssembly
Registering precompiled unity dll's ...
Register platform support module: C:/Users/User/Trae/Game_project/2022.3.62f2/Editor/Data/PlaybackEngines/AndroidPlayer/UnityEditor.Android.Extensions.dll
[Licensing::Client] Successfully resolved entitlement details
Register platform support module: C:/Users/User/Trae/Game_project/2022.3.62f2/Editor/Data/PlaybackEngines/iOSSupport/UnityEditor.iOS.Extensions.dll
Register platform support module: C:/Users/User/Trae/Game_project/2022.3.62f2/Editor/Data/PlaybackEngines/WindowsStandaloneSupport/UnityEditor.WindowsStandalone.Extensions.dll
Registered in 0.065945 seconds.
- Loaded All Assemblies, in  1.041 seconds
Native extension for WindowsStandalone target not found
Native extension for iOS target not found
Native extension for Android target not found
Android Extension - Scanning For ADB Devices 2877 ms
Mono: successfully reloaded assembly
- Finished resetting the current domain, in  3.687 seconds
Domain Reload Profiling: 4722ms
	BeginReloadAssembly (312ms)
		ExecutionOrderSort (0ms)
		DisableScriptedObjects (0ms)
		BackupInstance (0ms)
		ReleaseScriptingObjects (0ms)
		CreateAndSetChildDomain (2ms)
	RebuildCommonClasses (92ms)
	RebuildNativeTypeToScriptingClass (25ms)
	initialDomainReloadingComplete (219ms)
	LoadAllAssembliesAndSetupDomain (386ms)
		LoadAssemblies (307ms)
		RebuildTransferFunctionScriptingTraits (0ms)
		AnalyzeDomain (379ms)
			TypeCache.Refresh (375ms)
				TypeCache.ScanAssembly (341ms)
			ScanForSourceGeneratedMonoScriptInfo (1ms)
			ResolveRequiredComponents (1ms)
	FinalizeReload (3688ms)
		ReleaseScriptCaches (0ms)
		RebuildScriptCaches (0ms)
		SetupLoadedEditorAssemblies (3568ms)
			LogAssemblyErrors (0ms)
			InitializePlatformSupportModulesInManaged (3128ms)
			SetLoadedEditorAssemblies (10ms)
			RefreshPlugins (0ms)
			BeforeProcessingInitializeOnLoad (6ms)
			ProcessInitializeOnLoadAttributes (307ms)
			ProcessInitializeOnLoadMethodAttributes (117ms)
			AfterProcessingInitializeOnLoad (0ms)
			EditorAssembliesLoaded (0ms)
		ExecutionOrderSort2 (0ms)
		AwakeInstancesAfterBackupRestoration (0ms)
[Licensing::Client] Successfully resolved entitlement details
[Licensing::Client] Successfully resolved entitlement details
Application.AssetDatabase Initial Refresh Start
Starting: C:\Users\User\Trae\Game_project\2022.3.62f2\Editor\Data\bee_backend.exe --ipc --defer-dag-verification --dagfile="Library/Bee/1300b0aE.dag" --continue-on-failure --profile="Library/Bee/backend1.traceevents" ScriptAssemblies
WorkingDir: C:/Users/User/Trae/Game_project/Trae
DisplayProgressbar: Compiling Scripts
ExitCode: 4 Duration: 0s327ms
Rebuilding DAG because FileSignature timestamp changed: Library/Bee/1300b0aE-inputdata.json
*** Tundra requires additional run (0.24 seconds), 0 items updated, 269 evaluated
Starting: C:\Users\User\Trae\Game_project\2022.3.62f2\Editor\Data\Tools\netcorerun\netcorerun.exe "C:\Users\User\Trae\Game_project\2022.3.62f2\Editor\Data\Tools\BuildPipeline\ScriptCompilationBuildProgram.exe" "Library/Bee/1300b0aE.dag.json" "Library/Bee/1300b0aE-inputdata.json" "Library\Bee\buildprogram0.traceevents"
WorkingDir: C:/Users/User/Trae/Game_project/Trae
ExitCode: 0 Duration: 0s776ms
Starting: C:\Users\User\Trae\Game_project\2022.3.62f2\Editor\Data\bee_backend.exe --ipc --defer-dag-verification --dagfile="Library/Bee/1300b0aE.dag" --continue-on-failure --dagfilejson="Library\Bee\1300b0aE.dag.json" --profile="Library/Bee/backend2.traceevents" ScriptAssemblies
WorkingDir: C:/Users/User/Trae/Game_project/Trae
ExitCode: 0 Duration: 0s310ms
Finished compiling graph: 272 nodes, 2954 flattened edges (2640 ToBuild, 42 ToUse), maximum node priority 170
*** Tundra build success (0.23 seconds), 0 items updated, 269 evaluated
AssetDatabase: script compilation time: 2.703009s
Begin MonoManager ReloadAssembly
- Loaded All Assemblies, in  0.981 seconds
Refreshing native plugins compatible for Editor in 5.03 ms, found 1 plugins.
Preloading 1 native plugins for Editor in 0.22 ms.
Refreshing native plugins compatible for Editor in 4.89 ms, found 1 plugins.
Native extension for WindowsStandalone target not found
Native extension for iOS target not found
Native extension for Android target not found
[CI] RunnerCallbackBootstrap loaded (InitializeOnLoad)
UnityEngine.StackTraceUtility:ExtractStackTrace ()
UnityEngine.DebugLogHandler:LogFormat (UnityEngine.LogType,UnityEngine.Object,string,object[])
UnityEngine.Logger:Log (UnityEngine.LogType,object)
UnityEngine.Debug:Log (object)
Trae.Tools.Editor.TestRunnerCli/RunnerCallbackBootstrap:.cctor () (at Assets/Trae/Scripts/Editor/TestRunnerCli.cs:311)
System.Runtime.CompilerServices.RuntimeHelpers:RunClassConstructor (System.RuntimeTypeHandle)
UnityEditor.EditorAssemblies:ProcessInitializeOnLoadAttributes (System.Type[])

(Filename: Assets/Trae/Scripts/Editor/TestRunnerCli.cs Line: 311)

Mono: successfully reloaded assembly
- Finished resetting the current domain, in  1.009 seconds
Domain Reload Profiling: 1982ms
	BeginReloadAssembly (373ms)
		ExecutionOrderSort (0ms)
		DisableScriptedObjects (13ms)
		BackupInstance (0ms)
		ReleaseScriptingObjects (0ms)
		CreateAndSetChildDomain (55ms)
	RebuildCommonClasses (79ms)
	RebuildNativeTypeToScriptingClass (25ms)
	initialDomainReloadingComplete (69ms)
	LoadAllAssembliesAndSetupDomain (425ms)
		LoadAssemblies (546ms)
		RebuildTransferFunctionScriptingTraits (0ms)
		AnalyzeDomain (92ms)
			TypeCache.Refresh (72ms)
				TypeCache.ScanAssembly (46ms)
			ScanForSourceGeneratedMonoScriptInfo (13ms)
			ResolveRequiredComponents (5ms)
	FinalizeReload (1010ms)
		ReleaseScriptCaches (0ms)
		RebuildScriptCaches (0ms)
		SetupLoadedEditorAssemblies (653ms)
			LogAssemblyErrors (0ms)
			InitializePlatformSupportModulesInManaged (92ms)
			SetLoadedEditorAssemblies (11ms)
			RefreshPlugins (0ms)
			BeforeProcessingInitializeOnLoad (122ms)
			ProcessInitializeOnLoadAttributes (356ms)
			ProcessInitializeOnLoadMethodAttributes (47ms)
			AfterProcessingInitializeOnLoad (23ms)
			EditorAssembliesLoaded (0ms)
		ExecutionOrderSort2 (0ms)
		AwakeInstancesAfterBackupRestoration (26ms)
Asset Pipeline Refresh (id=5a3a40d97fc74e346ab61ae17b6c279b): Total: 5.661 seconds - Initiated by InitialRefreshV2(ForceSynchronousImport)
	Summary:
		Imports: total=0 (actual=0, local cache=0, cache server=0)
		Asset DB Process Time: managed=0 ms, native=785 ms
		Asset DB Callback time: managed=30 ms, native=2 ms
		Scripting: domain reloads=1, domain reload time=2085 ms, compile time=2707 ms, other=50 ms
		Project Asset Count: scripts=886, non-scripts=125
		Asset File Changes: new=0, changed=0, moved=0, deleted=0
		Scan Filter Count: 0
	InvokeBeforeRefreshCallbacks: 2.308ms
	ApplyChangesToAssetFolders: 0.104ms
	Scan: 107.333ms
	OnSourceAssetsModified: 0.012ms
	GetAllGuidsForCategorization: 0.317ms
	CategorizeAssets: 47.331ms
	ImportOutOfDateAssets: 1042.414ms (-1683.128ms without children)
		CompileScripts: 2707.087ms
		ReloadNativeAssets: 0.001ms
		UnloadImportedAssets: 17.040ms
		EnsureUptoDateAssetsAreRegisteredWithGuidPM: 0.523ms
		InitializingProgressBar: 0.020ms
		PostProcessAllAssetNotificationsAddChangedAssets: 0.016ms
		OnDemandSchedulerStart: 0.856ms
	PostProcessAllAssets: 30.930ms
	GatherAllCurrentPrimaryArtifactRevisions: 0.001ms
	UnloadStreamsBegin: 1.077ms
	PersistCurrentRevisions: 0.073ms
	UnloadStreamsEnd: 0.009ms
	GenerateScriptTypeHashes: 1.568ms
	Untracked: 4429.356ms
Application.AssetDatabase Initial Refresh End
Scanning for USB devices : 8.088ms
Initializing Unity extensions:
[Licensing::Client] Successfully resolved entitlement details
[MODES] ModeService[none].Initialize
[MODES] ModeService[none].LoadModes
[MODES] Loading mode Default (0) for mode-current-id-はい！ドーン！
[PhysX] Initialized MultithreadedTaskDispatcher with 36 workers.
ProgressiveSceneManager::Cancel()
Unloading 3 Unused Serialized files (Serialized files now loaded: 0)
Unloading 26 unused Assets / (472.9 KB). Loaded Objects now: 1130.
Memory consumption went from 89.4 MB to 88.9 MB.
Total: 10.357400 ms (FindLiveObjects: 0.183400 ms CreateObjectMapping: 0.056000 ms MarkObjects: 9.678400 ms  DeleteObjects: 0.438100 ms)

WebRTC apps require a target architecture to be set ARM64. Currently set to ARMv7
UnityEngine.StackTraceUtility:ExtractStackTrace ()
UnityEngine.DebugLogHandler:LogFormat (UnityEngine.LogType,UnityEngine.Object,string,object[])
UnityEngine.Logger:Log (UnityEngine.LogType,object)
UnityEngine.Debug:LogWarning (object)
Unity.WebRTC.Editor.PreprocessBuild:EnsureAndroidArchitecture () (at ./Library/PackageCache/com.unity.webrtc@3.0.0/Editor/BuildProcessor.cs:91)
Unity.WebRTC.Editor.PreprocessBuild:UnityEditor.Build.IPreprocessBuildWithReport.OnPreprocessBuild (UnityEditor.Build.Reporting.BuildReport) (at ./Library/PackageCache/com.unity.webrtc@3.0.0/Editor/BuildProcessor.cs:56)
UnityEditor.Build.BuildPipelineInterfaces/<>c__DisplayClass16_0:<OnBuildPreProcess>b__1 (UnityEditor.Build.IPreprocessBuildWithReport)
UnityEditor.Build.BuildPipelineInterfaces:InvokeCallbackInterfacesPair<UnityEditor.Build.IPreprocessBuild, UnityEditor.Build.IPreprocessBuildWithReport> (System.Collections.Generic.List`1<UnityEditor.Build.IPreprocessBuild>,System.Action`1<UnityEditor.Build.IPreprocessBuild>,System.Collections.Generic.List`1<UnityEditor.Build.IPreprocessBuildWithReport>,System.Action`1<UnityEditor.Build.IPreprocessBuildWithReport>,bool)
UnityEditor.Build.BuildPipelineInterfaces:OnBuildPreProcess (UnityEditor.Build.Reporting.BuildReport)
UnityEditor.BuildPipeline:BuildPlayerInternal (string[],string,string,UnityEditor.BuildTargetGroup,UnityEditor.BuildTarget,int,UnityEditor.BuildOptions,string[])
UnityEditor.BuildPipeline:BuildPlayer (string[],string,string,UnityEditor.BuildTargetGroup,UnityEditor.BuildTarget,int,UnityEditor.BuildOptions,string[])
UnityEditor.BuildPipeline:BuildPlayer (UnityEditor.BuildPlayerOptions)
Trae.Editor.BuildScript:BuildAndroid () (at Assets/Trae/Editor/BuildScript.cs:20)

(Filename: ./Library/PackageCache/com.unity.webrtc@3.0.0/Editor/BuildProcessor.cs Line: 91)

WebRTC apps require a internet permission on Android devices.Please check the "Internet Access" on your Build Settings.
UnityEngine.StackTraceUtility:ExtractStackTrace ()
UnityEngine.DebugLogHandler:LogFormat (UnityEngine.LogType,UnityEngine.Object,string,object[])
UnityEngine.Logger:Log (UnityEngine.LogType,object)
UnityEngine.Debug:LogWarning (object)
Unity.WebRTC.Editor.PreprocessBuild:EnsureAndroidInternetPermission () (at ./Library/PackageCache/com.unity.webrtc@3.0.0/Editor/BuildProcessor.cs:101)
Unity.WebRTC.Editor.PreprocessBuild:UnityEditor.Build.IPreprocessBuildWithReport.OnPreprocessBuild (UnityEditor.Build.Reporting.BuildReport) (at ./Library/PackageCache/com.unity.webrtc@3.0.0/Editor/BuildProcessor.cs:57)
UnityEditor.Build.BuildPipelineInterfaces/<>c__DisplayClass16_0:<OnBuildPreProcess>b__1 (UnityEditor.Build.IPreprocessBuildWithReport)
UnityEditor.Build.BuildPipelineInterfaces:InvokeCallbackInterfacesPair<UnityEditor.Build.IPreprocessBuild, UnityEditor.Build.IPreprocessBuildWithReport> (System.Collections.Generic.List`1<UnityEditor.Build.IPreprocessBuild>,System.Action`1<UnityEditor.Build.IPreprocessBuild>,System.Collections.Generic.List`1<UnityEditor.Build.IPreprocessBuildWithReport>,System.Action`1<UnityEditor.Build.IPreprocessBuildWithReport>,bool)
UnityEditor.Build.BuildPipelineInterfaces:OnBuildPreProcess (UnityEditor.Build.Reporting.BuildReport)
UnityEditor.BuildPipeline:BuildPlayerInternal (string[],string,string,UnityEditor.BuildTargetGroup,UnityEditor.BuildTarget,int,UnityEditor.BuildOptions,string[])
UnityEditor.BuildPipeline:BuildPlayer (string[],string,string,UnityEditor.BuildTargetGroup,UnityEditor.BuildTarget,int,UnityEditor.BuildOptions,string[])
UnityEditor.BuildPipeline:BuildPlayer (UnityEditor.BuildPlayerOptions)
Trae.Editor.BuildScript:BuildAndroid () (at Assets/Trae/Editor/BuildScript.cs:20)

(Filename: ./Library/PackageCache/com.unity.webrtc@3.0.0/Editor/BuildProcessor.cs Line: 101)

Start importing ProjectSettings/ProjectSettings.asset using Guid(00000000000000004000000000000000) Importer(-1,00000000000000000000000000000000) [PhysX] Initialized MultithreadedTaskDispatcher with 36 workers.
 -> (artifact id: '04975c8b3a0893ef2f31e4ecb7603092') in 0.016148 seconds
Refreshing native plugins compatible for Editor in 5.20 ms, found 1 plugins.
Preloading 1 native plugins for Editor in 0.21 ms.
Asset Pipeline Refresh (id=fc1f1e3a0f57c6848844404be41130ff): Total: 0.106 seconds - Initiated by StopAssetImportingV2(NoUpdateAssetOptions)
DisplayProgressbar: Checking prerequisites
You are making an Android IL2CPP build, but it does not have native 64-bit support.
It is recommended to enable ARM64 in Player Settings: Target Architecture in to natively support 64-bit devices.
UnityEngine.StackTraceUtility:ExtractStackTrace ()
UnityEngine.DebugLogHandler:LogFormat (UnityEngine.LogType,UnityEngine.Object,string,object[])
UnityEngine.Logger:Log (UnityEngine.LogType,object)
UnityEngine.Debug:LogWarning (object)
UnityEditor.Android.PostProcessor.Tasks.CheckPrerequisites:Execute (UnityEditor.Android.PostProcessor.PostProcessorContext) (at /home/bokken/build/output/unity/unity/PlatformDependent/AndroidPlayer/Editor/Managed/PostProcessor/Tasks/CheckPrerequisites.cs:96)
UnityEditor.Android.PostProcessor.PostProcessRunner:RunAllTasks (UnityEditor.Android.PostProcessor.PostProcessorContext) (at /home/bokken/build/output/unity/unity/PlatformDependent/AndroidPlayer/Editor/Managed/PostProcessor/AndroidPostProcessor.cs:112)
UnityEditor.Android.PostProcessAndroidPlayer:PrepareForBuild (UnityEditor.BuildPlayerOptions) (at /home/bokken/build/output/unity/unity/PlatformDependent/AndroidPlayer/Editor/Managed/PostProcessAndroidPlayer.cs:58)
UnityEditor.Android.AndroidBuildPostprocessor:PrepareForBuild (UnityEditor.BuildPlayerOptions) (at /home/bokken/build/output/unity/unity/PlatformDependent/AndroidPlayer/Editor/Managed/ExtensionModule.cs:1004)
UnityEditor.PostprocessBuildPlayer:PrepareForBuild (UnityEditor.BuildPlayerOptions)
UnityEditor.BuildPipeline:BuildPlayerInternal (string[],string,string,UnityEditor.BuildTargetGroup,UnityEditor.BuildTarget,int,UnityEditor.BuildOptions,string[])
UnityEditor.BuildPipeline:BuildPlayer (string[],string,string,UnityEditor.BuildTargetGroup,UnityEditor.BuildTarget,int,UnityEditor.BuildOptions,string[])
UnityEditor.BuildPipeline:BuildPlayer (UnityEditor.BuildPlayerOptions)
Trae.Editor.BuildScript:BuildAndroid () (at Assets/Trae/Editor/BuildScript.cs:20)

(Filename: /home/bokken/build/output/unity/unity/PlatformDependent/AndroidPlayer/Editor/Managed/PostProcessor/Tasks/CheckPrerequisites.cs Line: 96)

Android PostProcess task "Checking prerequisites" took 38.6139 ms
DisplayProgressbar: Detect Java Development Kit (JDK)
Android PostProcess task "Detect Java Development Kit (JDK)" took 432.8227 ms
DisplayProgressbar: Detecting Android SDK
AndroidSDKTools:

	root          : C:\Users\User\Trae\Game_project\2022.3.62f2\Editor\Data\PlaybackEngines\AndroidPlayer\SDK
	cmdline-tools : C:\Users\User\Trae\Game_project\2022.3.62f2\Editor\Data\PlaybackEngines\AndroidPlayer\SDK\cmdline-tools\6.0
	platform-tools: C:\Users\User\Trae\Game_project\2022.3.62f2\Editor\Data\PlaybackEngines\AndroidPlayer\SDK\platform-tools
	build-tools   : C:\Users\User\Trae\Game_project\2022.3.62f2\Editor\Data\PlaybackEngines\AndroidPlayer\SDK\build-tools\34.0.0

	adb           : C:\Users\User\Trae\Game_project\2022.3.62f2\Editor\Data\PlaybackEngines\AndroidPlayer\SDK\platform-tools\adb.exe

Android PostProcess task "Detecting Android SDK" took 11653.5715 ms
DisplayProgressbar: Detect Android NDK
Android PostProcess task "Detect Android NDK" took 7.6157 ms
Android PostProcess task "Trying to find a suitable Android device" took 0.8288 ms
DisplayProgressbar: Checking Graphics API compatibility
Android PostProcess task "Checking Graphics API compatibility" took 2.3912 ms
DisplayProgressbar: Check resources
Android PostProcess task "Check resources" took 0.642 ms
DisplayProgressbar: Check Android Player Settings
Android PostProcess task "Check Android Player Settings" took 0.5541 ms
Launched and connected shader compiler UnityShaderCompiler.exe after 0.17 seconds
Starting: C:\Users\User\Trae\Game_project\2022.3.62f2\Editor\Data\bee_backend.exe --ipc --defer-dag-verification --dagfile="Library/Bee/1300b0aESkipCompile.dag" --continue-on-failure --profile="Library/Bee/backend1.traceevents" ScriptAssembliesAndTypeDB
WorkingDir: C:/Users/User/Trae/Game_project/Trae
ExitCode: 4 Duration: 0s101ms
[             ] Require frontend run.  Library/Bee/1300b0aESkipCompile.dag couldn't be loaded
DisplayProgressbar: Compiling Scripts
Starting: C:\Users\User\Trae\Game_project\2022.3.62f2\Editor\Data\Tools\netcorerun\netcorerun.exe "C:\Users\User\Trae\Game_project\2022.3.62f2\Editor\Data\Tools\BuildPipeline\ScriptCompilationBuildProgram.exe" "Library/Bee/1300b0aESkipCompile.dag.json" "Library/Bee/1300b0aESkipCompile-inputdata.json" "Library\Bee\buildprogram0.traceevents"
WorkingDir: C:/Users/User/Trae/Game_project/Trae
ExitCode: 0 Duration: 0s532ms
Starting: C:\Users\User\Trae\Game_project\2022.3.62f2\Editor\Data\bee_backend.exe --ipc --defer-dag-verification --dagfile="Library/Bee/1300b0aESkipCompile.dag" --continue-on-failure --dagfilejson="Library\Bee\1300b0aESkipCompile.dag.json" --profile="Library/Bee/backend2.traceevents" ScriptAssembliesAndTypeDB
WorkingDir: C:/Users/User/Trae/Game_project/Trae
ExitCode: 0 Duration: 1s105ms
Finished compiling graph: 4 nodes, 5 flattened edges (5 ToBuild, 0 ToUse), maximum node priority 3
[2/3        0s] BuildPlayerDataGenerator Library/BuildPlayerData/Editor/TypeDb-All.json
*** Tundra build success (1.04 seconds), 1 items updated, 3 evaluated
Asset Pipeline Refresh (id=65e116eb1f7c9e148ab9b34c4c8b50ce): Total: 0.011 seconds - Initiated by RefreshV2(NoUpdateAssetOptions)
[ScriptCompilation] Requested script compilation because: Recompiling scripts for player build.
BuildPlayer: start building target 13
Starting: C:\Users\User\Trae\Game_project\2022.3.62f2\Editor\Data\bee_backend.exe --ipc --defer-dag-verification --dagfile="Library/Bee/1300b0aP.dag" --continue-on-failure --profile="Library/Bee/backend1.traceevents" ScriptAssembliesAndTypeDB
WorkingDir: C:/Users/User/Trae/Game_project/Trae
ExitCode: 0 Duration: 0s670ms
[133/157    0s] CopyFiles Library/Bee/PlayerScriptAssemblies/Trae.Voice.dll
[134/157    0s] CopyFiles Library/Bee/PlayerScriptAssemblies/UnityEngine.UI.dll
[135/157    0s] CopyFiles Library/Bee/PlayerScriptAssemblies/Unity.WebRTC.pdb
[136/157    0s] CopyFiles Library/Bee/PlayerScriptAssemblies/Trae.Voice.pdb
[137/157    0s] CopyFiles Library/Bee/PlayerScriptAssemblies/Trae.Core.dll
[138/157    0s] CopyFiles Library/Bee/PlayerScriptAssemblies/Unity.WebRTC.dll
[139/157    0s] CopyFiles Library/Bee/PlayerScriptAssemblies/Trae.Core.pdb
[140/157    0s] CopyFiles Library/Bee/PlayerScriptAssemblies/Trae.Data.dll
[141/157    0s] CopyFiles Library/Bee/PlayerScriptAssemblies/UnityEngine.UI.pdb
[142/157    0s] CopyFiles Library/Bee/PlayerScriptAssemblies/Trae.Input.dll
[143/157    0s] CopyFiles Library/Bee/PlayerScriptAssemblies/Trae.Input.pdb
[144/157    0s] CopyFiles Library/Bee/PlayerScriptAssemblies/Trae.Data.pdb
[145/157    0s] CopyFiles Library/Bee/PlayerScriptAssemblies/Trae.Audio.pdb
[146/157    0s] CopyFiles Library/Bee/PlayerScriptAssemblies/Trae.Audio.dll
[147/157    0s] CopyFiles Library/Bee/PlayerScriptAssemblies/Trae.Gameplay.dll
[148/157    0s] CopyFiles Library/Bee/PlayerScriptAssemblies/Trae.Gameplay.pdb
[149/157    0s] CopyFiles Library/Bee/PlayerScriptAssemblies/Trae.UI.dll
[150/157    0s] CopyFiles Library/Bee/PlayerScriptAssemblies/Trae.UI.pdb
[151/157    0s] CopyFiles Library/Bee/PlayerScriptAssemblies/Assembly-CSharp.pdb
[152/157    0s] CopyFiles Library/Bee/PlayerScriptAssemblies/Assembly-CSharp.dll
[153/157    0s] CopyFiles Library/Bee/PlayerScriptAssemblies/UnityEngine.TestRunner.pdb
[154/157    0s] CopyFiles Library/Bee/PlayerScriptAssemblies/UnityEngine.TestRunner.dll
*** Tundra build success (0.60 seconds), 22 items updated, 157 evaluated
Not rebuilding Data files -- no changes
Asset Pipeline Refresh (id=be9becff37cf07143951e11464c2059f): Total: 0.014 seconds - Initiated by RefreshV2(NoUpdateAssetOptions)


Mono dependencies included in the build
Dependency assembly - System.Net.AuthenticationManager.dll
Dependency assembly - System.Reflection.DispatchProxy.dll
Dependency assembly - System.Linq.dll
Dependency assembly - Accessibility.dll
Dependency assembly - System.IO.FileSystem.Watcher.dll
Dependency assembly - System.Reflection.Emit.ILGeneration.dll
Dependency assembly - System.Runtime.InteropServices.RuntimeInformation.dll
Dependency assembly - System.Runtime.InteropServices.dll
Dependency assembly - System.IdentityModel.Selectors.dll
Dependency assembly - System.Net.Security.dll
Dependency assembly - System.Net.WebSockets.Client.dll
Dependency assembly - System.Runtime.Serialization.Json.dll
Dependency assembly - System.Reflection.Context.dll
Dependency assembly - System.Net.NetworkInformation.dll
Dependency assembly - System.Messaging.dll
Dependency assembly - System.dll
Dependency assembly - System.ComponentModel.Primitives.dll
Dependency assembly - System.Diagnostics.TextWriterTraceListener.dll
Dependency assembly - System.Security.Cryptography.Primitives.dll
Dependency assembly - System.Security.Cryptography.Csp.dll
Dependency assembly - System.Management.dll
Dependency assembly - System.Windows.Forms.dll
Dependency assembly - System.Net.ServicePoint.dll
Dependency assembly - System.Security.Cryptography.Encryption.ECDsa.dll
Dependency assembly - System.Runtime.Numerics.dll
Dependency assembly - System.ServiceModel.Primitives.dll
Dependency assembly - System.ServiceModel.Web.dll
Dependency assembly - System.DirectoryServices.dll
Dependency assembly - System.Reflection.Primitives.dll
Dependency assembly - System.Collections.Concurrent.dll
Dependency assembly - System.Security.Cryptography.OpenSsl.dll
Dependency assembly - System.Data.Linq.dll
Dependency assembly - System.DirectoryServices.Protocols.dll
Dependency assembly - System.Diagnostics.TraceEvent.dll
Dependency assembly - System.ComponentModel.EventBasedAsync.dll
Dependency assembly - System.Net.WebHeaderCollection.dll
Dependency assembly - System.IO.FileSystem.dll
Dependency assembly - System.Net.Requests.dll
Dependency assembly - System.ServiceProcess.ServiceController.dll
Dependency assembly - System.Runtime.InteropServices.WindowsRuntime.dll
Dependency assembly - System.ServiceProcess.dll
Dependency assembly - System.Net.WebSockets.dll
Dependency assembly - UnityEngine.UI.dll
Dependency assembly - System.Configuration.dll
Dependency assembly - System.Security.AccessControl.dll
Dependency assembly - System.Diagnostics.Debug.dll
Dependency assembly - System.Windows.Forms.DataVisualization.dll
Dependency assembly - System.Collections.NonGeneric.dll
Dependency assembly - System.Xaml.dll
Dependency assembly - System.EnterpriseServices.dll
Dependency assembly - System.Runtime.DurableInstancing.dll
Dependency assembly - System.Web.DynamicData.dll
Dependency assembly - System.Security.Cryptography.ProtectedData.dll
Dependency assembly - System.Security.Cryptography.X509Certificates.dll
Dependency assembly - Trae.Audio.dll
Dependency assembly - System.Collections.dll
Dependency assembly - System.Web.dll
Dependency assembly - System.ServiceModel.dll
Dependency assembly - System.Resources.ReaderWriter.dll
Dependency assembly - System.Net.Cache.dll
Dependency assembly - System.ServiceModel.Discovery.dll
Dependency assembly - System.Web.Extensions.Design.dll
Dependency assembly - System.Linq.Parallel.dll
Dependency assembly - System.IO.IsolatedStorage.dll
Dependency assembly - System.Xml.Xsl.Primitives.dll
Dependency assembly - System.Runtime.Remoting.dll
Dependency assembly - System.Diagnostics.Contracts.dll
Dependency assembly - System.Xml.XmlSerializer.dll
Dependency assembly - Assembly-CSharp.dll
Dependency assembly - Trae.Core.dll
Dependency assembly - Mono.Security.dll
Dependency assembly - System.Xml.Linq.dll
Dependency assembly - System.Drawing.Design.dll
Dependency assembly - System.Linq.Expressions.dll
Dependency assembly - System.Runtime.Loader.dll
Dependency assembly - System.Resources.Reader.dll
Dependency assembly - System.Transactions.dll
Dependency assembly - System.ServiceModel.Security.dll
Dependency assembly - System.Data.Services.dll
Dependency assembly - System.Linq.Queryable.dll
Dependency assembly - System.Reflection.Emit.Lightweight.dll
Dependency assembly - System.ServiceModel.Http.dll
Dependency assembly - System.Resources.Writer.dll
Dependency assembly - System.IO.UnmanagedMemoryStream.dll
Dependency assembly - System.Threading.Overlapped.dll
Dependency assembly - System.Xml.dll
Dependency assembly - System.Xml.XDocument.dll
Dependency assembly - System.Xml.XPath.XmlDocument.dll
Dependency assembly - Microsoft.Win32.Registry.dll
Dependency assembly - System.ComponentModel.TypeConverter.dll
Dependency assembly - System.Xml.XPath.XDocument.dll
Dependency assembly - Microsoft.CSharp.dll
Dependency assembly - System.Security.Cryptography.Hashing.Algorithms.dll
Dependency assembly - System.Windows.dll
Dependency assembly - System.Net.Utilities.dll
Dependency assembly - System.ComponentModel.DataAnnotations.dll
Dependency assembly - System.IO.Compression.FileSystem.dll
Dependency assembly - System.Security.Cryptography.Encoding.dll
Dependency assembly - System.Text.Encoding.CodePages.dll
Dependency assembly - System.Buffers.dll
Dependency assembly - System.Xml.Serialization.dll
Dependency assembly - System.Security.Cryptography.RSA.dll
Dependency assembly - System.Net.Ping.dll
Dependency assembly - System.Configuration.Install.dll
Dependency assembly - System.Resources.ResourceManager.dll
Dependency assembly - System.IO.Compression.dll
Dependency assembly - System.IO.FileSystem.DriveInfo.dll
Dependency assembly - System.Runtime.Extensions.dll
Dependency assembly - System.Net.Primitives.dll
Dependency assembly - System.Reflection.dll
Dependency assembly - mscorlib.dll
Dependency assembly - System.Dynamic.Runtime.dll
Dependency assembly - Microsoft.Win32.Primitives.dll
Dependency assembly - System.Xml.ReaderWriter.dll
Dependency assembly - System.ComponentModel.dll
Dependency assembly - System.ServiceModel.NetTcp.dll
Dependency assembly - Microsoft.Win32.Registry.AccessControl.dll
Dependency assembly - System.Web.Services.dll
Dependency assembly - System.IO.Compression.ZipFile.dll
Dependency assembly - System.ServiceModel.Activation.dll
Dependency assembly - System.Web.RegularExpressions.dll
Dependency assembly - System.Text.Encoding.Extensions.dll
Dependency assembly - System.AppContext.dll
Dependency assembly - System.Net.Http.WebRequest.dll
Dependency assembly - System.Security.Cryptography.Pkcs.dll
Dependency assembly - System.Threading.Tasks.dll
Dependency assembly - Trae.Data.dll
Dependency assembly - System.Net.Sockets.dll
Dependency assembly - System.Security.SecureString.dll
Dependency assembly - System.Net.Http.dll
Dependency assembly - netstandard.dll
Dependency assembly - System.ServiceModel.Internals.dll
Dependency assembly - Trae.UI.dll
Dependency assembly - System.Data.SqlClient.dll
Dependency assembly - System.IO.dll
Dependency assembly - System.Security.Principal.dll
Dependency assembly - System.Data.Services.Client.dll
Dependency assembly - System.ObjectModel.dll
Dependency assembly - System.Diagnostics.StackTrace.dll
Dependency assembly - System.Xml.XPath.dll
Dependency assembly - System.Runtime.Caching.dll
Dependency assembly - System.Diagnostics.Tracing.dll
Dependency assembly - System.Design.dll
Dependency assembly - System.Runtime.dll
Dependency assembly - System.Drawing.dll
Dependency assembly - System.Diagnostics.Tools.dll
Dependency assembly - System.Text.RegularExpressions.dll
Dependency assembly - System.Security.Cryptography.Algorithms.dll
Dependency assembly - System.Numerics.dll
Dependency assembly - System.Xml.XmlDocument.dll
Dependency assembly - System.IO.MemoryMappedFiles.dll
Dependency assembly - System.IO.FileSystem.AccessControl.dll
Dependency assembly - System.Threading.Tasks.Parallel.dll
Dependency assembly - Trae.Input.dll
Dependency assembly - System.Numerics.Vectors.dll
Dependency assembly - System.ComponentModel.Composition.dll
Dependency assembly - System.IO.Pipes.dll
Dependency assembly - System.Security.Cryptography.DeriveBytes.dll
Dependency assembly - System.Globalization.dll
Dependency assembly - System.Runtime.CompilerServices.VisualC.dll
Dependency assembly - System.Net.Mail.dll
Dependency assembly - System.Net.HttpListener.dll
Dependency assembly - System.Globalization.Calendars.dll
Dependency assembly - System.ValueTuple.dll
Dependency assembly - System.Reflection.TypeExtensions.dll
Dependency assembly - System.Reflection.Extensions.dll
Dependency assembly - System.Security.Cryptography.Encryption.ECDiffieHellman.dll
Dependency assembly - System.Data.Entity.dll
Dependency assembly - System.Diagnostics.TraceSource.dll
Dependency assembly - System.ComponentModel.Annotations.dll
Dependency assembly - System.Net.NameResolution.dll
Dependency assembly - System.Threading.Thread.dll
Dependency assembly - System.Data.dll
Dependency assembly - System.Runtime.Serialization.Formatters.Soap.dll
Dependency assembly - System.Threading.Timer.dll
Dependency assembly - System.Runtime.Serialization.Xml.dll
Dependency assembly - System.IO.FileSystem.Primitives.dll
Dependency assembly - System.IdentityModel.dll
Dependency assembly - System.Runtime.Serialization.dll
Dependency assembly - System.Text.Encoding.dll
Dependency assembly - System.ServiceModel.Routing.dll
Dependency assembly - System.Runtime.Handles.dll
Dependency assembly - System.Runtime.Serialization.Primitives.dll
Dependency assembly - System.Reflection.Emit.dll
Dependency assembly - System.Security.dll
Dependency assembly - System.ServiceModel.Duplex.dll
Dependency assembly - System.Threading.Tasks.Extensions.dll
Dependency assembly - System.Runtime.Serialization.Formatters.dll
Dependency assembly - System.Data.OracleClient.dll
Dependency assembly - System.Security.Principal.Windows.dll
Dependency assembly - System.Console.dll
Dependency assembly - System.Threading.ThreadPool.dll
Dependency assembly - System.Diagnostics.Process.dll
Dependency assembly - System.Web.ApplicationServices.dll
Dependency assembly - System.Diagnostics.FileVersionInfo.dll
Dependency assembly - System.Collections.Specialized.dll
Dependency assembly - System.Security.Claims.dll
Dependency assembly - System.Memory.dll
Dependency assembly - System.Security.Cryptography.Hashing.dll
Dependency assembly - System.Security.Cryptography.Encryption.Aes.dll
Dependency assembly - Trae.Voice.dll
Dependency assembly - System.Web.Extensions.dll
Dependency assembly - Mono.Data.Tds.dll
Dependency assembly - System.Net.dll
Dependency assembly - System.Security.Cryptography.Encryption.dll
Dependency assembly - System.Threading.dll
Dependency assembly - Mono.Data.Sqlite.dll
Dependency assembly - Trae.Gameplay.dll
Dependency assembly - Unity.WebRTC.dll
Dependency assembly - System.Core.dll
Dependency assembly - System.Data.Common.dll
Dependency assembly - System.Drawing.Primitives.dll
Dependency assembly - System.Threading.AccessControl.dll
Dependency assembly - System.Security.Cryptography.Cng.dll
Dependency assembly - System.Json.dll
Dependency assembly - System.Data.DataSetExtensions.dll
Dependency assembly - System.Security.Cryptography.RandomNumberGenerator.dll
Dependency assembly - System.Globalization.Extensions.dll

DisplayProgressbar: Initializing
Android PostProcess task "Initializing" took 1.2558 ms
DisplayProgressbar: Check gradle project collisions
Android PostProcess task "Check gradle project collisions" took 0.6957 ms
DisplayProgressbar: Preparing banner
Android PostProcess task "Preparing banner" took 0.9313 ms
Starting: C:\Users\User\Trae\Game_project\2022.3.62f2\Editor\Data\bee_backend.exe --ipc --dagfile="Library/Bee/Playerf6821801.dag" --profile="Library/Bee/backend1.traceevents" Player
WorkingDir: C:/Users/User/Trae/Game_project/Trae
DisplayProgressbar: Incremental Player Build
ExitCode: 0 Duration: 0s504ms
DisplayProgressbar: Calling IPostGenerateGradleAndroidProject callbacks
Calling IPostGenerateGradleAndroidProject callbacks on 'C:\Users\User\Trae\Game_project\Trae\Library\Bee\Android\Prj\IL2CPP\Gradle\unityLibrary':
Android PostProcess task "Calling IPostGenerateGradleAndroidProject callbacks" took 3.9522 ms
Android PostProcess task "Cloud Diagnostics Symbol Upload" took 0.5393 ms
DisplayProgressbar: Building Gradle project
Android PostProcess task "Building Gradle project" took 33262.5626 ms
DisplayProgressbar: Processing Mapping File
Android PostProcess task "Processing Mapping File" took 0.7785 ms
DisplayProgressbar: Moving output package(s)
Android PostProcess task "Moving output package(s)" took 16.8191 ms
DisplayProgressbar: Checking APKs size
Android PostProcess task "Checking APKs size" took 2.2679 ms
Refreshing native plugins compatible for Editor in 5.21 ms, found 1 plugins.
Preloading 1 native plugins for Editor in 0.23 ms.

-------------------------------------------------------------------------------
Build Report
Information on used Assets is not available, since player data was not rebuilt.
Do a clean build to view the Asset build report information.
-------------------------------------------------------------------------------
Unloading 2 Unused Serialized files (Serialized files now loaded: 0)
Unloading 27 unused Assets / (0.7 MB). Loaded Objects now: 1149.
Memory consumption went from 91.5 MB to 90.9 MB.
Total: 8.924300 ms (FindLiveObjects: 0.159700 ms CreateObjectMapping: 0.082100 ms MarkObjects: 7.908300 ms  DeleteObjects: 0.772200 ms)

DisplayProgressNotification: Build Successful
Build Finished, Result: Success.
##utp:{"type":"PlayerBuildInfo","version":2,"phase":"Immediate","time":1760148826738,"processId":23832,"steps":[{"description":"Preprocess Player","duration":23},{"description":"Prepare For Build","duration":12166},{"description":"ProducePlayerScriptAssemblies","duration":3575},{"description":"Verify Build setup","duration":172},{"description":"Prepare assets for target platform","duration":36},{"description":"Prepare splash screen","duration":2},{"description":"Run script only build","duration":133},{"description":"Postprocess built player","duration":34701}],"duration":50808}
[PhysX] Initialized MultithreadedTaskDispatcher with 36 workers.
Unloading 0 Unused Serialized files (Serialized files now loaded: 0)
Loaded scene 'Temp/__Backupscenes/0.backup'
	Deserialize:            1.511 ms
	Integration:            8.498 ms
	Integration of assets:  0.004 ms
	Thread Wait Time:       0.037 ms
	Total Operation Time:   10.050 ms
Unloading 0 unused Assets / (0 B). Loaded Objects now: 1149.
Memory consumption went from 89.3 MB to 89.3 MB.
Total: 7.194400 ms (FindLiveObjects: 0.149400 ms CreateObjectMapping: 0.039000 ms MarkObjects: 6.997900 ms  DeleteObjects: 0.006700 ms)

Build succeeded: 280 MB
UnityEngine.StackTraceUtility:ExtractStackTrace ()
UnityEngine.DebugLogHandler:LogFormat (UnityEngine.LogType,UnityEngine.Object,string,object[])
UnityEngine.Logger:Log (UnityEngine.LogType,object)
UnityEngine.Debug:Log (object)
Trae.Editor.BuildScript:Check (UnityEditor.Build.Reporting.BuildReport) (at Assets/Trae/Editor/BuildScript.cs:57)
Trae.Editor.BuildScript:BuildAndroid () (at Assets/Trae/Editor/BuildScript.cs:27)

(Filename: Assets/Trae/Editor/BuildScript.cs Line: 57)

Batchmode quit successfully invoked - shutting down!
Killing ADB server in 0.1619105 seconds.
[PhysX] Initialized MultithreadedTaskDispatcher with 36 workers.
Input System module state changed to: ShutdownInProgress.
Input System polling thread exited.
Input System module state changed to: Shutdown.
[Licensing::IpcConnector] LicenseClient-User-notifications channel disconnected successfully.
[Licensing::IpcConnector] LicenseClient-User channel disconnected successfully.
Cleanup mono
[Performance] WinEditorMain                                                                                                  :        1 samples, Peak.   440 ms (1.0x), Avg.   440 ms, Total. 439.6 ms (0.6%)
[Performance] WinEditorMain.ConfigureCrashHandler                                                                            :        1 samples, Peak.   138 us (1.0x), Avg.   138 us, Total. 138.4 us (0.0%)
[Performance] WinEditorMain.CurlRequestInitialize                                                                            :        1 samples, Peak.  1.78 ms (1.0x), Avg.  1.78 ms, Total. 1.778 ms (0.0%)
[Performance] WinEditorMain.SetupLogFile                                                                                     :        1 samples, Peak.  1.19 ms (1.0x), Avg.  1.19 ms, Total. 1.191 ms (0.0%)
[Performance] WinEditorMain.RunNativeTestsIfRequiredAndExit                                                                  :        1 samples, Peak.   500 ns (1.0x), Avg.   500 ns, Total. 500.0 ns (0.0%)
[Performance] WinEditorMain.Licensing                                                                                        :        1 samples, Peak.   343 ms (1.0x), Avg.   343 ms, Total. 343.3 ms (0.4%)
[Performance] WinEditorMain.InitializeCrashHandler                                                                           :        1 samples, Peak.  15.4 ms (1.0x), Avg.  15.4 ms, Total. 15.43 ms (0.0%)
[Performance] WinEditorMain.CreateApplication                                                                                :        1 samples, Peak.  68.1 ms (1.0x), Avg.  68.1 ms, Total. 68.06 ms (0.1%)
[Performance] Application.InitializeProject                                                                                  :        1 samples, Peak.  13.4 s (1.0x), Avg.  13.4 s, Total. 13.36 s (16.8%)
[Performance] Application.PackageManager.StartServer                                                                         :        1 samples, Peak.  29.0 ms (1.0x), Avg.  29.0 ms, Total. 28.97 ms (0.0%)
[Performance] Application.AcquireProjectLock                                                                                 :        1 samples, Peak.  12.2 ms (1.0x), Avg.  12.2 ms, Total. 12.18 ms (0.0%)
[Performance] Application.InitializeEngineNoGraphics                                                                         :        1 samples, Peak.   187 ms (1.0x), Avg.   187 ms, Total. 187.2 ms (0.2%)
[Performance] Application.PackageManager.Initialize                                                                          :        1 samples, Peak.  1.10 s (1.0x), Avg.  1.10 s, Total. 1.101 s (1.4%)
[Performance] Connecting to Package Manager                                                                                  :      111 samples, Peak.   158 us (54.5x), Avg.  2.89 us, Total. 320.5 us (0.0%)
[Performance] Application.EngineGraphics.Initialize                                                                          :        1 samples, Peak.  47.6 ms (1.0x), Avg.  47.6 ms, Total. 47.62 ms (0.1%)
[Performance] Application.GI.Initialize                                                                                      :        1 samples, Peak.  13.6 ms (1.0x), Avg.  13.6 ms, Total. 13.58 ms (0.0%)
[Performance] Application.LoadAllDefaultResourcesFromEditor                                                                  :        1 samples, Peak.  5.42 ms (1.0x), Avg.  5.42 ms, Total. 5.418 ms (0.0%)
[Performance] Application.LoadMonoAssemblies                                                                                 :        1 samples, Peak.  4.77 s (1.0x), Avg.  4.77 s, Total. 4.774 s (6.0%)
[Performance] RestoreManagedReferences                                                                                       :        2 samples, Peak.   124 ms (2.0x), Avg.  62.2 ms, Total. 124.5 ms (0.2%)
[Performance] InitializeOnLoad DrivenRectTransformUndo                                                                       :        2 samples, Peak.  1.12 ms (1.1x), Avg.  1.06 ms, Total. 2.123 ms (0.0%)
[Performance] InitializeOnLoad SceneSearch                                                                                   :        2 samples, Peak.   366 us (1.2x), Avg.   311 us, Total. 621.2 us (0.0%)
[Performance] InitializeOnLoad CloudBuild                                                                                    :        2 samples, Peak.  16.1 us (1.2x), Avg.  13.9 us, Total. 27.70 us (0.0%)
[Performance] InitializeOnLoad NativeFormatImporterUtility                                                                   :        2 samples, Peak.  7.88 ms (1.3x), Avg.  6.14 ms, Total. 12.28 ms (0.0%)
[Performance] InitializeOnLoad SearchService                                                                                 :        2 samples, Peak.   309 us (1.0x), Avg.   296 us, Total. 591.4 us (0.0%)
[Performance] InitializeOnLoad SettingsService                                                                               :        2 samples, Peak.  30.2 us (1.2x), Avg.  24.2 us, Total. 48.40 us (0.0%)
[Performance] InitializeOnLoad WindowLayout                                                                                  :        2 samples, Peak.   715 us (1.0x), Avg.   695 us, Total. 1.389 ms (0.0%)
[Performance] InitializeOnLoad AssetStoreContext                                                                             :        2 samples, Peak.  64.0 ms (1.7x), Avg.  36.8 ms, Total. 73.70 ms (0.1%)
[Performance] InitializeOnLoad PoolManager                                                                                   :        2 samples, Peak.  1.47 ms (1.0x), Avg.  1.44 ms, Total. 2.882 ms (0.0%)
[Performance] InitializeOnLoad MixerEffectDefinitionReloader                                                                 :        2 samples, Peak.  6.95 ms (1.2x), Avg.  5.82 ms, Total. 11.64 ms (0.0%)
[Performance] InitializeOnLoad ProjectSearch                                                                                 :        2 samples, Peak.   169 us (1.1x), Avg.   149 us, Total. 298.7 us (0.0%)
[Performance] InitializeOnLoad UISystemProfilerRenderService                                                                 :        2 samples, Peak.  24.5 us (1.1x), Avg.  22.1 us, Total. 44.20 us (0.0%)
[Performance] InitializeOnLoad EditMode                                                                                      :        2 samples, Peak.  1.12 ms (1.1x), Avg.  1.01 ms, Total. 2.020 ms (0.0%)
[Performance] InitializeOnLoad UnityConnect                                                                                  :        2 samples, Peak.   181 us (1.1x), Avg.   162 us, Total. 323.1 us (0.0%)
[Performance] InitializeOnLoad ManagedDebugger                                                                               :        2 samples, Peak.  1.54 ms (1.0x), Avg.  1.52 ms, Total. 3.031 ms (0.0%)
[Performance] InitializeOnLoad ShortcutIntegration                                                                           :        2 samples, Peak.   188 us (1.1x), Avg.   167 us, Total. 333.5 us (0.0%)
[Performance] InitializeOnLoad AddComponentWindow                                                                            :        2 samples, Peak.   285 us (1.0x), Avg.   275 us, Total. 549.5 us (0.0%)
[Performance] InitializeOnLoad ManagedDebuggerWindow                                                                         :        2 samples, Peak.   379 us (1.1x), Avg.   350 us, Total. 699.4 us (0.0%)
[Performance] InitializeOnLoad CacheServerWindow                                                                             :        2 samples, Peak.  32.4 us (1.3x), Avg.  25.8 us, Total. 51.50 us (0.0%)
[Performance] InitializeOnLoad PlayModeDownload                                                                              :        2 samples, Peak.  10.0 ms (1.9x), Avg.  5.20 ms, Total. 10.40 ms (0.0%)
[Performance] InitializeOnLoad MenuItems                                                                                     :        2 samples, Peak.   260 us (1.1x), Avg.   230 us, Total. 459.4 us (0.0%)
[Performance] InitializeOnLoad PrefabInstanceChangedListener                                                                 :        2 samples, Peak.   436 us (1.1x), Avg.   386 us, Total. 771.4 us (0.0%)
[Performance] InitializeOnLoad ObjectSelectorSearch                                                                          :        2 samples, Peak.   168 us (1.2x), Avg.   146 us, Total. 291.9 us (0.0%)
[Performance] InitializeOnLoad EditorMonitor                                                                                 :        2 samples, Peak.  1.72 ms (1.2x), Avg.  1.42 ms, Total. 2.845 ms (0.0%)
[Performance] InitializeOnLoad RetainedMode                                                                                  :        2 samples, Peak.  6.18 ms (1.0x), Avg.  5.90 ms, Total. 11.80 ms (0.0%)
[Performance] InitializeOnLoad EditorShaderLoader                                                                            :        2 samples, Peak.  1.91 ms (1.1x), Avg.  1.79 ms, Total. 3.572 ms (0.0%)
[Performance] InitializeOnLoad EditorDelegateRegistration                                                                    :        2 samples, Peak.  1.39 ms (1.1x), Avg.  1.29 ms, Total. 2.581 ms (0.0%)
[Performance] InitializeOnLoad UIDocumentHierarchyWatcher                                                                    :        2 samples, Peak.   210 us (1.0x), Avg.   210 us, Total. 419.2 us (0.0%)
[Performance] InitializeOnLoad LiveReloadTrackerCreator                                                                      :        2 samples, Peak.   564 us (1.2x), Avg.   452 us, Total. 903.4 us (0.0%)
[Performance] InitializeOnLoad UxmlObjectEditorFactories                                                                     :        2 samples, Peak.  1.23 ms (1.1x), Avg.  1.10 ms, Total. 2.197 ms (0.0%)
[Performance] InitializeOnLoad UXMLEditorFactories                                                                           :        2 samples, Peak.   168 ms (1.0x), Avg.   163 ms, Total. 325.6 ms (0.4%)
[Performance] InitializeOnLoad PurchasingService                                                                             :        2 samples, Peak.  21.4 ms (1.1x), Avg.  20.2 ms, Total. 40.49 ms (0.1%)
[Performance] InitializeOnLoad CloudBuildPoller                                                                              :        2 samples, Peak.   339 us (1.1x), Avg.   319 us, Total. 638.5 us (0.0%)
[Performance] InitializeOnLoad EditorGameServicesAnalytics                                                                   :        2 samples, Peak.  4.61 ms (1.4x), Avg.  3.37 ms, Total. 6.742 ms (0.0%)
[Performance] InitializeOnLoad AnalyticsService                                                                              :        2 samples, Peak.   611 us (1.1x), Avg.   535 us, Total. 1.069 ms (0.0%)
[Performance] InitializeOnLoad BuildService                                                                                  :        2 samples, Peak.   491 us (1.1x), Avg.   453 us, Total. 906.1 us (0.0%)
[Performance] InitializeOnLoad AdsService                                                                                    :        2 samples, Peak.  1.29 ms (1.0x), Avg.  1.28 ms, Total. 2.564 ms (0.0%)
[Performance] InitializeOnLoad UDPService                                                                                    :        2 samples, Peak.   529 us (1.1x), Avg.   477 us, Total. 953.3 us (0.0%)
[Performance] InitializeOnLoad CrashService                                                                                  :        2 samples, Peak.   513 us (1.1x), Avg.   463 us, Total. 926.8 us (0.0%)
[Performance] InitializeOnLoad ServicesRepository                                                                            :        2 samples, Peak.  2.00 us (1.2x), Avg.  1.60 us, Total. 3.200 us (0.0%)
[Performance] InitializeOnLoad SearchWindow                                                                                  :        2 samples, Peak.   328 us (1.0x), Avg.   318 us, Total. 635.7 us (0.0%)
[Performance] InitializeOnLoad CustomIndexers                                                                                :        2 samples, Peak.  47.5 ms (1.1x), Avg.  42.7 ms, Total. 85.41 ms (0.1%)
[Performance] InitializeOnLoad SearchMonitor                                                                                 :        2 samples, Peak.  2.68 ms (1.1x), Avg.  2.35 ms, Total. 4.706 ms (0.0%)
[Performance] InitializeOnLoad ParameterControllerEditor                                                                     :        2 samples, Peak.  38.0 us (1.1x), Avg.  35.4 us, Total. 70.90 us (0.0%)
[Performance] InitializeOnLoad LayerSettingsWindow                                                                           :        2 samples, Peak.  47.1 us (1.6x), Avg.  29.1 us, Total. 58.20 us (0.0%)
[Performance] InitializeOnLoad PackageManagerHookGUIDConverter.RegisterPackagesEventHandler                                  :        2 samples, Peak.  1.92 ms (1.7x), Avg.  1.14 ms, Total. 2.276 ms (0.0%)
[Performance] InitializeOnLoad EditorDragAndDrop.RegisterEditorClient                                                        :        2 samples, Peak.   595 us (1.1x), Avg.   528 us, Total. 1.056 ms (0.0%)
[Performance] InitializeOnLoad EditorEventCallbacks.InitializeFontAssetResourceChangeCallBacks                               :        2 samples, Peak.  2.99 ms (1.0x), Avg.  2.98 ms, Total. 5.961 ms (0.0%)
[Performance] InitializeOnLoad SceneTemplateService.Init                                                                     :        2 samples, Peak.  3.09 ms (1.0x), Avg.  3.09 ms, Total. 6.181 ms (0.0%)
[Performance] InitializeOnLoad DiagnosticSwitchesConsoleMessage.Init                                                         :        2 samples, Peak.  19.3 ms (1.8x), Avg.  10.9 ms, Total. 21.85 ms (0.0%)
[Performance] InitializeOnLoad PackageManagerWindow.EditorInitializedInSafeMode                                              :        2 samples, Peak.  67.3 ms (2.0x), Avg.  33.8 ms, Total. 67.61 ms (0.1%)
[Performance] InitializeOnLoad ToolShortcutContext.Init                                                                      :        2 samples, Peak.   356 us (1.0x), Avg.   349 us, Total. 697.4 us (0.0%)
[Performance] InitializeOnLoad MemoryProfilerCompilationGuard.InjectCompileGuard                                             :        2 samples, Peak.   574 us (1.2x), Avg.   488 us, Total. 975.6 us (0.0%)
[Performance] InitializeOnLoad AssetPostprocessingInternal.RefreshCustomDependencies                                         :        2 samples, Peak.  9.20 ms (1.1x), Avg.  8.07 ms, Total. 16.13 ms (0.0%)
[Performance] InitializeOnLoad SysrootManager.Initialize                                                                     :        2 samples, Peak.  1.05 ms (1.0x), Avg.  1.05 ms, Total. 2.090 ms (0.0%)
[Performance] InitializeOnLoad ScopedRegistryAddedPopup.SubscribeToRegistriesAdded                                           :        2 samples, Peak.  20.3 ms (2.0x), Avg.  10.3 ms, Total. 20.53 ms (0.0%)
[Performance] InitializeOnLoad SceneVisibilityManager.Initialize                                                             :        2 samples, Peak.  7.73 ms (1.6x), Avg.  4.98 ms, Total. 9.950 ms (0.0%)
[Performance] InitializeOnLoad EditorWindow.Initialize                                                                       :        2 samples, Peak.   639 us (1.1x), Avg.   592 us, Total. 1.184 ms (0.0%)
[Performance] AssemblyReloadEvents.afterAssemblyReload: UnityEditor.SceneTemplate.SceneTemplateService.AfterAssemblyReload   :        2 samples, Peak.  12.9 ms (1.9x), Avg.  6.85 ms, Total. 13.70 ms (0.0%)
[Performance] ProcessService.EditorAfterLoadAllAssemblies                                                                    :        2 samples, Peak.   956 us (1.2x), Avg.   778 us, Total. 1.555 ms (0.0%)
[Performance] Application.ReadLicenseInfo                                                                                    :        1 samples, Peak.  35.6 ms (1.0x), Avg.  35.6 ms, Total. 35.61 ms (0.0%)
[Performance] Application.InitialRefresh                                                                                     :        1 samples, Peak.  5.66 s (1.0x), Avg.  5.66 s, Total. 5.664 s (7.1%)
[Performance] Compiling Scripts                                                                                              :        1 samples, Peak.  2.70 s (1.0x), Avg.  2.70 s, Total. 2.703 s (3.4%)
[Performance] AssemblyReloadEvents.beforeAssemblyReload: UnityEditor.SceneTemplate.SceneTemplateService.BeforeAssemblyReload :        1 samples, Peak.   963 us (1.0x), Avg.   963 us, Total. 963.3 us (0.0%)
[Performance] InitializeOnLoad ContextManager                                                                                :        1 samples, Peak.   842 us (1.0x), Avg.   842 us, Total. 841.9 us (0.0%)
[Performance] InitializeOnLoad BackgroundWatcher                                                                             :        1 samples, Peak.   325 us (1.0x), Avg.   325 us, Total. 324.8 us (0.0%)
[Performance] InitializeOnLoad UnityTestProtocolStarter                                                                      :        1 samples, Peak.   551 us (1.0x), Avg.   551 us, Total. 551.0 us (0.0%)
[Performance] InitializeOnLoad TestStarter                                                                                   :        1 samples, Peak.  1.37 ms (1.0x), Avg.  1.37 ms, Total. 1.366 ms (0.0%)
[Performance] InitializeOnLoad RerunCallbackInitializer                                                                      :        1 samples, Peak.  7.74 ms (1.0x), Avg.  7.74 ms, Total. 7.739 ms (0.0%)
[Performance] InitializeOnLoad RunnerCallbackBootstrap                                                                       :        1 samples, Peak.  3.42 ms (1.0x), Avg.  3.42 ms, Total. 3.418 ms (0.0%)
[Performance] InitializeOnLoad PrefabLayoutRebuilder                                                                         :        1 samples, Peak.   616 us (1.0x), Avg.   616 us, Total. 615.6 us (0.0%)
[Performance] InitializeOnLoad TestJobDataHolder.ResumeRunningJobs                                                           :        1 samples, Peak.  2.83 ms (1.0x), Avg.  2.83 ms, Total. 2.834 ms (0.0%)
[Performance] InitializeOnLoad AnalyticsReporter.RegisterCallbacks                                                           :        1 samples, Peak.   398 us (1.0x), Avg.   398 us, Total. 398.2 us (0.0%)
[Performance] DidReloadScriptsTestRunnerWindow.CompilationCallback                                                           :        1 samples, Peak.  2.61 ms (1.0x), Avg.  2.61 ms, Total. 2.614 ms (0.0%)
[Performance] DidReloadScriptsTestListCache.ScriptReloaded                                                                   :        1 samples, Peak.  2.71 ms (1.0x), Avg.  2.71 ms, Total. 2.705 ms (0.0%)
[Performance] DidReloadScriptsAdvancedDropdownWindow.OnScriptReload                                                          :        1 samples, Peak.   559 us (1.0x), Avg.   559 us, Total. 558.9 us (0.0%)
[Performance] AssemblyReloadEvents.afterAssemblyReload: Unity.WebRTC.ContextManager.OnAfterAssemblyReload                    :        1 samples, Peak.  13.4 ms (1.0x), Avg.  13.4 ms, Total. 13.41 ms (0.0%)
[Performance] SyncVS.PostprocessSyncProject                                                                                  :        2 samples, Peak.  4.19 ms (2.0x), Avg.  2.13 ms, Total. 4.269 ms (0.0%)
[Performance] Application.ImportPackagesAndSetTemplateWhenCreatingProject                                                    :        1 samples, Peak.  42.0 ms (1.0x), Avg.  42.0 ms, Total. 41.99 ms (0.1%)
[Performance] Application.SyncCurrentColorSpace                                                                              :        1 samples, Peak.  25.2 ms (1.0x), Avg.  25.2 ms, Total. 25.25 ms (0.0%)
[Performance] Application.OnUsbDevicesChanged                                                                                :        1 samples, Peak.  8.25 ms (1.0x), Avg.  8.25 ms, Total. 8.249 ms (0.0%)
[Performance] Application.AssetInstanceCacheUpdate                                                                           :        1 samples, Peak.   500 ns (1.0x), Avg.   500 ns, Total. 500.0 ns (0.0%)
[Performance] Application.UnityExtensions.Initialize                                                                         :        1 samples, Peak.  2.14 ms (1.0x), Avg.  2.14 ms, Total. 2.142 ms (0.0%)
[Performance] CodeEditorProjectSync.SyncEditorProject                                                                        :        1 samples, Peak.   277 us (1.0x), Avg.   277 us, Total. 277.2 us (0.0%)
[Performance] Application.ExecuteStartups                                                                                    :        1 samples, Peak.  99.0 ms (1.0x), Avg.  99.0 ms, Total. 98.95 ms (0.1%)
[Performance] Menu.RegisterMenuInterface                                                                                     :       26 samples, Peak.  2.00 us (3.8x), Avg.   523 ns, Total. 13.60 us (0.0%)
[Performance] Gizmo.RebuildRenderers                                                                                         :        2 samples, Peak.  97.2 ms (1.4x), Avg.  70.5 ms, Total. 141.0 ms (0.2%)
[Performance] Gizmo.AddGizmoRenderers                                                                                        :       94 samples, Peak.  3.84 ms (55.5x), Avg.  69.3 us, Total. 6.511 ms (0.0%)
[Performance] Application.editorInitializingProject                                                                          :        1 samples, Peak.   446 ms (1.0x), Avg.   446 ms, Total. 445.6 ms (0.6%)
[Performance] Application.InitializeMenu                                                                                     :        1 samples, Peak.  3.16 s (1.0x), Avg.  3.16 s, Total. 3.163 s (4.0%)
[Performance] Menu.RebuildAll                                                                                                :        1 samples, Peak.  3.16 s (1.0x), Avg.  3.16 s, Total. 3.163 s (4.0%)
[Performance] Menu.BuildRegisteredMenuInterfaces                                                                             :        1 samples, Peak.  3.15 s (1.0x), Avg.  3.15 s, Total. 3.151 s (4.0%)
[Performance] Menu.FilterMenuItem                                                                                            :      528 samples, Peak.  44.0 ms (521.0x), Avg.  84.5 us, Total. 44.61 ms (0.1%)
[Performance] UpdateAllMenus                                                                                                 :        1 samples, Peak.  1.27 ms (1.0x), Avg.  1.27 ms, Total. 1.272 ms (0.0%)
[Performance] Menu.RebuildOSMainMenu                                                                                         :        2 samples, Peak.  16.5 ms (1.2x), Avg.  13.5 ms, Total. 26.97 ms (0.0%)
[Performance] EditorSceneManager.sceneClosing: UnityEditor.SceneVisibilityManager.EditorSceneManagerOnSceneClosing           :        2 samples, Peak.   704 us (2.0x), Avg.   356 us, Total. 712.5 us (0.0%)
[Performance] GUIView.RepaintAll.PlayerLoopController                                                                        :        2 samples, Peak.  2.30 us (1.2x), Avg.  2.00 us, Total. 4.000 us (0.0%)
[Performance] EditorSceneManager.newSceneCreated: UnityEditor.SceneTemplate.SceneTemplateService.OnNewSceneCreated           :        1 samples, Peak.   588 us (1.0x), Avg.   588 us, Total. 588.2 us (0.0%)
[Performance] EditorSceneManager.newSceneCreated: UnityEditor.SceneVisibilityManager.EditorSceneManagerOnNewSceneCreated     :        1 samples, Peak.   469 us (1.0x), Avg.   469 us, Total. 468.8 us (0.0%)
[Performance] EditorSceneManager.newSceneCreated: UnityEditor.SceneManagement.StageNavigationManager.OnNewSceneCreated       :        1 samples, Peak.   143 us (1.0x), Avg.   143 us, Total. 143.2 us (0.0%)
[Performance] Application.InvokeFinishedLoadingProject                                                                       :        1 samples, Peak.  2.90 ms (1.0x), Avg.  2.90 ms, Total. 2.900 ms (0.0%)
[Performance] ProcessService.OnProjectLoaded                                                                                 :        1 samples, Peak.  88.8 us (1.0x), Avg.  88.8 us, Total. 88.80 us (0.0%)
[Performance] VersionControl.Task.Wait                                                                                       :        1 samples, Peak.  84.4 us (1.0x), Avg.  84.4 us, Total. 84.40 us (0.0%)
[Performance] Inspector.InitOrRebuild                                                                                        :        2 samples, Peak.   687 us (1.5x), Avg.   462 us, Total. 924.1 us (0.0%)
[Performance] BuilderAssetModificationProcessor.OnWillSaveAssets                                                             :        2 samples, Peak.  1.94 ms (2.0x), Avg.   980 us, Total. 1.960 ms (0.0%)
[Performance] TerrainModificationProcessor.OnWillSaveAssets                                                                  :        2 samples, Peak.  1.69 ms (2.0x), Avg.   848 us, Total. 1.696 ms (0.0%)
[Performance] AssetDatabase.ImportAssets                                                                                     :        5 samples, Peak.   106 ms (5.0x), Avg.  21.2 ms, Total. 105.9 ms (0.1%)
[Performance] PresetManagerPostProcessor.OnPreprocessAsset                                                                   :        1 samples, Peak.   878 us (1.0x), Avg.   878 us, Total. 878.5 us (0.0%)
[Performance] CancelSplashScreenOnAssetChange.OnPreprocessAsset                                                              :        1 samples, Peak.   469 us (1.0x), Avg.   469 us, Total. 469.1 us (0.0%)
[Performance] BuilderAssetPostprocessor.OnPostprocessAllAssets                                                               :        2 samples, Peak.  9.84 ms (1.0x), Avg.  9.60 ms, Total. 19.20 ms (0.0%)
[Performance] ArtifactBrowserPostProcessor.OnPostprocessAllAssets                                                            :        2 samples, Peak.  1.28 ms (1.0x), Avg.  1.27 ms, Total. 2.549 ms (0.0%)
[Performance] AssetEvents.OnPostprocessAllAssets                                                                             :        4 samples, Peak.   463 us (1.5x), Avg.   307 us, Total. 1.230 ms (0.0%)
[Performance] AudioMixerPostprocessor.OnPostprocessAllAssets                                                                 :        2 samples, Peak.   825 us (1.0x), Avg.   812 us, Total. 1.623 ms (0.0%)
[Performance] StyleCatalogPostProcessor.OnPostprocessAllAssets                                                               :        2 samples, Peak.  35.9 ms (1.0x), Avg.  35.9 ms, Total. 71.81 ms (0.1%)
[Performance] BuildCatalog                                                                                                   :        1 samples, Peak.  33.3 ms (1.0x), Avg.  33.3 ms, Total. 33.29 ms (0.0%)
[Performance] ModelImporterPostProcessor.OnPostprocessAllAssets                                                              :        2 samples, Peak.  2.55 ms (1.0x), Avg.  2.55 ms, Total. 5.097 ms (0.0%)
[Performance] RetainedModeAssetPostprocessor.OnPostprocessAllAssets                                                          :        2 samples, Peak.  5.63 ms (1.0x), Avg.  5.62 ms, Total. 11.25 ms (0.0%)
[Performance] AssetChangedListener.OnPostprocessAllAssets                                                                    :        2 samples, Peak.  4.41 ms (1.0x), Avg.  4.41 ms, Total. 8.815 ms (0.0%)
[Performance] SpeedTreePostProcessor.OnPostprocessAllAssets                                                                  :        2 samples, Peak.   393 us (1.0x), Avg.   388 us, Total. 776.7 us (0.0%)
[Performance] TextAssetPostProcessor.OnPostprocessAllAssets                                                                  :        2 samples, Peak.  1.17 ms (1.0x), Avg.  1.17 ms, Total. 2.339 ms (0.0%)
[Performance] GenerateAssemblyTypeInfos                                                                                      :        2 samples, Peak.  29.7 ms (1.5x), Avg.  20.2 ms, Total. 40.47 ms (0.1%)
[Performance] AssetDatabase.Refresh                                                                                          :        1 samples, Peak.  11.2 ms (1.0x), Avg.  11.2 ms, Total. 11.19 ms (0.0%)
[Performance] EditorApplication.quitting: Unity.WebRTC.ContextManager.Quit                                                   :        1 samples, Peak.  12.0 ms (1.0x), Avg.  12.0 ms, Total. 12.02 ms (0.0%)
[Performance] EditorApplication.quitting: callback in UnityEditor.TextCore.Text.EditorEventCallbacks                         :        1 samples, Peak.  10.5 ms (1.0x), Avg.  10.5 ms, Total. 10.47 ms (0.0%)
[Performance] Killing ADB server                                                                                             :        1 samples, Peak.   162 ms (1.0x), Avg.   162 ms, Total. 162.2 ms (0.2%)
[Performance] Application.Shutdown.PauseProfilerSession                                                                      :        1 samples, Peak.  80.9 us (1.0x), Avg.  80.9 us, Total. 80.90 us (0.0%)
[Performance] Application.Shutdown.PauseAssetImportWorkers                                                                   :        1 samples, Peak.   493 us (1.0x), Avg.   493 us, Total. 492.7 us (0.0%)
[Performance] Application.Shutdown.SaveAssets                                                                                :        1 samples, Peak.  9.15 ms (1.0x), Avg.  9.15 ms, Total. 9.152 ms (0.0%)
[Performance] Application.Shutdown.CleanupRenderPipeline                                                                     :        1 samples, Peak.  7.60 us (1.0x), Avg.  7.60 us, Total. 7.600 us (0.0%)
[Performance] Application.Shutdown.StopPreloadManager                                                                        :        1 samples, Peak.  10.1 ms (1.0x), Avg.  10.1 ms, Total. 10.11 ms (0.0%)
[Performance] Application.Shutdown.DestroyWorld                                                                              :        1 samples, Peak.   820 us (1.0x), Avg.   820 us, Total. 819.9 us (0.0%)
[Performance] Application.Shutdown.CleanupAfterLoad                                                                          :        1 samples, Peak.  5.44 ms (1.0x), Avg.  5.44 ms, Total. 5.441 ms (0.0%)
[Performance] Application.Shutdown.Progress                                                                                  :        1 samples, Peak.  31.7 us (1.0x), Avg.  31.7 us, Total. 31.70 us (0.0%)
[Performance] Application.Shutdown.GICleanupManagers                                                                         :        1 samples, Peak.  2.54 ms (1.0x), Avg.  2.54 ms, Total. 2.539 ms (0.0%)
[Performance] Application.Shutdown.MenuCleanupClass                                                                          :        1 samples, Peak.   286 us (1.0x), Avg.   286 us, Total. 285.5 us (0.0%)
[Performance] Application.Shutdown.ADBSaveStateBeforeShutdown                                                                :        1 samples, Peak.  13.3 us (1.0x), Avg.  13.3 us, Total. 13.30 us (0.0%)
[Performance] Application.Shutdown.RemoteShutdown                                                                            :        1 samples, Peak.  1.10 us (1.0x), Avg.  1.10 us, Total. 1.100 us (0.0%)
[Performance] Application.Shutdown.CleanupVCProvider                                                                         :        1 samples, Peak.  43.2 us (1.0x), Avg.  43.2 us, Total. 43.20 us (0.0%)
[Performance] Application.Shutdown.InputShutdown                                                                             :        1 samples, Peak.  13.7 us (1.0x), Avg.  13.7 us, Total. 13.70 us (0.0%)
[Performance] Application.Shutdown.GizmoManagerDestroy                                                                       :        1 samples, Peak.  1.98 ms (1.0x), Avg.  1.98 ms, Total. 1.977 ms (0.0%)
[Performance] Application.Shutdown.ProfilerSession                                                                           :        1 samples, Peak.   336 us (1.0x), Avg.   336 us, Total. 335.9 us (0.0%)
[Performance] Application.Shutdown.ReleaseGfxWindowOnAllGUIViews                                                             :        1 samples, Peak.   500 ns (1.0x), Avg.   500 ns, Total. 500.0 ns (0.0%)
[Performance] Application.Shutdown.CleanupEngine                                                                             :        1 samples, Peak.   124 ms (1.0x), Avg.   124 ms, Total. 124.0 ms (0.2%)
[Performance] Application.Shutdown.CleanupAssetDatabase                                                                      :        1 samples, Peak.  8.73 ms (1.0x), Avg.  8.73 ms, Total. 8.727 ms (0.0%)
[Performance] Application.Shutdown.ScriptCompilationCleanUp                                                                  :        1 samples, Peak.  58.4 ms (1.0x), Avg.  58.4 ms, Total. 58.37 ms (0.1%)
[Performance] Application.Shutdown.DestroyJobSystem                                                                          :        1 samples, Peak.   389 us (1.0x), Avg.   389 us, Total. 389.3 us (0.0%)
[Performance] Application.Shutdown.CleanupPersistentManager                                                                  :        1 samples, Peak.   865 us (1.0x), Avg.   865 us, Total. 865.4 us (0.0%)
[Performance] Application.Shutdown.CleanupAsyncReadManager                                                                   :        1 samples, Peak.   580 us (1.0x), Avg.   580 us, Total. 580.1 us (0.0%)
[Performance] Application.Shutdown.CleanupProgressBar                                                                        :        1 samples, Peak.   600 ns (1.0x), Avg.   600 ns, Total. 600.0 ns (0.0%)
[Performance] Application.Shutdown.CleanupMono                                                                               :        1 samples, Peak.  96.1 ms (1.0x), Avg.  96.1 ms, Total. 96.05 ms (0.1%)
[Performance] Application.Shutdown.CleanupStdConverters                                                                      :        1 samples, Peak.  18.2 us (1.0x), Avg.  18.2 us, Total. 18.20 us (0.0%)
[Performance] Application.Shutdown.UnloadAllPlatformSupportModuleNativeDlls                                                  :        1 samples, Peak.   800 ns (1.0x), Avg.   800 ns, Total. 800.0 ns (0.0%)
[Performance] Application.Shutdown.UnloadAllPlatformSupportNativeLibraries                                                   :        1 samples, Peak.  2.23 s (1.0x), Avg.  2.23 s, Total. 2.232 s (2.8%)
[Performance] Application.Shutdown.CleanupAutoDocumentation                                                                  :        1 samples, Peak.   988 us (1.0x), Avg.   988 us, Total. 988.1 us (0.0%)
[Performance] Application.Shutdown.ShaderNameManagerDestroy                                                                  :        1 samples, Peak.   114 us (1.0x), Avg.   114 us, Total. 114.4 us (0.0%)
[Performance] Application.Shutdown.CleanupCacheServer                                                                        :        1 samples, Peak.   500 ns (1.0x), Avg.   500 ns, Total. 500.0 ns (0.0%)
[Performance] Application.Shutdown.Virtualization_Shutdown                                                                   :        1 samples, Peak.   700 ns (1.0x), Avg.   700 ns, Total. 700.0 ns (0.0%)
[Performance] Application.Shutdown.DevConnections                                                                            :        1 samples, Peak.   461 us (1.0x), Avg.   461 us, Total. 460.8 us (0.0%)
Exiting batchmode successfully now!
Exiting without the bug reporter. Application will terminate with return code 0