[Licensing::Module] Trying to connect to existing licensing client channel...
[Licensing::IpcConnector] Successfully connected to: "LicenseClient-User" at "2025-10-11T06:56:07.1335016Z"
Built from '6000.2/staging' branch; Version is '6000.2.6f1 (cc51a95c0300) revision 13390249'; Using compiler version '194234433'; Build Type 'Release'
OS: 'Windows 11  (10.0.26100) 64bit ProfessionalWorkstation' Language: 'ja' Physical Memory: 130987 MB
BatchMode: 1, IsHumanControllingUs: 0, StartBugReporterOnCrash: 0, Is64bit: 1
Date: 2025-10-11T06:56:07Z

COMMAND LINE ARGUMENTS:
C:\Program Files\Unity\Hub\Editor\6000.2.6f1\Editor\Unity.exe
-quit
-batchmode
-nographics
-projectPath
C:\Users\User\Trae\Game_project\Trae
-executeMethod
Trae.Editor.BuildScript.BuildAndroidApkX86_64
-logFile
C:\Users\User\Trae\Game_project\data\logs\current\build_x86_64_20251011_155606.log
Successfully changed project path to: C:\Users\User\Trae\Game_project\Trae
C:/Users/User/Trae/Game_project/Trae
[UnityMemory] Configuration Parameters - Can be set up in boot.config
    "memorysetup-allocator-temp-initial-block-size-main=262144"
    "memorysetup-allocator-temp-initial-block-size-worker=262144"
    "memorysetup-bucket-allocator-granularity=16"
    "memorysetup-bucket-allocator-bucket-count=8"
    "memorysetup-bucket-allocator-block-size=33554432"
    "memorysetup-bucket-allocator-block-count=8"
    "memorysetup-main-allocator-block-size=16777216"
    "memorysetup-thread-allocator-block-size=16777216"
    "memorysetup-gfx-main-allocator-block-size=16777216"
    "memorysetup-gfx-thread-allocator-block-size=16777216"
    "memorysetup-cache-allocator-block-size=4194304"
    "memorysetup-typetree-allocator-block-size=2097152"
    "memorysetup-profiler-bucket-allocator-granularity=16"
    "memorysetup-profiler-bucket-allocator-bucket-count=8"
    "memorysetup-profiler-bucket-allocator-block-size=33554432"
    "memorysetup-profiler-bucket-allocator-block-count=8"
    "memorysetup-profiler-allocator-block-size=16777216"
    "memorysetup-profiler-editor-allocator-block-size=1048576"
    "memorysetup-temp-allocator-size-main=16777216"
    "memorysetup-job-temp-allocator-block-size=2097152"
    "memorysetup-job-temp-allocator-block-size-background=1048576"
    "memorysetup-job-temp-allocator-reduction-small-platforms=262144"
    "memorysetup-temp-allocator-size-background-worker=32768"
    "memorysetup-temp-allocator-size-job-worker=262144"
    "memorysetup-temp-allocator-size-preload-manager=33554432"
    "memorysetup-temp-allocator-size-nav-mesh-worker=65536"
    "memorysetup-temp-allocator-size-audio-worker=65536"
    "memorysetup-temp-allocator-size-cloud-worker=32768"
    "memorysetup-temp-allocator-size-gi-baking-worker=262144"
    "memorysetup-temp-allocator-size-gi-baking-worker=262144"
    "memorysetup-temp-allocator-size-gi-baking-worker=262144"
    "memorysetup-temp-allocator-size-gi-baking-worker=262144"
    "memorysetup-temp-allocator-size-gi-baking-worker=262144"
    "memorysetup-temp-allocator-size-gfx=262144"
Player connection [5944]  Target information:

Player connection [5944]  * "[IP] 172.31.32.1 [Port] 55504 [Flags] 2 [Guid] 1105495188 [EditorId] 1105495188 [Version] 1048832 [Id] WindowsEditor(7,Moc) [Debug] 1 [PackageName] WindowsEditor [ProjectName] Editor" 

Player connection [5944]  * "[IP] 192.168.11.18 [Port] 55504 [Flags] 2 [Guid] 1105495188 [EditorId] 1105495188 [Version] 1048832 [Id] WindowsEditor(7,Moc) [Debug] 1 [PackageName] WindowsEditor [ProjectName] Editor" 

Player connection [5944] Host joined multi-casting on [225.0.0.222:54997]...
Player connection [5944] Host joined alternative multi-casting on [225.0.0.222:34997]...
Input System module state changed to: Initialized.
[Physics::Module] Initialized fallback backend.
[Physics::Module] Id: 0xdecafbad
[Licensing::Client] Code 10 while verifying Licensing Client signature (process Id: 49836, path: "C:/Program Files/Unity Hub/UnityLicensingClient_V1/Unity.Licensing.Client.exe")
[Licensing::Module] LicensingClient has failed validation; ignoring
[Licensing::Client] Handshaking with LicensingClient:
  Version:                 1.17.3+a4e98f1
  Session Id:              9dea7c74d3ee47f7b7a84a2e55a71b85
  Correlation Id:          6b0fd4d37a7b4d4fec0f561e8dc4f70a
  External correlation Id: 3970866568078966250
  Machine Id:              636YGZjRcpTsWOvApEgWDsbwxlk=
[Licensing::Module] Successfully connected to LicensingClient on channel: "LicenseClient-User" (connect: 0.00s, validation: 0.00s, handshake: 0.13s)
[Licensing::IpcConnector] Successfully connected to: "LicenseClient-User-notifications" at "2025-10-11T06:56:07.2679Z"
[Licensing::Module] Error: Access token is unavailable; failed to update
[Licensing::Client] Successfully resolved entitlement details
[Licensing::Module] License group:
  Id: 15669618400951-UnityPersXXXX
  Product: Unity Personal
  Type: Assigned
  Expiration: Unlimited
[Licensing::Client] Successfully updated license, isAsync: True, time: 0.00
[Licensing::Client] Successfully resolved entitlement details
[Licensing::Module] Licensing Background thread has ended after 0.15s
[Package Manager] Connected to IPC stream "Upm-22840" after 0.9 seconds.
Library Redirect Path: Library/
[Physics::Module] Selected backend.
[Physics::Module] Name: PhysX
[Physics::Module] Id: 0xf2b8ea05
[Physics::Module] SDK Version: 4.1.2
[Physics::Module] Integration Version: 1.0.0
[Physics::Module] Threading Mode: Multi-Threaded
Artifact Garbage Collection - Removed 17 unused hashed content files
[Licensing::Client] Successfully resolved entitlement details
Refreshing native plugins compatible for Editor in 1.01 ms, found 0 plugins.
Preloading 0 native plugins for Editor in 0.00 ms.
Initialize engine version: 6000.2.6f1 (cc51a95c0300)
[Subsystems] Discovering subsystems at path C:/Program Files/Unity/Hub/Editor/6000.2.6f1/Editor/Data/Resources/UnitySubsystems
[Subsystems] Discovering subsystems at path C:/Users/User/Trae/Game_project/Trae/Assets
Forcing GfxDevice: Null
GfxDevice: creating device client; kGfxThreadingModeNonThreaded
NullGfxDevice:
    Version:  NULL 1.0 [1.0]
    Renderer: Null Device
    Vendor:   Unity Technologies
Initialize mono
Mono path[0] = 'C:/Program Files/Unity/Hub/Editor/6000.2.6f1/Editor/Data/Managed'
Mono path[1] = 'C:/Program Files/Unity/Hub/Editor/6000.2.6f1/Editor/Data/MonoBleedingEdge/lib/mono/unityjit-win32'
Mono config path = 'C:/Program Files/Unity/Hub/Editor/6000.2.6f1/Editor/Data/MonoBleedingEdge/etc'
Using monoOptions --debugger-agent=transport=dt_socket,embedding=1,server=y,suspend=n,address=127.0.0.1:56840
Using cacheserver namespaces - metadata:defaultmetadata, artifacts:defaultartifacts
Using cacheserver namespaces - metadata:defaultmetadata, artifacts:defaultartifacts
ImportWorker Server TCP listen port: 0
AcceleratorClientConnectionCallback - disconnected - :0
Begin MonoManager ReloadAssembly
Registering precompiled unity dll's ...
Register platform support module: C:/Program Files/Unity/Hub/Editor/6000.2.6f1/Editor/Data/PlaybackEngines/WebGLSupport/UnityEditor.WebGL.Extensions.dll
Register platform support module: C:/Program Files/Unity/Hub/Editor/6000.2.6f1/Editor/Data/PlaybackEngines/WindowsStandaloneSupport/UnityEditor.WindowsStandalone.Extensions.dll
Trying to register platform support module: C:/Program Files/Unity/Hub/Editor/6000.2.6f1/Editor/Data/PlaybackEngines/AndroidPlayer/UnityEditor.Android.Extensions.dll (that doesn't exist). Retrying without overrides.
Platform support module is not available: C:/Program Files/Unity/Hub/Editor/6000.2.6f1/Editor/Data/PlaybackEngines/AndroidPlayer/UnityEditor.Android.Extensions.dll
Registered in 0.008823 seconds.
- Loaded All Assemblies, in  1.197 seconds
Native extension for WindowsStandalone target not found
Native extension for WebGL target not found
Mono: successfully reloaded assembly
- Finished resetting the current domain, in  1.008 seconds
Domain Reload Profiling: 2197ms
	BeginReloadAssembly (401ms)
		ExecutionOrderSort (0ms)
		DisableScriptedObjects (0ms)
		BackupInstance (0ms)
		ReleaseScriptingObjects (0ms)
		CreateAndSetChildDomain (2ms)
	RebuildCommonClasses (122ms)
	RebuildNativeTypeToScriptingClass (33ms)
	initialDomainReloadingComplete (140ms)
	LoadAllAssembliesAndSetupDomain (491ms)
		LoadAssemblies (392ms)
		RebuildTransferFunctionScriptingTraits (0ms)
		AnalyzeDomain (482ms)
			TypeCache.Refresh (477ms)
				TypeCache.ScanAssembly (438ms)
			BuildScriptInfoCaches (0ms)
			ResolveRequiredComponents (1ms)
	FinalizeReload (1009ms)
		ReleaseScriptCaches (0ms)
		RebuildScriptCaches (0ms)
		SetupLoadedEditorAssemblies (915ms)
			LogAssemblyErrors (0ms)
			InitializePlatformSupportModulesInManaged (151ms)
			SetLoadedEditorAssemblies (9ms)
			BeforeProcessingInitializeOnLoad (191ms)
			ProcessInitializeOnLoadAttributes (371ms)
			ProcessInitializeOnLoadMethodAttributes (192ms)
			AfterProcessingInitializeOnLoad (0ms)
			EditorAssembliesLoaded (0ms)
		ExecutionOrderSort2 (0ms)
		AwakeInstancesAfterBackupRestoration (0ms)
[Licensing::Client] Successfully resolved entitlement details
[Licensing::Client] Successfully resolved entitlement details
Application.AssetDatabase Initial Refresh Start
Package Manager log level set to [2]
[Package Manager] Restoring resolved packages state from cache
[Licensing::Client] Successfully resolved entitlement details
[Package Manager] Registered 40 packages:
  Packages from [https://packages.unity.com]:
    com.unity.webrtc@3.0.0 (location: C:\Users\User\Trae\Game_project\Trae\Library\PackageCache\com.unity.webrtc@9605a106619b)
    com.unity.editorcoroutines@1.0.0 (location: C:\Users\User\Trae\Game_project\Trae\Library\PackageCache\com.unity.editorcoroutines@7d48783e7b8c)
  Built-in packages:
    com.unity.multiplayer.center@1.0.0 (location: C:\Users\User\Trae\Game_project\Trae\Library\PackageCache\com.unity.multiplayer.center@f3fb577b3546)
    com.unity.test-framework@1.6.0 (location: C:\Users\User\Trae\Game_project\Trae\Library\PackageCache\com.unity.test-framework@40b8da2bd3e9)
    com.unity.ugui@2.0.0 (location: C:\Users\User\Trae\Game_project\Trae\Library\PackageCache\com.unity.ugui@e375ff18e90f)
    com.unity.modules.accessibility@1.0.0 (location: C:\Program Files\Unity\Hub\Editor\6000.2.6f1\Editor\Data\Resources\PackageManager\BuiltInPackages\com.unity.modules.accessibility)
    com.unity.modules.ai@1.0.0 (location: C:\Program Files\Unity\Hub\Editor\6000.2.6f1\Editor\Data\Resources\PackageManager\BuiltInPackages\com.unity.modules.ai)
    com.unity.modules.androidjni@1.0.0 (location: C:\Program Files\Unity\Hub\Editor\6000.2.6f1\Editor\Data\Resources\PackageManager\BuiltInPackages\com.unity.modules.androidjni)
    com.unity.modules.animation@1.0.0 (location: C:\Program Files\Unity\Hub\Editor\6000.2.6f1\Editor\Data\Resources\PackageManager\BuiltInPackages\com.unity.modules.animation)
    com.unity.modules.assetbundle@1.0.0 (location: C:\Program Files\Unity\Hub\Editor\6000.2.6f1\Editor\Data\Resources\PackageManager\BuiltInPackages\com.unity.modules.assetbundle)
    com.unity.modules.audio@1.0.0 (location: C:\Program Files\Unity\Hub\Editor\6000.2.6f1\Editor\Data\Resources\PackageManager\BuiltInPackages\com.unity.modules.audio)
    com.unity.modules.cloth@1.0.0 (location: C:\Program Files\Unity\Hub\Editor\6000.2.6f1\Editor\Data\Resources\PackageManager\BuiltInPackages\com.unity.modules.cloth)
    com.unity.modules.director@1.0.0 (location: C:\Program Files\Unity\Hub\Editor\6000.2.6f1\Editor\Data\Resources\PackageManager\BuiltInPackages\com.unity.modules.director)
    com.unity.modules.imageconversion@1.0.0 (location: C:\Program Files\Unity\Hub\Editor\6000.2.6f1\Editor\Data\Resources\PackageManager\BuiltInPackages\com.unity.modules.imageconversion)
    com.unity.modules.imgui@1.0.0 (location: C:\Program Files\Unity\Hub\Editor\6000.2.6f1\Editor\Data\Resources\PackageManager\BuiltInPackages\com.unity.modules.imgui)
    com.unity.modules.jsonserialize@1.0.0 (location: C:\Program Files\Unity\Hub\Editor\6000.2.6f1\Editor\Data\Resources\PackageManager\BuiltInPackages\com.unity.modules.jsonserialize)
    com.unity.modules.particlesystem@1.0.0 (location: C:\Program Files\Unity\Hub\Editor\6000.2.6f1\Editor\Data\Resources\PackageManager\BuiltInPackages\com.unity.modules.particlesystem)
    com.unity.modules.physics@1.0.0 (location: C:\Program Files\Unity\Hub\Editor\6000.2.6f1\Editor\Data\Resources\PackageManager\BuiltInPackages\com.unity.modules.physics)
    com.unity.modules.physics2d@1.0.0 (location: C:\Program Files\Unity\Hub\Editor\6000.2.6f1\Editor\Data\Resources\PackageManager\BuiltInPackages\com.unity.modules.physics2d)
    com.unity.modules.screencapture@1.0.0 (location: C:\Program Files\Unity\Hub\Editor\6000.2.6f1\Editor\Data\Resources\PackageManager\BuiltInPackages\com.unity.modules.screencapture)
    com.unity.modules.terrain@1.0.0 (location: C:\Program Files\Unity\Hub\Editor\6000.2.6f1\Editor\Data\Resources\PackageManager\BuiltInPackages\com.unity.modules.terrain)
    com.unity.modules.terrainphysics@1.0.0 (location: C:\Program Files\Unity\Hub\Editor\6000.2.6f1\Editor\Data\Resources\PackageManager\BuiltInPackages\com.unity.modules.terrainphysics)
    com.unity.modules.tilemap@1.0.0 (location: C:\Program Files\Unity\Hub\Editor\6000.2.6f1\Editor\Data\Resources\PackageManager\BuiltInPackages\com.unity.modules.tilemap)
    com.unity.modules.ui@1.0.0 (location: C:\Program Files\Unity\Hub\Editor\6000.2.6f1\Editor\Data\Resources\PackageManager\BuiltInPackages\com.unity.modules.ui)
    com.unity.modules.uielements@1.0.0 (location: C:\Program Files\Unity\Hub\Editor\6000.2.6f1\Editor\Data\Resources\PackageManager\BuiltInPackages\com.unity.modules.uielements)
    com.unity.modules.umbra@1.0.0 (location: C:\Program Files\Unity\Hub\Editor\6000.2.6f1\Editor\Data\Resources\PackageManager\BuiltInPackages\com.unity.modules.umbra)
    com.unity.modules.unityanalytics@1.0.0 (location: C:\Program Files\Unity\Hub\Editor\6000.2.6f1\Editor\Data\Resources\PackageManager\BuiltInPackages\com.unity.modules.unityanalytics)
    com.unity.modules.unitywebrequest@1.0.0 (location: C:\Program Files\Unity\Hub\Editor\6000.2.6f1\Editor\Data\Resources\PackageManager\BuiltInPackages\com.unity.modules.unitywebrequest)
    com.unity.modules.unitywebrequestassetbundle@1.0.0 (location: C:\Program Files\Unity\Hub\Editor\6000.2.6f1\Editor\Data\Resources\PackageManager\BuiltInPackages\com.unity.modules.unitywebrequestassetbundle)
    com.unity.modules.unitywebrequestaudio@1.0.0 (location: C:\Program Files\Unity\Hub\Editor\6000.2.6f1\Editor\Data\Resources\PackageManager\BuiltInPackages\com.unity.modules.unitywebrequestaudio)
    com.unity.modules.unitywebrequesttexture@1.0.0 (location: C:\Program Files\Unity\Hub\Editor\6000.2.6f1\Editor\Data\Resources\PackageManager\BuiltInPackages\com.unity.modules.unitywebrequesttexture)
    com.unity.modules.unitywebrequestwww@1.0.0 (location: C:\Program Files\Unity\Hub\Editor\6000.2.6f1\Editor\Data\Resources\PackageManager\BuiltInPackages\com.unity.modules.unitywebrequestwww)
    com.unity.modules.vehicles@1.0.0 (location: C:\Program Files\Unity\Hub\Editor\6000.2.6f1\Editor\Data\Resources\PackageManager\BuiltInPackages\com.unity.modules.vehicles)
    com.unity.modules.video@1.0.0 (location: C:\Program Files\Unity\Hub\Editor\6000.2.6f1\Editor\Data\Resources\PackageManager\BuiltInPackages\com.unity.modules.video)
    com.unity.modules.vr@1.0.0 (location: C:\Program Files\Unity\Hub\Editor\6000.2.6f1\Editor\Data\Resources\PackageManager\BuiltInPackages\com.unity.modules.vr)
    com.unity.modules.wind@1.0.0 (location: C:\Program Files\Unity\Hub\Editor\6000.2.6f1\Editor\Data\Resources\PackageManager\BuiltInPackages\com.unity.modules.wind)
    com.unity.modules.xr@1.0.0 (location: C:\Program Files\Unity\Hub\Editor\6000.2.6f1\Editor\Data\Resources\PackageManager\BuiltInPackages\com.unity.modules.xr)
    com.unity.modules.subsystems@1.0.0 (location: C:\Program Files\Unity\Hub\Editor\6000.2.6f1\Editor\Data\Resources\PackageManager\BuiltInPackages\com.unity.modules.subsystems)
    com.unity.modules.hierarchycore@1.0.0 (location: C:\Program Files\Unity\Hub\Editor\6000.2.6f1\Editor\Data\Resources\PackageManager\BuiltInPackages\com.unity.modules.hierarchycore)
    com.unity.ext.nunit@2.0.5 (location: C:\Users\User\Trae\Game_project\Trae\Library\PackageCache\com.unity.ext.nunit@031a54704bff)
[Subsystems] No new subsystems found in resolved package list.
[Package Manager] Done registering packages in 0.04 seconds
Starting: C:\Program Files\Unity\Hub\Editor\6000.2.6f1\Editor\Data\bee_backend.exe --ipc --defer-dag-verification --dagfile="Library/Bee/1300b0aE.dag" --continue-on-failure --profile="Library/Bee/backend1.traceevents" ScriptAssemblies
WorkingDir: C:/Users/User/Trae/Game_project/Trae
DisplayProgressbar: Compiling Scripts
ExitCode: 0 Duration: 0s316ms
*** Tundra build success (0.22 seconds), 0 items updated, 339 evaluated
AssetDatabase: script compilation time: 1.532231s
Begin MonoManager ReloadAssembly
- Loaded All Assemblies, in  1.348 seconds
Refreshing native plugins compatible for Editor in 3.43 ms, found 1 plugins.
Native extension for WindowsStandalone target not found
Native extension for WebGL target not found
[CI] RunnerCallbackBootstrap loaded (InitializeOnLoad)
UnityEngine.Debug:ExtractStackTraceNoAlloc (byte*,int,string)
UnityEngine.StackTraceUtility:ExtractStackTrace ()
UnityEngine.DebugLogHandler:Internal_Log (UnityEngine.LogType,UnityEngine.LogOption,string,UnityEngine.Object)
UnityEngine.DebugLogHandler:LogFormat (UnityEngine.LogType,UnityEngine.Object,string,object[])
UnityEngine.Logger:Log (UnityEngine.LogType,object)
UnityEngine.Debug:Log (object)
Trae.Tools.Editor.TestRunnerCli/RunnerCallbackBootstrap:.cctor () (at Assets/Trae/Scripts/Editor/TestRunnerCli.cs:311)
System.Runtime.CompilerServices.RuntimeHelpers:RunClassConstructor (System.RuntimeTypeHandle)
UnityEditor.EditorAssemblies:ProcessInitializeOnLoadAttributes (System.Type[])

(Filename: Assets/Trae/Scripts/Editor/TestRunnerCli.cs Line: 311)

Mono: successfully reloaded assembly
- Finished resetting the current domain, in  1.184 seconds
Domain Reload Profiling: 2522ms
	BeginReloadAssembly (649ms)
		ExecutionOrderSort (0ms)
		DisableScriptedObjects (51ms)
		BackupInstance (0ms)
		ReleaseScriptingObjects (0ms)
		CreateAndSetChildDomain (194ms)
	RebuildCommonClasses (99ms)
	RebuildNativeTypeToScriptingClass (36ms)
	initialDomainReloadingComplete (89ms)
	LoadAllAssembliesAndSetupDomain (465ms)
		LoadAssemblies (665ms)
		RebuildTransferFunctionScriptingTraits (0ms)
		AnalyzeDomain (91ms)
			TypeCache.Refresh (55ms)
				TypeCache.ScanAssembly (44ms)
			BuildScriptInfoCaches (24ms)
			ResolveRequiredComponents (7ms)
	FinalizeReload (1185ms)
		ReleaseScriptCaches (0ms)
		RebuildScriptCaches (0ms)
		SetupLoadedEditorAssemblies (848ms)
			LogAssemblyErrors (0ms)
			InitializePlatformSupportModulesInManaged (76ms)
			SetLoadedEditorAssemblies (15ms)
			BeforeProcessingInitializeOnLoad (357ms)
			ProcessInitializeOnLoadAttributes (318ms)
			ProcessInitializeOnLoadMethodAttributes (63ms)
			AfterProcessingInitializeOnLoad (19ms)
			EditorAssembliesLoaded (0ms)
		ExecutionOrderSort2 (0ms)
		AwakeInstancesAfterBackupRestoration (29ms)
Asset Pipeline Refresh (id=9306a13a1f40e3749ac50e53eda098ad): Total: 4.638 seconds - Initiated by InitialRefreshV2(ForceSynchronousImport)
	Summary:
		Imports: total=0 (actual=0, local cache=0, cache server=0)
		Asset DB Process Time: managed=0 ms, native=1620 ms
		Asset DB Callback time: managed=30 ms, native=45 ms
		Scripting: domain reloads=1, domain reload time=1349 ms, compile time=1537 ms, other=53 ms
		Project Asset Count: scripts=335, non-scripts=208
		Asset File Changes: new=0, changed=0, moved=0, deleted=0
		Scan Filter Count: 0
	InvokeCustomDependenciesCallbacks: 0.002ms
	InvokePackagesCallback: 50.438ms
	ApplyChangesToAssetFolders: 1.315ms
	Scan: 114.850ms
	OnSourceAssetsModified: 0.002ms
	CategorizeAssetsWithTransientArtifact: 44.919ms
	ProcessAssetsWithTransientArtifactChanges: 33.066ms
	CategorizeAssets: 11.388ms
	ImportOutOfDateAssets: 1198.544ms (-339.626ms without children)
		CompileScripts: 1536.845ms
		ReloadNativeAssets: 0.001ms
		UnloadImportedAssets: 0.221ms
		EnsureUptoDateAssetsAreRegisteredWithGuidPM: 0.195ms
		InitializingProgressBar: 0.001ms
		PostProcessAllAssetNotificationsAddChangedAssets: 0.001ms
		OnDemandSchedulerStart: 0.907ms
	PostProcessAllAssets: 30.923ms
	GatherAllCurrentPrimaryArtifactRevisions: 0.022ms
	UnloadStreamsBegin: 0.783ms
	PersistCurrentRevisions: 0.036ms
	UnloadStreamsEnd: 0.002ms
	GenerateScriptTypeHashes: 2.696ms
	Untracked: 3151.650ms

Application.AssetDatabase Initial Refresh End
Scanning for USB devices : 10.920ms
Initializing Unity extensions:
[MODES] ModeService[none].Initialize
[MODES] ModeService[none].LoadModes
[MODES] Loading mode Default (0) for mode-current-id-はい！ドーン！
Unloading 3 Unused Serialized files (Serialized files now loaded: 0)
Unloading 927 unused Assets / (1.2 MB). Loaded Objects now: 1433.
Memory consumption went from 93.0 MB to 91.8 MB.
Total: 15.362900 ms (FindLiveObjects: 0.331600 ms CreateObjectMapping: 0.100900 ms MarkObjects: 13.254400 ms  DeleteObjects: 1.674100 ms)

[BuildScript] x86_64 APK出力パス: Build\Android\TraeGame_x86_64.apk
UnityEngine.Debug:ExtractStackTraceNoAlloc (byte*,int,string)
UnityEngine.StackTraceUtility:ExtractStackTrace ()
UnityEngine.DebugLogHandler:Internal_Log (UnityEngine.LogType,UnityEngine.LogOption,string,UnityEngine.Object)
UnityEngine.DebugLogHandler:LogFormat (UnityEngine.LogType,UnityEngine.Object,string,object[])
UnityEngine.Logger:Log (UnityEngine.LogType,object)
UnityEngine.Debug:Log (object)
Trae.Editor.BuildScript:BuildAndroidApkX86_64 () (at Assets/Trae/Editor/BuildScript.cs:54)

(Filename: Assets/Trae/Editor/BuildScript.cs Line: 54)

[BuildScript] 絶対パス: C:\Users\User\Trae\Game_project\Trae\Build\Android\TraeGame_x86_64.apk
UnityEngine.Debug:ExtractStackTraceNoAlloc (byte*,int,string)
UnityEngine.StackTraceUtility:ExtractStackTrace ()
UnityEngine.DebugLogHandler:Internal_Log (UnityEngine.LogType,UnityEngine.LogOption,string,UnityEngine.Object)
UnityEngine.DebugLogHandler:LogFormat (UnityEngine.LogType,UnityEngine.Object,string,object[])
UnityEngine.Logger:Log (UnityEngine.LogType,object)
UnityEngine.Debug:Log (object)
Trae.Editor.BuildScript:BuildAndroidApkX86_64 () (at Assets/Trae/Editor/BuildScript.cs:55)

(Filename: Assets/Trae/Editor/BuildScript.cs Line: 55)

[BuildScript] 出力ディレクトリ: C:\Users\User\Trae\Game_project\Trae\Build\Android
UnityEngine.Debug:ExtractStackTraceNoAlloc (byte*,int,string)
UnityEngine.StackTraceUtility:ExtractStackTrace ()
UnityEngine.DebugLogHandler:Internal_Log (UnityEngine.LogType,UnityEngine.LogOption,string,UnityEngine.Object)
UnityEngine.DebugLogHandler:LogFormat (UnityEngine.LogType,UnityEngine.Object,string,object[])
UnityEngine.Logger:Log (UnityEngine.LogType,object)
UnityEngine.Debug:Log (object)
Trae.Editor.BuildScript:BuildAndroidApkX86_64 () (at Assets/Trae/Editor/BuildScript.cs:56)

(Filename: Assets/Trae/Editor/BuildScript.cs Line: 56)

[BuildScript] ディレクトリ作成完了
UnityEngine.Debug:ExtractStackTraceNoAlloc (byte*,int,string)
UnityEngine.StackTraceUtility:ExtractStackTrace ()
UnityEngine.DebugLogHandler:Internal_Log (UnityEngine.LogType,UnityEngine.LogOption,string,UnityEngine.Object)
UnityEngine.DebugLogHandler:LogFormat (UnityEngine.LogType,UnityEngine.Object,string,object[])
UnityEngine.Logger:Log (UnityEngine.LogType,object)
UnityEngine.Debug:Log (object)
Trae.Editor.BuildScript:BuildAndroidApkX86_64 () (at Assets/Trae/Editor/BuildScript.cs:59)

(Filename: Assets/Trae/Editor/BuildScript.cs Line: 59)

[BuildScript] ビルド前 - buildAppBundle: False
UnityEngine.Debug:ExtractStackTraceNoAlloc (byte*,int,string)
UnityEngine.StackTraceUtility:ExtractStackTrace ()
UnityEngine.DebugLogHandler:Internal_Log (UnityEngine.LogType,UnityEngine.LogOption,string,UnityEngine.Object)
UnityEngine.DebugLogHandler:LogFormat (UnityEngine.LogType,UnityEngine.Object,string,object[])
UnityEngine.Logger:Log (UnityEngine.LogType,object)
UnityEngine.Debug:Log (object)
Trae.Editor.BuildScript:BuildAndroidApkX86_64 () (at Assets/Trae/Editor/BuildScript.cs:62)

(Filename: Assets/Trae/Editor/BuildScript.cs Line: 62)

[BuildScript] ビルド前 - targetArchitectures: X86_64
UnityEngine.Debug:ExtractStackTraceNoAlloc (byte*,int,string)
UnityEngine.StackTraceUtility:ExtractStackTrace ()
UnityEngine.DebugLogHandler:Internal_Log (UnityEngine.LogType,UnityEngine.LogOption,string,UnityEngine.Object)
UnityEngine.DebugLogHandler:LogFormat (UnityEngine.LogType,UnityEngine.Object,string,object[])
UnityEngine.Logger:Log (UnityEngine.LogType,object)
UnityEngine.Debug:Log (object)
Trae.Editor.BuildScript:BuildAndroidApkX86_64 () (at Assets/Trae/Editor/BuildScript.cs:63)

(Filename: Assets/Trae/Editor/BuildScript.cs Line: 63)

[BuildScript] ビルド前 - scriptingBackend: IL2CPP
UnityEngine.Debug:ExtractStackTraceNoAlloc (byte*,int,string)
UnityEngine.StackTraceUtility:ExtractStackTrace ()
UnityEngine.DebugLogHandler:Internal_Log (UnityEngine.LogType,UnityEngine.LogOption,string,UnityEngine.Object)
UnityEngine.DebugLogHandler:LogFormat (UnityEngine.LogType,UnityEngine.Object,string,object[])
UnityEngine.Logger:Log (UnityEngine.LogType,object)
UnityEngine.Debug:Log (object)
Trae.Editor.BuildScript:BuildAndroidApkX86_64 () (at Assets/Trae/Editor/BuildScript.cs:64)

(Filename: Assets/Trae/Editor/BuildScript.cs Line: 64)

[BuildScript] ビルド後 - buildAppBundle: False
UnityEngine.Debug:ExtractStackTraceNoAlloc (byte*,int,string)
UnityEngine.StackTraceUtility:ExtractStackTrace ()
UnityEngine.DebugLogHandler:Internal_Log (UnityEngine.LogType,UnityEngine.LogOption,string,UnityEngine.Object)
UnityEngine.DebugLogHandler:LogFormat (UnityEngine.LogType,UnityEngine.Object,string,object[])
UnityEngine.Logger:Log (UnityEngine.LogType,object)
UnityEngine.Debug:Log (object)
Trae.Editor.BuildScript:BuildAndroidApkX86_64 () (at Assets/Trae/Editor/BuildScript.cs:72)

(Filename: Assets/Trae/Editor/BuildScript.cs Line: 72)

[BuildScript] ビルド後 - targetArchitectures: X86_64
UnityEngine.Debug:ExtractStackTraceNoAlloc (byte*,int,string)
UnityEngine.StackTraceUtility:ExtractStackTrace ()
UnityEngine.DebugLogHandler:Internal_Log (UnityEngine.LogType,UnityEngine.LogOption,string,UnityEngine.Object)
UnityEngine.DebugLogHandler:LogFormat (UnityEngine.LogType,UnityEngine.Object,string,object[])
UnityEngine.Logger:Log (UnityEngine.LogType,object)
UnityEngine.Debug:Log (object)
Trae.Editor.BuildScript:BuildAndroidApkX86_64 () (at Assets/Trae/Editor/BuildScript.cs:73)

(Filename: Assets/Trae/Editor/BuildScript.cs Line: 73)

[BuildScript] ビルド後 - scriptingBackend: IL2CPP
UnityEngine.Debug:ExtractStackTraceNoAlloc (byte*,int,string)
UnityEngine.StackTraceUtility:ExtractStackTrace ()
UnityEngine.DebugLogHandler:Internal_Log (UnityEngine.LogType,UnityEngine.LogOption,string,UnityEngine.Object)
UnityEngine.DebugLogHandler:LogFormat (UnityEngine.LogType,UnityEngine.Object,string,object[])
UnityEngine.Logger:Log (UnityEngine.LogType,object)
UnityEngine.Debug:Log (object)
Trae.Editor.BuildScript:BuildAndroidApkX86_64 () (at Assets/Trae/Editor/BuildScript.cs:74)

(Filename: Assets/Trae/Editor/BuildScript.cs Line: 74)

[BuildScript] ビルド開始
UnityEngine.Debug:ExtractStackTraceNoAlloc (byte*,int,string)
UnityEngine.StackTraceUtility:ExtractStackTrace ()
UnityEngine.DebugLogHandler:Internal_Log (UnityEngine.LogType,UnityEngine.LogOption,string,UnityEngine.Object)
UnityEngine.DebugLogHandler:LogFormat (UnityEngine.LogType,UnityEngine.Object,string,object[])
UnityEngine.Logger:Log (UnityEngine.LogType,object)
UnityEngine.Debug:Log (object)
Trae.Editor.BuildScript:BuildAndroidApkX86_64 () (at Assets/Trae/Editor/BuildScript.cs:75)

(Filename: Assets/Trae/Editor/BuildScript.cs Line: 75)

[BuildScript] BuildPlayerOptions.locationPathName: C:\Users\User\Trae\Game_project\Trae\Build\Android\TraeGame_x86_64.apk
UnityEngine.Debug:ExtractStackTraceNoAlloc (byte*,int,string)
UnityEngine.StackTraceUtility:ExtractStackTrace ()
UnityEngine.DebugLogHandler:Internal_Log (UnityEngine.LogType,UnityEngine.LogOption,string,UnityEngine.Object)
UnityEngine.DebugLogHandler:LogFormat (UnityEngine.LogType,UnityEngine.Object,string,object[])
UnityEngine.Logger:Log (UnityEngine.LogType,object)
UnityEngine.Debug:Log (object)
Trae.Editor.BuildScript:BuildAndroidApkX86_64 () (at Assets/Trae/Editor/BuildScript.cs:85)

(Filename: Assets/Trae/Editor/BuildScript.cs Line: 85)

WebRTC apps require a target architecture to be set ARM64. Currently set to X86_64
UnityEngine.Debug:ExtractStackTraceNoAlloc (byte*,int,string)
UnityEngine.StackTraceUtility:ExtractStackTrace ()
UnityEngine.DebugLogHandler:Internal_Log (UnityEngine.LogType,UnityEngine.LogOption,string,UnityEngine.Object)
UnityEngine.DebugLogHandler:LogFormat (UnityEngine.LogType,UnityEngine.Object,string,object[])
UnityEngine.Logger:Log (UnityEngine.LogType,object)
UnityEngine.Debug:LogWarning (object)
Unity.WebRTC.Editor.PreprocessBuild:EnsureAndroidArchitecture () (at ./Library/PackageCache/com.unity.webrtc@9605a106619b/Editor/BuildProcessor.cs:91)
Unity.WebRTC.Editor.PreprocessBuild:UnityEditor.Build.IPreprocessBuildWithReport.OnPreprocessBuild (UnityEditor.Build.Reporting.BuildReport) (at ./Library/PackageCache/com.unity.webrtc@9605a106619b/Editor/BuildProcessor.cs:56)
UnityEditor.Build.BuildPipelineInterfaces/<>c__DisplayClass17_0:<OnBuildPreProcess>b__1 (UnityEditor.Build.IPreprocessBuildWithReport)
UnityEditor.Build.BuildPipelineInterfaces:InvokeCallbackInterfacesPair<UnityEditor.Build.IPreprocessBuild, UnityEditor.Build.IPreprocessBuildWithReport> (System.Collections.Generic.List`1<UnityEditor.Build.IPreprocessBuild>,System.Action`1<UnityEditor.Build.IPreprocessBuild>,System.Collections.Generic.List`1<UnityEditor.Build.IPreprocessBuildWithReport>,System.Action`1<UnityEditor.Build.IPreprocessBuildWithReport>,bool)
UnityEditor.Build.BuildPipelineInterfaces:OnBuildPreProcess (UnityEditor.Build.Reporting.BuildReport)
UnityEditor.BuildPipeline:BuildPlayerInternalNoCheck (string[],string,string,UnityEditor.BuildTargetGroup,UnityEditor.BuildTarget,int,UnityEditor.BuildOptions,string[],bool)
UnityEditor.BuildPipeline:BuildPlayerInternal (string[],string,string,UnityEditor.BuildTargetGroup,UnityEditor.BuildTarget,int,UnityEditor.BuildOptions,string[])
UnityEditor.BuildPipeline:BuildPlayer (string[],string,string,UnityEditor.BuildTargetGroup,UnityEditor.BuildTarget,int,UnityEditor.BuildOptions,string[])
UnityEditor.BuildPipeline:BuildPlayer (UnityEditor.BuildPlayerOptions)
Trae.Editor.BuildScript:BuildAndroidApkX86_64 () (at Assets/Trae/Editor/BuildScript.cs:87)

(Filename: ./Library/PackageCache/com.unity.webrtc@9605a106619b/Editor/BuildProcessor.cs Line: 91)

WebRTC apps require a internet permission on Android devices.Please check the "Internet Access" on your Build Settings.
UnityEngine.Debug:ExtractStackTraceNoAlloc (byte*,int,string)
UnityEngine.StackTraceUtility:ExtractStackTrace ()
UnityEngine.DebugLogHandler:Internal_Log (UnityEngine.LogType,UnityEngine.LogOption,string,UnityEngine.Object)
UnityEngine.DebugLogHandler:LogFormat (UnityEngine.LogType,UnityEngine.Object,string,object[])
UnityEngine.Logger:Log (UnityEngine.LogType,object)
UnityEngine.Debug:LogWarning (object)
Unity.WebRTC.Editor.PreprocessBuild:EnsureAndroidInternetPermission () (at ./Library/PackageCache/com.unity.webrtc@9605a106619b/Editor/BuildProcessor.cs:101)
Unity.WebRTC.Editor.PreprocessBuild:UnityEditor.Build.IPreprocessBuildWithReport.OnPreprocessBuild (UnityEditor.Build.Reporting.BuildReport) (at ./Library/PackageCache/com.unity.webrtc@9605a106619b/Editor/BuildProcessor.cs:57)
UnityEditor.Build.BuildPipelineInterfaces/<>c__DisplayClass17_0:<OnBuildPreProcess>b__1 (UnityEditor.Build.IPreprocessBuildWithReport)
UnityEditor.Build.BuildPipelineInterfaces:InvokeCallbackInterfacesPair<UnityEditor.Build.IPreprocessBuild, UnityEditor.Build.IPreprocessBuildWithReport> (System.Collections.Generic.List`1<UnityEditor.Build.IPreprocessBuild>,System.Action`1<UnityEditor.Build.IPreprocessBuild>,System.Collections.Generic.List`1<UnityEditor.Build.IPreprocessBuildWithReport>,System.Action`1<UnityEditor.Build.IPreprocessBuildWithReport>,bool)
UnityEditor.Build.BuildPipelineInterfaces:OnBuildPreProcess (UnityEditor.Build.Reporting.BuildReport)
UnityEditor.BuildPipeline:BuildPlayerInternalNoCheck (string[],string,string,UnityEditor.BuildTargetGroup,UnityEditor.BuildTarget,int,UnityEditor.BuildOptions,string[],bool)
UnityEditor.BuildPipeline:BuildPlayerInternal (string[],string,string,UnityEditor.BuildTargetGroup,UnityEditor.BuildTarget,int,UnityEditor.BuildOptions,string[])
UnityEditor.BuildPipeline:BuildPlayer (string[],string,string,UnityEditor.BuildTargetGroup,UnityEditor.BuildTarget,int,UnityEditor.BuildOptions,string[])
UnityEditor.BuildPipeline:BuildPlayer (UnityEditor.BuildPlayerOptions)
Trae.Editor.BuildScript:BuildAndroidApkX86_64 () (at Assets/Trae/Editor/BuildScript.cs:87)

(Filename: ./Library/PackageCache/com.unity.webrtc@9605a106619b/Editor/BuildProcessor.cs Line: 101)

Start importing ProjectSettings/ProjectSettings.asset using Guid(00000000000000004000000000000000) (LibraryAssetImporter) -> (artifact id: '397ccfe7115a43bfd74865b6d32ef22e') in 0.0153914 seconds
Refreshing native plugins compatible for Editor in 3.19 ms, found 1 plugins.
Preloading 1 native plugins for Editor in 0.20 ms.
Asset Pipeline Refresh (id=151af45cc6c2586488667594d79e3004): Total: 0.231 seconds - Initiated by StopAssetImportingV2(NoUpdateAssetOptions)
Launched and connected shader compiler UnityShaderCompiler.exe after 0.05 seconds
Starting: C:\Program Files\Unity\Hub\Editor\6000.2.6f1\Editor\Data\bee_backend.exe --ipc --defer-dag-verification --dagfile="Library/Bee/1300b0aESkipCompile.dag" --continue-on-failure --profile="Library/Bee/backend1.traceevents" ScriptAssembliesAndTypeDB
WorkingDir: C:/Users/User/Trae/Game_project/Trae
ExitCode: 0 Duration: 0s275ms
*** Tundra build success (0.19 seconds), 0 items updated, 3 evaluated
Asset Pipeline Refresh (id=15f47d433f4f77746b20174ee92cd968): Total: 0.006 seconds - Initiated by RefreshV2(NoUpdateAssetOptions)
[ScriptCompilation] Requested script compilation because: Recompiling scripts for player build.
BuildPlayer: start building target 13
Total cache size 72159388
Total cache size after purge 72159388, took 00:00:00.2725078
Starting: C:\Program Files\Unity\Hub\Editor\6000.2.6f1\Editor\Data\bee_backend.exe --ipc --defer-dag-verification --dagfile="Library/Bee/1300b0aP.dag" --continue-on-failure --profile="Library/Bee/backend1.traceevents" ScriptAssembliesAndTypeDB
WorkingDir: C:/Users/User/Trae/Game_project/Trae
ExitCode: 0 Duration: 0s620ms
[151/177    0s] CopyFiles Library/Bee/PlayerScriptAssemblies/Unity.Multiplayer.Center.Common.dll
[152/177    0s] CopyFiles Library/Bee/PlayerScriptAssemblies/UnityEngine.UI.pdb
[153/177    0s] CopyFiles Library/Bee/PlayerScriptAssemblies/Trae.Core.pdb
[154/177    0s] CopyFiles Library/Bee/PlayerScriptAssemblies/Trae.Core.dll
[155/177    0s] CopyFiles Library/Bee/PlayerScriptAssemblies/Unity.WebRTC.pdb
[156/177    0s] CopyFiles Library/Bee/PlayerScriptAssemblies/Trae.Voice.dll
[157/177    0s] CopyFiles Library/Bee/PlayerScriptAssemblies/Unity.WebRTC.dll
[158/177    0s] CopyFiles Library/Bee/PlayerScriptAssemblies/Unity.TextMeshPro.pdb
[159/177    0s] CopyFiles Library/Bee/PlayerScriptAssemblies/Unity.Multiplayer.Center.Common.pdb
[160/177    0s] CopyFiles Library/Bee/PlayerScriptAssemblies/Trae.Voice.pdb
[161/177    0s] CopyFiles Library/Bee/PlayerScriptAssemblies/Unity.TextMeshPro.dll
[162/177    0s] CopyFiles Library/Bee/PlayerScriptAssemblies/UnityEngine.UI.dll
[163/177    0s] CopyFiles Library/Bee/PlayerScriptAssemblies/Trae.Input.dll
[164/177    0s] CopyFiles Library/Bee/PlayerScriptAssemblies/Trae.Input.pdb
[165/177    0s] CopyFiles Library/Bee/PlayerScriptAssemblies/Trae.Data.dll
[166/177    0s] CopyFiles Library/Bee/PlayerScriptAssemblies/Trae.Data.pdb
[167/177    0s] CopyFiles Library/Bee/PlayerScriptAssemblies/Trae.Audio.dll
[168/177    0s] CopyFiles Library/Bee/PlayerScriptAssemblies/Trae.Audio.pdb
[169/177    0s] CopyFiles Library/Bee/PlayerScriptAssemblies/Trae.Gameplay.dll
[170/177    0s] CopyFiles Library/Bee/PlayerScriptAssemblies/Trae.Gameplay.pdb
[171/177    0s] CopyFiles Library/Bee/PlayerScriptAssemblies/Trae.UI.dll
[172/177    0s] CopyFiles Library/Bee/PlayerScriptAssemblies/Trae.UI.pdb
[173/177    0s] CopyFiles Library/Bee/PlayerScriptAssemblies/Assembly-CSharp.dll
[174/177    0s] CopyFiles Library/Bee/PlayerScriptAssemblies/Assembly-CSharp.pdb
*** Tundra build success (0.54 seconds), 24 items updated, 177 evaluated
Not rebuilding Data files -- no changes
Total cache size 72159388
Total cache size after purge 72159388, took 00:00:00.2811193


Mono dependencies included in the build
Dependency assembly - Trae.Audio.dll
Dependency assembly - Assembly-CSharp.dll
Dependency assembly - Trae.Data.dll
Dependency assembly - Trae.Core.dll
Dependency assembly - Trae.UI.dll
Dependency assembly - Unity.Multiplayer.Center.Common.dll
Dependency assembly - Trae.Input.dll
Dependency assembly - Unity.TextMeshPro.dll
Dependency assembly - Trae.Voice.dll
Dependency assembly - Trae.Gameplay.dll
Dependency assembly - Unity.WebRTC.dll
Dependency assembly - UnityEngine.UI.dll

UnityException: Build target 'Android' not supported
  at UnityEditor.PostprocessBuildPlayer.Postprocess (UnityEditor.BuildTarget target, System.Int32 subtarget, System.String installPath, System.String companyName, System.String productName, UnityEditor.BuildOptions options, UnityEditor.RuntimeClassRegistry usedClassRegistry, UnityEditor.Build.Reporting.BuildReport report) [0x00082] in <8081513dc2364383b8289d30d2169b2e>:0 
UnityEditor.BuildPipeline:BuildPlayerInternalNoCheck_Injected(String[], ManagedSpanWrapper&, ManagedSpanWrapper&, BuildTargetGroup, BuildTarget, Int32, BuildOptions, String[], Boolean)
UnityEditor.BuildPipeline:BuildPlayerInternalNoCheck(String[], String, String, BuildTargetGroup, BuildTarget, Int32, BuildOptions, String[], Boolean)
UnityEditor.BuildPipeline:BuildPlayerInternal(String[], String, String, BuildTargetGroup, BuildTarget, Int32, BuildOptions, String[])
UnityEditor.BuildPipeline:BuildPlayer(String[], String, String, BuildTargetGroup, BuildTarget, Int32, BuildOptions, String[])
UnityEditor.BuildPipeline:BuildPlayer(BuildPlayerOptions)
Trae.Editor.BuildScript:BuildAndroidApkX86_64() (at Assets\Trae\Editor\BuildScript.cs:87)

(Filename: Assets/Trae/Editor/BuildScript.cs Line: 87)

Refreshing native plugins compatible for Editor in 3.26 ms, found 1 plugins.
Preloading 1 native plugins for Editor in 0.20 ms.

-------------------------------------------------------------------------------
Build Report
Information on used Assets is not available, since player data was not rebuilt.
Do a clean build to view the Asset build report information.
-------------------------------------------------------------------------------
Unloading 2 Unused Serialized files (Serialized files now loaded: 0)
Unloading 26 unused Assets / (0.6 MB). Loaded Objects now: 1480.
Memory consumption went from 94.7 MB to 94.1 MB.
Total: 14.772000 ms (FindLiveObjects: 0.160500 ms CreateObjectMapping: 0.059400 ms MarkObjects: 13.909700 ms  DeleteObjects: 0.640800 ms)

DisplayProgressNotification: Build Successful
Build Finished, Result: Success.
##utp:{"type":"PlayerBuildInfo","version":2,"phase":"Immediate","time":1760165779923,"processId":22840,"steps":[{"description":"Preprocess Player","duration":30},{"description":"Prepare For Build","duration":0},{"description":"ProducePlayerScriptAssemblies","duration":1725},{"description":"Verify Build setup","duration":172},{"description":"Prepare assets for target platform","duration":23},{"description":"Prepare splash screen","duration":2},{"description":"Run script only build","duration":35},{"description":"Postprocess built player","duration":17}],"duration":2004}
Unloading 0 Unused Serialized files (Serialized files now loaded: 0)
Loaded scene 'Temp/__Backupscenes/0.backup'
	Deserialize:            1.440 ms
	Integration:            9.267 ms
	Integration of assets:  0.003 ms
	Thread Wait Time:       0.058 ms
	Total Operation Time:   10.767 ms
Unloading 0 unused Assets / (0 B). Loaded Objects now: 1480.
Memory consumption went from 93.7 MB to 93.7 MB.
Total: 14.099300 ms (FindLiveObjects: 0.118500 ms CreateObjectMapping: 0.049700 ms MarkObjects: 13.922400 ms  DeleteObjects: 0.007200 ms)

[BuildScript] ビルド完了 - 結果: Succeeded
UnityEngine.Debug:ExtractStackTraceNoAlloc (byte*,int,string)
UnityEngine.StackTraceUtility:ExtractStackTrace ()
UnityEngine.DebugLogHandler:Internal_Log (UnityEngine.LogType,UnityEngine.LogOption,string,UnityEngine.Object)
UnityEngine.DebugLogHandler:LogFormat (UnityEngine.LogType,UnityEngine.Object,string,object[])
UnityEngine.Logger:Log (UnityEngine.LogType,object)
UnityEngine.Debug:Log (object)
Trae.Editor.BuildScript:BuildAndroidApkX86_64 () (at Assets/Trae/Editor/BuildScript.cs:89)

(Filename: Assets/Trae/Editor/BuildScript.cs Line: 89)

[BuildScript] 出力パス: C:/Users/User/Trae/Game_project/Trae/Build/Android/TraeGame_x86_64.apk
UnityEngine.Debug:ExtractStackTraceNoAlloc (byte*,int,string)
UnityEngine.StackTraceUtility:ExtractStackTrace ()
UnityEngine.DebugLogHandler:Internal_Log (UnityEngine.LogType,UnityEngine.LogOption,string,UnityEngine.Object)
UnityEngine.DebugLogHandler:LogFormat (UnityEngine.LogType,UnityEngine.Object,string,object[])
UnityEngine.Logger:Log (UnityEngine.LogType,object)
UnityEngine.Debug:Log (object)
Trae.Editor.BuildScript:BuildAndroidApkX86_64 () (at Assets/Trae/Editor/BuildScript.cs:90)

(Filename: Assets/Trae/Editor/BuildScript.cs Line: 90)

[BuildScript] ファイルサイズ: 993607 bytes
UnityEngine.Debug:ExtractStackTraceNoAlloc (byte*,int,string)
UnityEngine.StackTraceUtility:ExtractStackTrace ()
UnityEngine.DebugLogHandler:Internal_Log (UnityEngine.LogType,UnityEngine.LogOption,string,UnityEngine.Object)
UnityEngine.DebugLogHandler:LogFormat (UnityEngine.LogType,UnityEngine.Object,string,object[])
UnityEngine.Logger:Log (UnityEngine.LogType,object)
UnityEngine.Debug:Log (object)
Trae.Editor.BuildScript:BuildAndroidApkX86_64 () (at Assets/Trae/Editor/BuildScript.cs:91)

(Filename: Assets/Trae/Editor/BuildScript.cs Line: 91)

[BuildScript] ファイル確認: 存在しません - C:/Users/User/Trae/Game_project/Trae/Build/Android/TraeGame_x86_64.apk
UnityEngine.Debug:ExtractStackTraceNoAlloc (byte*,int,string)
UnityEngine.StackTraceUtility:ExtractStackTrace ()
UnityEngine.DebugLogHandler:Internal_Log (UnityEngine.LogType,UnityEngine.LogOption,string,UnityEngine.Object)
UnityEngine.DebugLogHandler:LogFormat (UnityEngine.LogType,UnityEngine.Object,string,object[])
UnityEngine.Logger:Log (UnityEngine.LogType,object)
UnityEngine.Debug:LogError (object)
Trae.Editor.BuildScript:BuildAndroidApkX86_64 () (at Assets/Trae/Editor/BuildScript.cs:100)

(Filename: Assets/Trae/Editor/BuildScript.cs Line: 100)

Build succeeded: 0 MB
UnityEngine.Debug:ExtractStackTraceNoAlloc (byte*,int,string)
UnityEngine.StackTraceUtility:ExtractStackTrace ()
UnityEngine.DebugLogHandler:Internal_Log (UnityEngine.LogType,UnityEngine.LogOption,string,UnityEngine.Object)
UnityEngine.DebugLogHandler:LogFormat (UnityEngine.LogType,UnityEngine.Object,string,object[])
UnityEngine.Logger:Log (UnityEngine.LogType,object)
UnityEngine.Debug:Log (object)
Trae.Editor.BuildScript:Check (UnityEditor.Build.Reporting.BuildReport) (at Assets/Trae/Editor/BuildScript.cs:133)
Trae.Editor.BuildScript:BuildAndroidApkX86_64 () (at Assets/Trae/Editor/BuildScript.cs:103)

(Filename: Assets/Trae/Editor/BuildScript.cs Line: 133)

Batchmode quit successfully invoked - shutting down!
[Physics::Module] Cleanup current backend.
[Physics::Module] Id: 0xf2b8ea05
Input System module state changed to: ShutdownInProgress.
Input System polling thread exited.
Input System module state changed to: Shutdown.
[Licensing::IpcConnector] LicenseClient-User-notifications channel disconnected successfully.
[Licensing::IpcConnector] LicenseClient-User channel disconnected successfully.
AcceleratorClientConnectionCallback - disconnected - :0
Cleanup mono
Exiting batchmode successfully now!
Exiting without the bug reporter. Application will terminate with return code 0