[Licensing::Module] Trying to connect to existing licensing client channel...
Built from '6000.2/staging' branch; Version is '6000.2.6f1 (cc51a95c0300) revision 13390249'; Using compiler version '194234433'; Build Type 'Release'
[Licensing::IpcConnector] Channel LicenseClient-User doesn't exist
OS: 'Windows 11  (10.0.26100) 64bit ProfessionalWorkstation' Language: 'ja' Physical Memory: 130987 MB
BatchMode: 1, IsHumanControllingUs: 0, StartBugReporterOnCrash: 0, Is64bit: 1
Date: 2025-10-02T08:01:09Z
[Licensing::Module] Successfully launched the LicensingClient (PId: 21288)

COMMAND LINE ARGUMENTS:
C:\Program Files\Unity\Hub\Editor\6000.2.6f1\Editor\Unity.exe
-quit
-batchmode
-nographics
-projectPath
C:\Users\User\Trae\Game_project
-executeMethod
Trae.Editor.BuildScript.BuildiOS
-logFile
data\logs\current\build_20251002_170108.log
Couldn't set project path to: C:/Users/User/Trae/Game_project/C:/Users/User/Trae/Game_project
Exiting without the bug reporter. Application will terminate with return code 1