[2025-10-02 10:43:11] [INFO] Unity環境完全クリーンアップを開始...
[2025-10-02 10:43:11] [INFO] Dry-Run モード: False
[2025-10-02 10:43:12] [INFO] Unity関連プロセスの停止を開始...
[2025-10-02 10:43:12] [INFO] Unity関連ディレクトリの削除を開始...
[2025-10-02 10:43:12] [INFO] ディレクトリを削除: C:\Program Files\Unity
[2025-10-02 10:43:12] [ERROR] 削除失敗: C:\Program Files\Unity - Access to the path 'C:\Program Files\Unity\Hub\Editor\2022.3.52f1\Editor\Data\PlaybackEngines\AndroidPlayer\SDK\cmdline-tools\6.0\lib\external\com\google\guava\listenablefuture\9999.0-empty-to-avoid-conflict-with-guava\listenablefuture-9999.0-empty-to-avoid-conflict-with-guava.jar' is denied.
[2025-10-02 10:43:12] [INFO] ディレクトリが存在しません: C:\Program Files (x86)\Unity
[2025-10-02 10:43:12] [INFO] ディレクトリを削除: C:\Users\User\AppData\Roaming\Unity
[2025-10-02 10:43:12] [SUCCESS] 削除完了: C:\Users\User\AppData\Roaming\Unity
[2025-10-02 10:43:12] [INFO] ディレクトリを削除: C:\Users\User\AppData\Roaming\UnityHub
[2025-10-02 10:43:12] [SUCCESS] 削除完了: C:\Users\User\AppData\Roaming\UnityHub
[2025-10-02 10:43:12] [INFO] ディレクトリを削除: C:\Users\User\AppData\Local\Unity
[2025-10-02 10:43:18] [SUCCESS] 削除完了: C:\Users\User\AppData\Local\Unity
[2025-10-02 10:43:18] [INFO] ディレクトリが存在しません: C:\Users\User\AppData\Local\UnityHub
[2025-10-02 10:43:18] [INFO] ディレクトリが存在しません: C:\Users\User\AppData\Roaming\Unity
[2025-10-02 10:43:18] [INFO] ディレクトリが存在しません: C:\Users\User\AppData\Roaming\UnityHub
[2025-10-02 10:43:18] [INFO] Unity関連レジストリエントリのクリーンアップを開始...
[2025-10-02 10:43:18] [INFO] レジストリキーを削除: HKCU:\Software\Unity Technologies
[2025-10-02 10:43:18] [SUCCESS] レジストリ削除完了: HKCU:\Software\Unity Technologies
[2025-10-02 10:43:18] [INFO] レジストリキーを削除: HKCU:\Software\Unity
[2025-10-02 10:43:18] [SUCCESS] レジストリ削除完了: HKCU:\Software\Unity
[2025-10-02 10:43:18] [INFO] レジストリキーを削除: HKLM:\SOFTWARE\Unity Technologies
[2025-10-02 10:43:18] [ERROR] レジストリ削除失敗: HKLM:\SOFTWARE\Unity Technologies - Requested registry access is not allowed.
[2025-10-02 10:43:18] [INFO] レジストリキーが存在しません: HKLM:\SOFTWARE\Unity
[2025-10-02 10:43:18] [INFO] プロジェクトキャッシュのクリーンアップを開始...
[2025-10-02 10:43:18] [INFO] キャッシュディレクトリを削除: C:\Users\User\Trae\Game_project\Trae\Library
[2025-10-02 10:43:19] [SUCCESS] キャッシュ削除完了: C:\Users\User\Trae\Game_project\Trae\Library
[2025-10-02 10:43:20] [INFO] キャッシュディレクトリを削除: C:\Users\User\Trae\Game_project\Trae\Logs
[2025-10-02 10:43:20] [SUCCESS] キャッシュ削除完了: C:\Users\User\Trae\Game_project\Trae\Logs
[2025-10-02 10:43:20] [INFO] キャッシュディレクトリを削除: C:\Users\User\Trae\Game_project\Trae\Temp
[2025-10-02 10:43:20] [SUCCESS] キャッシュ削除完了: C:\Users\User\Trae\Game_project\Trae\Temp
[2025-10-02 10:43:20] [INFO] キャッシュディレクトリを削除: C:\Users\User\Trae\Game_project\Trae\UserSettings
[2025-10-02 10:43:20] [SUCCESS] キャッシュ削除完了: C:\Users\User\Trae\Game_project\Trae\UserSettings
[2025-10-02 10:43:20] [INFO] クリーンアップ結果の検証を開始...
[2025-10-02 10:43:20] [WARNING] 警告: まだ存在するパス: C:\Program Files\Unity\Hub\Editor
[2025-10-02 10:43:20] [WARNING] クリーンアップ検証: 一部失敗
[2025-10-02 10:43:20] [WARNING] Unity環境クリーンアップが部分的に完了しました。手動確認が必要です。
[2025-10-02 10:43:20] [INFO] ログファイル: data\logs\current\unity_cleanup_20251002_104311.log
