[2025-10-12 17:14:48] [INFO] SBOM CI統合プロセスを開始
[2025-10-12 17:14:48] [INFO] プロジェクトルート: .
[2025-10-12 17:14:48] [INFO] 出力ディレクトリ: ORCH/SBOM
[2025-10-12 17:14:48] [INFO] 形式: spdx
[2025-10-12 17:14:48] [INFO] 前提条件チェックを開始...
[2025-10-12 17:14:48] [INFO] 検出された依存関係ファイル: requirements.txt
[2025-10-12 17:14:48] [INFO] 前提条件チェック完了
[2025-10-12 17:14:48] [INFO] CI統合設定ファイルを生成
[2025-10-12 17:14:48] [INFO] CI統合設定ファイル作成: ORCH/CONFIG/sbom_ci_config.json
[2025-10-12 17:14:48] [INFO] SBOM生成を開始 (形式: spdx)
[2025-10-12 17:14:58] [INFO] SBOM生成成功: .\ORCH\SBOM\sbom_20251012_171448.spdx.json
[2025-10-12 17:14:58] [INFO] SBOM品質チェックを開始: .\ORCH\SBOM\sbom_20251012_171448.spdx.json
[2025-10-12 17:14:58] [INFO] SBOM品質チェック完了 (パッケージ数: 17)
[2025-10-12 17:14:58] [INFO] 品質レポート: .\ORCH\SBOM\sbom_20251012_171448.spdx_quality.json
[2025-10-12 17:14:58] [INFO] SCA (Software Composition Analysis) 統合を開始
[2025-10-12 17:14:58] [INFO] 注意: 実際のSCAツールとの統合が必要です
[2025-10-12 17:14:58] [INFO] SCA統合完了
[2025-10-12 17:14:58] [INFO] 脆弱性レポート: .\ORCH\SBOM\sbom_20251012_171448.spdx_vulnerabilities.json
[2025-10-12 17:14:58] [INFO] レジストリへのアップロードはスキップされました
[2025-10-12 17:14:58] [INFO] SBOM CI統合プロセスが正常に完了しました
