[2025-10-12 16:12:20] [INFO] === Secrets Rotation Manager Started ===
[2025-10-12 16:12:20] [INFO] Mode: Check Only
[2025-10-12 16:12:21] [INFO] Created initial rotation database at C:/Users/User/Trae/Game_project/ORCH/STATE/secrets_rotation.json
[2025-10-12 16:12:21] [INFO] Saved rotation database to C:/Users/User/Trae/Game_project/ORCH/STATE/secrets_rotation.json
[2025-10-12 16:12:21] [INFO] === Rotation Summary ===
[2025-10-12 16:12:21] [INFO] Total secrets tracked: 0
[2025-10-12 16:12:21] [INFO] Active secrets: 0
[2025-10-12 16:12:21] [ERROR] Overdue rotations: 0
[2025-10-12 16:12:21] [WARN] Immediate rotations needed: 0
[2025-10-12 16:12:21] [WARN] Warning notifications: 0
[2025-10-12 16:12:21] [INFO] Healthy secrets: 0
[2025-10-12 16:12:21] [INFO] Total rotations performed: 0
[2025-10-12 16:12:21] [INFO] Notifications sent today: 0
[2025-10-12 16:12:21] [INFO] === Secrets Rotation Manager Completed ===
[2025-10-12 16:25:35] [INFO] === Secrets Rotation Manager Started ===
[2025-10-12 16:25:35] [INFO] Mode: Check Only
[2025-10-12 16:25:35] [INFO] Loaded rotation database from C:/Users/User/Trae/Game_project/ORCH/STATE/secrets_rotation.json
[2025-10-12 16:25:35] [INFO] Saved rotation database to C:/Users/User/Trae/Game_project/ORCH/STATE/secrets_rotation.json
[2025-10-12 16:25:35] [INFO] === Rotation Summary ===
[2025-10-12 16:25:35] [INFO] Total secrets tracked: 0
[2025-10-12 16:25:35] [INFO] Active secrets: 0
[2025-10-12 16:25:35] [ERROR] Overdue rotations: 0
[2025-10-12 16:25:35] [WARN] Immediate rotations needed: 0
[2025-10-12 16:25:35] [WARN] Warning notifications: 0
[2025-10-12 16:25:35] [INFO] Healthy secrets: 0
[2025-10-12 16:25:35] [INFO] Total rotations performed: 0
[2025-10-12 16:25:35] [INFO] Notifications sent today: 0
[2025-10-12 16:25:35] [INFO] === Secrets Rotation Manager Completed ===
[2025-10-12 16:33:57] [INFO] === Secrets Rotation Manager Started ===
[2025-10-12 16:33:58] [INFO] Mode: Check Only
[2025-10-12 16:33:58] [INFO] Loaded rotation database from C:/Users/User/Trae/Game_project/ORCH/STATE/secrets_rotation.json
[2025-10-12 16:33:58] [INFO] Saved rotation database to C:/Users/User/Trae/Game_project/ORCH/STATE/secrets_rotation.json
[2025-10-12 16:33:58] [INFO] === Rotation Summary ===
[2025-10-12 16:33:58] [INFO] Total secrets tracked: 0
[2025-10-12 16:33:58] [INFO] Active secrets: 0
[2025-10-12 16:33:58] [ERROR] Overdue rotations: 0
[2025-10-12 16:33:58] [WARN] Immediate rotations needed: 0
[2025-10-12 16:33:58] [WARN] Warning notifications: 0
[2025-10-12 16:33:58] [INFO] Healthy secrets: 0
[2025-10-12 16:33:58] [INFO] Total rotations performed: 0
[2025-10-12 16:33:58] [INFO] Notifications sent today: 0
[2025-10-12 16:33:58] [INFO] === Secrets Rotation Manager Completed ===
[2025-10-12 16:42:31] [INFO] === Secrets Rotation Manager Started ===
[2025-10-12 16:42:31] [INFO] Mode: Check Only
[2025-10-12 16:42:31] [INFO] Loaded rotation database from C:/Users/User/Trae/Game_project/ORCH/STATE/secrets_rotation.json
[2025-10-12 16:42:31] [INFO] Saved rotation database to C:/Users/User/Trae/Game_project/ORCH/STATE/secrets_rotation.json
[2025-10-12 16:42:31] [INFO] === Rotation Summary ===
[2025-10-12 16:42:31] [INFO] Total secrets tracked: 0
[2025-10-12 16:42:31] [INFO] Active secrets: 0
[2025-10-12 16:42:31] [ERROR] Overdue rotations: 0
[2025-10-12 16:42:31] [WARN] Immediate rotations needed: 0
[2025-10-12 16:42:31] [WARN] Warning notifications: 0
[2025-10-12 16:42:31] [INFO] Healthy secrets: 0
[2025-10-12 16:42:31] [INFO] Total rotations performed: 0
[2025-10-12 16:42:31] [INFO] Notifications sent today: 0
[2025-10-12 16:42:31] [INFO] === Secrets Rotation Manager Completed ===
[2025-10-12 16:43:16] [INFO] === Secrets Rotation Manager Started ===
[2025-10-12 16:43:16] [INFO] Mode: Full Operation
[2025-10-12 16:43:18] [INFO] Loaded rotation database from C:/Users/User/Trae/Game_project/ORCH/STATE/secrets_rotation.json
[2025-10-12 16:43:18] [INFO] Saved rotation database to C:/Users/User/Trae/Game_project/ORCH/STATE/secrets_rotation.json
[2025-10-12 16:43:18] [INFO] === Rotation Summary ===
[2025-10-12 16:43:18] [INFO] Total secrets tracked: 0
[2025-10-12 16:43:18] [INFO] Active secrets: 0
[2025-10-12 16:43:18] [ERROR] Overdue rotations: 0
[2025-10-12 16:43:18] [WARN] Immediate rotations needed: 0
[2025-10-12 16:43:18] [WARN] Warning notifications: 0
[2025-10-12 16:43:18] [INFO] Healthy secrets: 0
[2025-10-12 16:43:18] [INFO] Total rotations performed: 0
[2025-10-12 16:43:18] [INFO] Notifications sent today: 0
[2025-10-12 16:43:18] [INFO] === Secrets Rotation Manager Completed ===
[2025-10-12 16:50:26] [INFO] === Secrets Rotation Manager Started ===
[2025-10-12 16:50:26] [INFO] Mode: Check Only
[2025-10-12 16:50:26] [INFO] Loaded rotation database from C:/Users/User/Trae/Game_project/ORCH/STATE/secrets_rotation.json
[2025-10-12 16:50:26] [INFO] Saved rotation database to C:/Users/User/Trae/Game_project/ORCH/STATE/secrets_rotation.json
[2025-10-12 16:50:26] [INFO] === Rotation Summary ===
[2025-10-12 16:50:26] [INFO] Total secrets tracked: 0
[2025-10-12 16:50:26] [INFO] Active secrets: 0
[2025-10-12 16:50:26] [ERROR] Overdue rotations: 0
[2025-10-12 16:50:26] [WARN] Immediate rotations needed: 0
[2025-10-12 16:50:26] [WARN] Warning notifications: 0
[2025-10-12 16:50:26] [INFO] Healthy secrets: 0
[2025-10-12 16:50:26] [INFO] Total rotations performed: 0
[2025-10-12 16:50:26] [INFO] Notifications sent today: 0
[2025-10-12 16:50:26] [INFO] === Secrets Rotation Manager Completed ===
[2025-10-12 16:57:47] [INFO] === Secrets Rotation Manager Started ===
[2025-10-12 16:57:47] [INFO] Mode: Check Only
[2025-10-12 16:57:47] [INFO] Loaded rotation database from C:/Users/User/Trae/Game_project/ORCH/STATE/secrets_rotation.json
[2025-10-12 16:57:47] [INFO] Saved rotation database to C:/Users/User/Trae/Game_project/ORCH/STATE/secrets_rotation.json
[2025-10-12 16:57:47] [INFO] === Rotation Summary ===
[2025-10-12 16:57:47] [INFO] Total secrets tracked: 0
[2025-10-12 16:57:47] [INFO] Active secrets: 0
[2025-10-12 16:57:47] [ERROR] Overdue rotations: 0
[2025-10-12 16:57:47] [WARN] Immediate rotations needed: 0
[2025-10-12 16:57:47] [WARN] Warning notifications: 0
[2025-10-12 16:57:47] [INFO] Healthy secrets: 0
[2025-10-12 16:57:47] [INFO] Total rotations performed: 0
[2025-10-12 16:57:47] [INFO] Notifications sent today: 0
[2025-10-12 16:57:47] [INFO] === Secrets Rotation Manager Completed ===
[2025-10-12 17:10:47] [INFO] === Secrets Rotation Manager Started ===
[2025-10-12 17:10:47] [INFO] Mode: Check Only
[2025-10-12 17:10:47] [INFO] Loaded rotation database from C:/Users/User/Trae/Game_project/ORCH/STATE/secrets_rotation.json
[2025-10-12 17:10:48] [INFO] Registered new secret for rotation: DDAB50231C5466AE (Password in Config)
[2025-10-12 17:10:48] [INFO] Registered new secret for rotation: C6E985878F495D9B (Password in Config)
[2025-10-12 17:10:48] [INFO] Registered new secret for rotation: 675CFC0CA76EE74F (Password in Config)
[2025-10-12 17:10:48] [INFO] Registered new secret for rotation: AE88F6C35CBFC886 (Password in Config)
[2025-10-12 17:10:48] [INFO] Registered new secret for rotation: FA844FA9E4D8CE51 (Password in Config)
[2025-10-12 17:10:48] [INFO] Registered new secret for rotation: DCC045F820466864 (Password in Config)
[2025-10-12 17:10:48] [INFO] Registered new secret for rotation: 1B488D759839110E (Password in Config)
[2025-10-12 17:10:48] [INFO] Registered new secret for rotation: EC51694B72DF51CF (Password in Config)
[2025-10-12 17:10:48] [INFO] Registered new secret for rotation: A26349972AFE17BF (Password in Config)
[2025-10-12 17:10:48] [INFO] Registered new secret for rotation: 820E823B26310D94 (Password in Config)
[2025-10-12 17:10:48] [INFO] Registered new secret for rotation: 05BA0BCD80120F2D (Password in Config)
[2025-10-12 17:10:48] [INFO] Registered new secret for rotation: 8DA7F8568561623F (Password in Config)
[2025-10-12 17:10:48] [INFO] Registered new secret for rotation: E2B8D5AEC6D6FDF3 (Password in Config)
[2025-10-12 17:10:48] [INFO] Registered new secret for rotation: E6FEB1A3185E0532 (Password in Config)
[2025-10-12 17:10:48] [INFO] Registered new secret for rotation: BBA53E9F3B24D7EF (Password in Config)
[2025-10-12 17:10:48] [INFO] Registered new secret for rotation: 163BA50D1CFDD79F (Password in Config)
[2025-10-12 17:10:48] [INFO] Registered new secret for rotation: FB3D25DBF0B22EE6 (Password in Config)
[2025-10-12 17:10:48] [INFO] Registered new secret for rotation: 93AF77FDF075774D (Password in Config)
[2025-10-12 17:10:48] [INFO] Registered new secret for rotation: D9975DBC3F04C0D9 (Password in Config)
[2025-10-12 17:10:48] [INFO] Registered new secret for rotation: 6673D44974DE4DC0 (Password in Config)
[2025-10-12 17:10:48] [INFO] Registered new secret for rotation: E9E207456E84DA2C (Password in Config)
[2025-10-12 17:10:48] [INFO] Registered new secret for rotation: 7FB50871C42D2D71 (Password in Config)
[2025-10-12 17:10:48] [INFO] Registered new secret for rotation: 0178FD6C5F40C968 (Password in Config)
[2025-10-12 17:10:48] [INFO] Registered new secret for rotation: 5A0BA079617DA2FE (Password in Config)
[2025-10-12 17:10:48] [INFO] Registered new secret for rotation: 76B9793ED35E19AD (Password in Config)
[2025-10-12 17:10:48] [INFO] Registered new secret for rotation: 877FB9827543F0E7 (Password in Config)
[2025-10-12 17:10:48] [INFO] Registered new secret for rotation: CC7982F3AD0432BC (Password in Config)
[2025-10-12 17:10:48] [INFO] Registered new secret for rotation: 6E774694916588AF (Password in Config)
[2025-10-12 17:10:48] [INFO] Registered new secret for rotation: 70D5930C268FB473 (Password in Config)
[2025-10-12 17:10:48] [INFO] Registered new secret for rotation: B3F1D33CD7D5FEAB (Password in Config)
[2025-10-12 17:10:48] [INFO] Registered new secret for rotation: 2F1D6D8F3BB525CD (Password in Config)
[2025-10-12 17:10:48] [INFO] Registered new secret for rotation: B0691CDBA194CA6C (Password in Config)
[2025-10-12 17:10:48] [DEBUG] Updated existing secret registration: B0691CDBA194CA6C
[2025-10-12 17:10:48] [INFO] Registered new secret for rotation: DA96C566F6AE4455 (Password in Config)
[2025-10-12 17:10:49] [INFO] Registered new secret for rotation: BBEC5DE52AA84E62 (Password in Config)
[2025-10-12 17:10:49] [INFO] Registered new secret for rotation: 2C539E908A561EC1 (Password in Config)
[2025-10-12 17:10:49] [INFO] Registered new secret for rotation: 778DE66AB96959A3 (Password in Config)
[2025-10-12 17:10:49] [INFO] Registered new secret for rotation: 422002D6B2B48B9D (Password in Config)
[2025-10-12 17:10:49] [INFO] Registered new secret for rotation: 19A7D5D7944954A8 (Password in Config)
[2025-10-12 17:10:49] [INFO] Registered new secret for rotation: 291504AEC374D8F4 (Password in Config)
[2025-10-12 17:10:49] [DEBUG] Updated existing secret registration: 291504AEC374D8F4
[2025-10-12 17:10:49] [DEBUG] Updated existing secret registration: 291504AEC374D8F4
[2025-10-12 17:10:49] [DEBUG] Updated existing secret registration: 291504AEC374D8F4
[2025-10-12 17:10:49] [DEBUG] Updated existing secret registration: 291504AEC374D8F4
[2025-10-12 17:10:49] [INFO] Registered new secret for rotation: 86E5561066981C7E (Password in Config)
[2025-10-12 17:10:49] [INFO] Registered new secret for rotation: A575D88017898BB0 (Password in Config)
[2025-10-12 17:10:49] [INFO] Registered new secret for rotation: 5A5A3294FBA21987 (Password in Config)
[2025-10-12 17:10:49] [INFO] Registered new secret for rotation: 81FA2982EC1CC5D3 (Password in Config)
[2025-10-12 17:10:49] [INFO] Registered new secret for rotation: B48AC6B0930F6926 (Password in Config)
[2025-10-12 17:10:49] [INFO] Registered new secret for rotation: 7B1E3BE715027D0A (Password in Config)
[2025-10-12 17:10:49] [INFO] Registered new secret for rotation: 1B4242488EE45DB3 (Password in Config)
[2025-10-12 17:10:49] [DEBUG] Updated existing secret registration: 1B4242488EE45DB3
[2025-10-12 17:10:49] [DEBUG] Updated existing secret registration: 1B4242488EE45DB3
[2025-10-12 17:10:49] [DEBUG] Updated existing secret registration: 1B4242488EE45DB3
[2025-10-12 17:10:49] [DEBUG] Updated existing secret registration: 1B4242488EE45DB3
[2025-10-12 17:10:49] [INFO] Registered new secret for rotation: 060E416FF84366CC (Password in Config)
[2025-10-12 17:10:49] [INFO] Registered new secret for rotation: E7C302591C498380 (Password in Config)
[2025-10-12 17:10:49] [INFO] Registered new secret for rotation: C3DCEA58D6AE4767 (Password in Config)
[2025-10-12 17:10:49] [INFO] Registered new secret for rotation: 92EBB088FC8F04AD (Password in Config)
[2025-10-12 17:10:49] [INFO] Registered new secret for rotation: 4B54E9466A5B7272 (Password in Config)
[2025-10-12 17:10:49] [INFO] Registered new secret for rotation: A27621373884F653 (Password in Config)
[2025-10-12 17:10:49] [INFO] Registered new secret for rotation: D981DCDBC813943A (Password in Config)
[2025-10-12 17:10:49] [INFO] Registered new secret for rotation: 382000A5E62C358F (Password in Config)
[2025-10-12 17:10:49] [INFO] Registered new secret for rotation: 54C2C019FA3C72AF (Password in Config)
[2025-10-12 17:10:49] [INFO] Registered new secret for rotation: 8CB8369CB78D5ACC (Password in Config)
[2025-10-12 17:10:49] [INFO] Registered new secret for rotation: C9039FBF64D198AA (Potential Secret)
[2025-10-12 17:10:49] [INFO] Registered new secret for rotation: 4CAF7BF7D153C3A8 (Password in Config)
[2025-10-12 17:10:49] [INFO] Processed 67 findings from latest scan
[2025-10-12 17:10:50] [INFO] Saved rotation database to C:/Users/User/Trae/Game_project/ORCH/STATE/secrets_rotation.json
[2025-10-12 17:10:50] [INFO] === Rotation Summary ===
[2025-10-12 17:10:50] [INFO] Total secrets tracked: 58
[2025-10-12 17:10:50] [INFO] Active secrets: 58
[2025-10-12 17:10:50] [ERROR] Overdue rotations: 0
[2025-10-12 17:10:50] [WARN] Immediate rotations needed: 0
[2025-10-12 17:10:50] [WARN] Warning notifications: 0
[2025-10-12 17:10:50] [INFO] Healthy secrets: 58
[2025-10-12 17:10:50] [INFO] Total rotations performed: 0
[2025-10-12 17:10:50] [INFO] Notifications sent today: 0
[2025-10-12 17:10:50] [INFO] === Secrets Rotation Manager Completed ===
